A, b ready
BICGSTAB: system of size 252004
    k     ‖rₖ‖      |αₖ|      |ωₖ|  timer
    0  4.5e+03   1.0e+00   1.0e+00  0.17s
    1  5.0e+08   1.0e+00   1.6e-06  0.31s
    2  1.7e+08   1.3e-06   1.4e-06  0.31s
    3  1.0e+08   2.4e-06   6.8e-07  0.31s
    4  7.0e+07   2.7e-06   6.3e-07  0.32s
    5  5.6e+07   1.9e-06   9.5e-07  0.32s
    6  4.6e+07   1.6e-06   1.0e-06  0.32s
    7  3.8e+07   2.1e-06   6.9e-07  0.32s
    8  3.3e+07   1.6e-06   1.9e-06  0.33s
    9  2.8e+07   2.1e-06   6.1e-07  0.33s
   10  2.5e+07   1.7e-06   2.6e-06  0.33s
   11  2.2e+07   2.0e-06   5.9e-07  0.33s
   12  1.9e+07   1.7e-06   3.1e-06  0.34s
   13  1.7e+07   2.0e-06   5.8e-07  0.34s
   14  1.6e+07   1.8e-06   3.2e-06  0.34s
   15  1.4e+07   2.0e-06   5.8e-07  0.34s
   16  1.3e+07   1.8e-06   3.1e-06  0.35s
   17  1.2e+07   1.9e-06   5.9e-07  0.35s
   18  1.1e+07   1.9e-06   2.9e-06  0.35s
   19  1.1e+07   1.9e-06   6.0e-07  0.35s
   20  1.0e+07   1.9e-06   2.6e-06  0.36s
   21  9.4e+06   1.9e-06   6.2e-07  0.36s
   22  8.9e+06   1.9e-06   2.3e-06  0.36s
   23  8.4e+06   1.9e-06   6.4e-07  0.36s
   24  8.0e+06   1.9e-06   2.1e-06  0.37s
   25  7.6e+06   1.9e-06   6.6e-07  0.37s
   26  7.3e+06   1.9e-06   1.9e-06  0.37s
   27  7.0e+06   1.9e-06   6.9e-07  0.38s
   28  6.7e+06   1.9e-06   1.7e-06  0.38s
   29  6.4e+06   1.9e-06   7.2e-07  0.38s
   30  6.1e+06   2.0e-06   1.5e-06  0.38s
   31  5.9e+06   1.9e-06   7.6e-07  0.39s
   32  5.7e+06   2.0e-06   1.4e-06  0.39s
   33  5.5e+06   1.9e-06   8.0e-07  0.39s
   34  5.3e+06   2.0e-06   1.3e-06  0.40s
   35  5.1e+06   1.9e-06   8.4e-07  0.40s
   36  4.9e+06   2.0e-06   1.2e-06  0.40s
   37  4.8e+06   1.9e-06   8.9e-07  0.41s
   38  4.6e+06   2.0e-06   1.1e-06  0.41s
   39  4.5e+06   1.9e-06   9.4e-07  0.41s
   40  4.4e+06   2.0e-06   1.0e-06  0.42s
   41  4.2e+06   1.9e-06   9.9e-07  0.42s
   42  4.1e+06   2.0e-06   9.7e-07  0.43s
   43  4.0e+06   1.9e-06   1.1e-06  0.43s
   44  3.9e+06   2.0e-06   9.2e-07  0.44s
   45  3.8e+06   1.8e-06   1.1e-06  0.44s
   46  3.6e+06   3.0e-06   8.5e-07  0.44s
   47  3.6e+06   5.2e-07   2.8e-06  0.45s
   48  3.6e+06   7.1e-07   5.2e-07  0.45s
   49  3.1e+06   4.1e-06   4.5e-05  0.46s
   50  3.0e+06   4.6e-08   5.1e-07  0.46s
   51  2.9e+06   4.2e-05   2.7e-06  0.47s
   52  2.5e+06   1.8e-06   8.3e-05  0.47s
   53  2.5e+06   8.0e-07   5.0e-07  0.48s
   54  2.4e+06   6.4e-07   1.3e-05  0.48s
   55  2.3e+06   3.2e-06   5.1e-07  0.48s
   56  2.1e+06   1.6e-06   9.4e-05  0.49s
   57  2.1e+06   1.0e-07   5.6e-07  0.49s
   58  2.1e+06   1.5e-04   5.2e-07  0.50s
   59  2.0e+06   5.1e-07   4.0e-06  0.50s
   60  2.0e+06   3.5e-07   3.8e-06  0.51s
   61  1.9e+06   8.4e-06   5.2e-07  0.51s
   62  1.9e+06   2.7e-07   5.4e-06  0.51s
   63  1.9e+06   2.7e-06   5.1e-07  0.52s
   64  1.7e+06   1.8e-05   2.1e-05  0.52s
   65  1.8e+06   4.7e-07   1.2e-06  0.53s
   66  1.7e+06   2.0e-06   5.7e-07  0.53s
   67  1.7e+06   2.2e-06   3.5e-06  0.54s
   68  1.7e+06   1.9e-06   7.8e-07  0.54s
   69  1.6e+06   3.3e-06   5.8e-07  0.55s
   70  1.6e+06   1.2e-06   4.2e-05  0.55s
   71  1.5e+06   4.6e-06   5.1e-07  0.55s
   72  1.5e+06   1.0e-07   5.8e-05  0.56s
   73  1.4e+06   3.6e-05   5.0e-07  0.56s
   74  1.4e+06   7.1e-07   2.2e-05  0.57s
   75  1.5e+06   1.3e-05   7.9e-07  0.57s
   76  1.4e+06   2.4e-07   4.4e-06  0.58s
   77  1.3e+06   6.8e-06   5.0e-07  0.58s
   78  1.3e+06   6.3e-07   3.8e-05  0.59s
   79  1.3e+06   1.5e-06   8.1e-07  0.59s
   80  1.2e+06   1.6e-05   5.3e-07  0.59s
   81  1.2e+06   3.8e-07   7.9e-06  0.60s
   82  1.2e+06   1.2e-06   1.6e-06  0.60s
   83  1.2e+06   6.6e-06   5.1e-07  0.61s
   84  1.1e+06   2.5e-06   3.2e-05  0.61s
   85  1.2e+06   7.4e-07   5.5e-07  0.62s
   86  1.2e+06   1.2e-06   2.4e-06  0.62s
   87  1.1e+06   2.6e-05   6.2e-07  0.62s
   88  1.1e+06   9.6e-07   6.0e-07  0.63s
   89  1.1e+06   3.3e-07   9.4e-05  0.63s
   90  1.1e+06   9.1e-06   5.5e-07  0.64s
   91  1.1e+06   1.3e-07   8.8e-07  0.64s
   92  1.0e+06   1.1e-05   1.6e-06  0.65s
   93  1.0e+06   1.4e-06   6.0e-07  0.65s
   94  1.0e+06   2.5e-06   2.7e-06  0.66s
   95  9.8e+05   2.1e-06   6.7e-07  0.66s
   96  9.7e+05   2.3e-06   1.1e-06  0.66s
   97  9.6e+05   2.2e-06   5.8e-07  0.67s
   98  9.5e+05   1.3e-06   8.3e-06  0.67s
   99  8.8e+05   1.1e-05   5.0e-07  0.68s
  100  8.8e+05   1.5e-07   2.5e-04  0.68s
  101  8.7e+05   1.5e-06   5.6e-06  0.69s
  102  8.3e+05   1.2e-05   5.1e-07  0.69s
  103  8.2e+05   5.9e-07   4.0e-06  0.69s
  104  8.2e+05   1.6e-06   7.9e-07  0.70s
  105  8.0e+05   2.7e-06   1.2e-06  0.70s
  106  7.9e+05   3.4e-06   7.0e-07  0.71s
  107  7.8e+05   1.6e-06   8.4e-07  0.71s
  108  8.0e+05   1.7e-06   1.3e-06  0.72s
  109  7.6e+05   3.1e-06   3.3e-06  0.72s
  110  7.6e+05   5.1e-07   2.1e-06  0.72s
  111  7.8e+05   1.4e-05   5.1e-07  0.73s
  112  7.5e+05   9.5e-07   9.6e-07  0.73s
  113  7.4e+05   6.1e-07   1.6e-05  0.74s
  114  7.2e+05   9.4e-06   5.2e-07  0.74s
  115  7.1e+05   8.9e-07   5.1e-05  0.74s
  116  7.0e+05   2.5e-06   5.2e-07  0.75s
  117  7.0e+05   8.1e-07   1.4e-05  0.75s
  118  7.0e+05   1.9e-06   5.2e-07  0.75s
  119  6.8e+05   6.9e-06   1.3e-06  0.75s
  120  6.7e+05   1.3e-06   7.8e-07  0.76s
  121  6.7e+05   1.4e-06   2.7e-06  0.76s
  122  6.6e+05   5.1e-06   6.3e-07  0.76s
  123  6.2e+05   2.2e-05   5.2e-07  0.76s
  124  6.3e+05   1.3e-07   1.8e-04  0.77s
  125  6.2e+05   6.2e-07   5.3e-07  0.77s
  126  6.1e+05   5.2e-06   4.7e-06  0.77s
  127  6.0e+05   2.4e-06   6.8e-07  0.77s
  128  6.0e+05   2.1e-06   8.9e-07  0.78s
  129  5.9e+05   1.6e-06   1.0e-06  0.78s
  130  5.8e+05   3.3e-06   2.5e-06  0.78s
  131  5.8e+05   3.9e-07   1.4e-06  0.78s
  132  5.7e+05   9.3e-06   5.1e-07  0.79s
  133  5.7e+05   1.2e-06   2.9e-06  0.79s
  134  5.7e+05   2.1e-07   5.6e-07  0.79s
  135  5.6e+05   8.8e-06   6.7e-05  0.80s
  136  5.7e+05   6.2e-05   5.0e-07  0.80s
  137  5.1e+05   5.8e-07   9.3e-06  0.80s
  138  5.3e+05   5.5e-07   1.5e-06  0.80s
  139  5.3e+05   5.2e-07   5.9e-06  0.81s
  140  5.3e+05   3.8e-06   5.2e-07  0.81s
  141  5.3e+05   2.6e-06   9.5e-07  0.81s
  142  5.2e+05   2.4e-06   1.1e-06  0.81s
  143  5.1e+05   1.3e-06   3.6e-06  0.82s
  144  5.2e+05   5.2e-06   5.1e-07  0.82s
  145  5.0e+05   1.7e-06   1.5e-06  0.82s
  146  5.0e+05   5.9e-07   1.5e-05  0.82s
  147  4.9e+05   5.5e-06   6.8e-07  0.83s
  148  5.0e+05   1.0e-06   5.7e-07  0.83s
  149  4.5e+05   1.7e-05   5.3e-07  0.84s
  150  4.5e+05   3.6e-07   2.2e-06  0.84s
  151  4.6e+05   8.5e-07   4.9e-04  0.84s
  152  4.4e+05   5.3e-06   5.0e-07  0.84s
  153  4.3e+05   2.0e-06   2.0e-06  0.85s
  154  4.3e+05   2.0e-06   8.4e-07  0.85s
  155  4.3e+05   1.7e-06   1.7e-06  0.85s
  156  4.2e+05   5.5e-06   6.2e-07  0.86s
  157  4.1e+05   6.7e-07   4.7e-05  0.86s
  158  4.1e+05   9.7e-07   5.7e-07  0.86s
  159  4.1e+05   3.2e-06   6.0e-07  0.87s
  160  3.9e+05   5.5e-05   2.8e-06  0.87s
  161  4.4e+05   5.1e-07   5.2e-07  0.88s
  162  4.0e+05   2.5e-07   2.7e-05  0.88s
  163  4.0e+05   4.3e-06   5.2e-07  0.89s
  164  3.9e+05   1.6e-06   1.8e-06  0.89s
  165  3.9e+05   1.5e-06   7.7e-07  0.90s
  166  3.9e+05   1.4e-06   1.5e-05  0.90s
  167  3.8e+05   6.1e-06   5.1e-07  0.90s
  168  3.8e+05   1.2e-06   1.3e-06  0.91s
  169  3.8e+05   5.6e-06   7.4e-07  0.91s
  170  3.8e+05   1.5e-06   2.3e-06  0.91s
  171  3.5e+05   7.2e-06   5.4e-07  0.91s
  172  3.4e+05   3.2e-07   3.1e-06  0.92s
  173  3.7e+05   8.8e-07   4.4e-05  0.92s
  174  3.6e+05   3.4e-06   5.5e-07  0.92s
  175  3.6e+05   2.6e-06   8.4e-07  0.92s
  176  3.6e+05   1.4e-06   1.2e-06  0.93s
  177  3.5e+05   1.7e-06   3.5e-06  0.93s
  178  3.5e+05   1.4e-06   5.2e-07  0.93s
  179  3.5e+05   3.9e-06   1.1e-06  0.93s
  180  3.5e+05   7.8e-07   2.2e-05  0.94s
  181  3.4e+05   1.0e-05   5.2e-07  0.94s
  182  4.1e+05   5.4e-05   6.5e-07  0.94s
  183  4.0e+05   1.9e-08   5.5e-07  0.94s
  184  3.4e+05   8.0e-07   7.9e-05  0.95s
  185  3.4e+05   1.3e-05   4.7e-06  0.95s
  186  3.3e+05   2.4e-06   5.2e-07  0.95s
  187  3.3e+05   5.8e-07   9.3e-07  0.95s
  188  3.3e+05   1.7e-06   9.1e-07  0.96s
  189  3.2e+05   3.8e-06   5.0e-06  0.96s
  190  3.2e+05   2.2e-06   5.2e-07  0.96s
  191  3.2e+05   1.2e-06   1.3e-05  0.96s
  192  3.1e+05   4.6e-06   6.0e-07  0.97s
  193  3.1e+05   1.3e-06   6.8e-07  0.97s
  194  3.1e+05   1.9e-06   2.6e-06  0.97s
  195  3.1e+05   2.1e-06   6.0e-07  0.98s
  196  3.0e+05   3.7e-06   1.4e-06  0.98s
  197  3.0e+05   5.3e-07   1.5e-05  0.98s
  198  3.0e+05   1.6e-06   5.0e-07  0.98s
  199  3.7e+05   6.3e-05   7.7e-07  0.99s
  200  3.6e+05   1.1e-07   9.1e-06  0.99s
  201  3.0e+05   2.0e-06   4.4e-06  0.99s
  202  2.9e+05   1.6e-06   8.7e-07  0.99s
  203  2.9e+05   1.8e-07   4.6e-06  1.00s
  204  2.9e+05   3.6e-05   5.0e-07  1.00s
  205  2.9e+05   1.2e-05   6.3e-07  1.00s
  206  2.8e+05   2.0e-07   4.8e-04  1.00s
  207  2.7e+05   4.7e-06   5.1e-07  1.01s
  208  2.7e+05   7.5e-07   1.1e-06  1.01s
  209  2.7e+05   1.3e-05   7.1e-07  1.01s
  210  2.6e+05   8.1e-07   1.1e-06  1.01s
  211  2.6e+05   5.9e-07   6.3e-06  1.02s
  212  2.6e+05   7.0e-07   3.0e-06  1.02s
  213  2.6e+05   2.1e-07   7.0e-07  1.02s
  214  2.6e+05   1.7e-04   5.3e-07  1.02s
  215  2.6e+05   1.6e-06   6.7e-06  1.03s
  216  2.5e+05   1.1e-06   6.7e-07  1.03s
  217  2.5e+05   3.2e-06   1.0e-05  1.03s
  218  2.5e+05   1.6e-06   5.1e-07  1.03s
  219  2.5e+05   1.8e-06   1.6e-05  1.04s
  220  2.5e+05   4.4e-06   5.0e-07  1.04s
  221  2.5e+05   1.1e-06   1.0e-06  1.04s
  222  2.4e+05   2.1e-06   1.2e-04  1.05s
  223  2.4e+05   7.9e-07   7.2e-07  1.05s
  224  2.4e+05   6.4e-06   6.5e-07  1.05s
  225  2.4e+05   1.1e-07   1.2e-06  1.05s
  226  2.4e+05   2.4e-05   1.2e-06  1.06s
  227  2.3e+05   2.0e-06   9.5e-06  1.06s
  228  3.3e+05   2.4e-04   5.0e-07  1.06s
  229  2.3e+05   2.0e-08   1.5e-06  1.06s
  230  2.3e+05   2.1e-06   4.8e-06  1.07s
  231  2.3e+05   5.1e-07   2.0e-06  1.07s
  232  2.3e+05   3.2e-07   9.8e-07  1.07s
  233  2.3e+05   1.8e-05   5.4e-07  1.07s
  234  2.2e+05   1.6e-06   2.9e-04  1.08s
  235  2.2e+05   6.4e-06   5.2e-07  1.08s
  236  2.2e+05   3.4e-07   7.3e-07  1.08s
  237  2.2e+05   7.2e-06   5.2e-07  1.08s
  238  2.1e+05   5.0e-06   7.0e-07  1.09s
  239  2.7e+05   8.3e-06   8.9e-07  1.09s
  240  2.1e+05   3.1e-07   4.3e-05  1.09s
  241  2.1e+05   6.6e-07   1.0e-05  1.09s
  242  2.1e+05   1.7e-06   5.5e-07  1.10s
  243  2.2e+05   4.8e-05   5.2e-07  1.10s
  244  2.2e+05   1.7e-07   1.8e-06  1.10s
  245  2.1e+05   3.4e-06   8.5e-07  1.10s
  246  2.0e+05   1.6e-06   7.3e-07  1.11s
  247  2.0e+05   3.2e-07   6.9e-05  1.11s
  248  2.0e+05   1.6e-05   5.0e-07  1.11s
  249  1.9e+05   1.3e-06   4.9e-04  1.11s
  250  1.9e+05   1.0e-06   8.1e-07  1.12s
  251  1.9e+05   5.9e-06   7.5e-07  1.12s
  252  1.9e+05   1.1e-06   1.5e-06  1.12s
  253  1.9e+05   1.2e-06   5.5e-07  1.13s
  254  1.9e+05   5.7e-07   1.1e-05  1.13s
  255  1.9e+05   3.1e-07   1.3e-06  1.13s
  256  1.9e+05   5.5e-05   9.4e-07  1.13s
  257  1.8e+05   1.9e-06   5.4e-07  1.14s
  258  1.8e+05   1.4e-06   4.0e-06  1.14s
  259  1.9e+05   1.8e-05   5.0e-07  1.14s
  260  1.8e+05   1.9e-07   6.6e-05  1.14s
  261  1.8e+05   2.7e-06   6.6e-07  1.15s
  262  1.8e+05   2.6e-06   1.4e-06  1.15s
  263  1.8e+05   2.2e-06   2.5e-06  1.15s
  264  1.8e+05   2.0e-06   7.0e-07  1.15s
  265  1.8e+05   2.8e-05   6.2e-07  1.16s
  266  1.7e+05   2.3e-07   1.4e-05  1.16s
  267  1.7e+05   4.8e-07   8.4e-07  1.16s
  268  1.7e+05   3.6e-06   1.5e-06  1.16s
  269  1.7e+05   5.3e-06   5.4e-07  1.17s
  270  1.7e+05   4.8e-07   3.4e-05  1.17s
  271  1.7e+05   1.8e-06   5.9e-07  1.17s
  272  1.7e+05   1.1e-06   2.2e-06  1.17s
  273  1.7e+05   1.1e-05   5.2e-07  1.18s
  274  1.7e+05   9.3e-07   5.2e-05  1.18s
  275  1.6e+05   1.4e-05   9.6e-07  1.18s
  276  1.6e+05   3.2e-07   1.3e-06  1.19s
  277  1.6e+05   5.4e-06   5.0e-07  1.19s
  278  1.6e+05   2.7e-07   1.4e-05  1.19s
  279  1.6e+05   5.6e-06   9.3e-07  1.19s
  280  1.6e+05   4.2e-06   2.3e-06  1.20s
  281  1.6e+05   6.0e-07   3.0e-06  1.20s
  282  1.6e+05   1.6e-06   6.9e-07  1.20s
  283  1.6e+05   1.9e-06   6.2e-07  1.21s
  284  1.6e+05   1.1e-05   7.8e-07  1.21s
  285  1.6e+05   1.4e-06   5.8e-07  1.22s
  286  1.5e+05   7.0e-07   1.5e-04  1.22s
  287  1.5e+05   1.1e-05   1.3e-06  1.22s
  288  1.5e+05   2.6e-07   9.9e-07  1.22s
  289  1.5e+05   1.5e-05   5.2e-07  1.23s
  290  1.5e+05   5.2e-07   6.5e-06  1.23s
  291  1.5e+05   1.7e-06   7.0e-07  1.23s
  292  1.5e+05   3.2e-07   7.0e-06  1.23s
  293  1.5e+05   2.9e-05   5.0e-07  1.24s
  294  1.5e+05   1.1e-06   7.7e-06  1.24s
  295  1.5e+05   1.2e-05   7.1e-07  1.24s
  296  1.5e+05   2.1e-07   2.8e-06  1.25s
  297  1.4e+05   1.2e-05   5.0e-07  1.25s
  298  1.4e+05   2.3e-07   4.3e-06  1.25s
  299  1.4e+05   2.2e-06   8.4e-06  1.25s
  300  1.4e+05   2.5e-05   5.3e-07  1.26s
  301  1.4e+05   1.5e-07   1.7e-06  1.26s
  302  1.4e+05   6.3e-06   1.3e-06  1.26s
  303  1.4e+05   3.1e-06   5.2e-07  1.26s
  304  1.4e+05   2.1e-07   9.4e-05  1.27s
  305  1.4e+05   6.3e-06   6.2e-07  1.27s
  306  1.4e+05   3.1e-06   1.7e-06  1.27s
  307  1.4e+05   1.9e-06   7.0e-07  1.27s
  308  1.3e+05   4.6e-06   1.8e-06  1.28s
  309  1.3e+05   1.2e-05   5.9e-07  1.28s
  310  1.3e+05   8.3e-08   5.7e-05  1.28s
  311  1.3e+05   1.6e-06   5.5e-07  1.28s
  312  1.3e+05   1.9e-06   9.2e-07  1.29s
  313  1.3e+05   4.9e-06   6.9e-07  1.29s
  314  1.3e+05   2.0e-06   2.4e-06  1.29s
  315  1.3e+05   1.5e-06   5.8e-07  1.29s
  316  1.3e+05   2.5e-06   3.4e-06  1.30s
  317  1.3e+05   3.2e-06   6.8e-07  1.30s
  318  1.3e+05   1.2e-06   2.1e-06  1.30s
  319  1.3e+05   3.6e-06   5.4e-07  1.31s
  320  1.3e+05   5.8e-06   1.8e-04  1.31s
  321  1.2e+05   1.4e-06   5.0e-07  1.31s
  322  1.2e+05   1.4e-06   1.8e-06  1.31s
  323  1.2e+05   1.2e-07   1.5e-06  1.32s
  324  1.2e+05   6.7e-06   4.5e-06  1.32s
  325  1.2e+05   8.2e-06   1.3e-06  1.32s
  326  1.2e+05   1.6e-06   6.2e-07  1.33s
  327  1.2e+05   4.0e-06   5.6e-07  1.33s
  328  1.2e+05   1.3e-06   1.7e-04  1.33s
  329  1.2e+05   1.4e-06   5.0e-07  1.33s
  330  1.2e+05   1.9e-07   1.8e-06  1.34s
  331  1.2e+05   3.1e-06   3.0e-06  1.34s
  332  1.2e+05   6.9e-06   1.0e-06  1.34s
  333  1.2e+05   4.6e-06   5.8e-07  1.35s
  334  1.2e+05   8.1e-07   2.5e-05  1.35s
  335  1.2e+05   2.0e-06   7.2e-07  1.36s
  336  1.1e+05   2.5e-05   5.5e-07  1.36s
  337  1.1e+05   4.3e-07   1.5e-05  1.36s
  338  1.1e+05   1.3e-06   5.1e-07  1.36s
  339  1.1e+05   4.7e-07   1.5e-06  1.37s
  340  1.1e+05   2.6e-07   4.2e-06  1.37s
  341  1.1e+05   5.2e-05   8.0e-07  1.37s
  342  1.1e+05   2.2e-06   5.3e-07  1.38s
  343  1.1e+05   8.4e-07   5.5e-05  1.38s
  344  1.1e+05   5.4e-06   6.0e-07  1.38s
  345  1.1e+05   1.6e-06   8.9e-07  1.38s
  346  1.1e+05   1.7e-06   2.8e-06  1.39s
  347  1.1e+05   7.7e-06   5.1e-07  1.39s
  348  1.1e+05   2.1e-06   1.4e-06  1.39s
  349  1.1e+05   1.9e-07   2.9e-06  1.39s
  350  1.1e+05   3.2e-06   2.5e-06  1.40s
  351  1.1e+05   1.9e-07   8.0e-07  1.40s
  352  1.1e+05   6.5e-05   7.1e-07  1.40s
  353  1.1e+05   1.1e-06   6.8e-06  1.40s
  354  1.1e+05   2.2e-05   5.0e-07  1.41s
  355  1.1e+05   6.2e-08   1.1e-06  1.41s
  356  1.0e+05   4.3e-06   2.9e-04  1.41s
  357  1.0e+05   8.7e-06   5.0e-07  1.41s
  358  1.0e+05   3.2e-07   1.7e-06  1.42s
  359  1.0e+05   5.7e-06   8.9e-07  1.42s
  360  1.0e+05   1.2e-06   3.8e-06  1.42s
  361  1.0e+05   2.2e-06   6.9e-07  1.42s
  362  1.1e+05   3.8e-05   5.5e-07  1.43s
  363  9.9e+04   7.7e-08   6.8e-05  1.43s
  364  9.8e+04   8.0e-07   5.1e-07  1.43s
  365  9.9e+04   4.2e-06   4.8e-06  1.43s
  366  9.8e+04   3.4e-06   9.9e-07  1.44s
  367  9.7e+04   1.7e-06   1.0e-06  1.44s
  368  9.7e+04   1.0e-06   2.7e-06  1.44s
  369  9.6e+04   5.1e-06   5.4e-07  1.45s
  370  9.5e+04   2.1e-06   3.6e-06  1.45s
  371  9.5e+04   3.2e-06   5.0e-07  1.45s
  372  9.4e+04   1.8e-06   5.9e-05  1.45s
  373  9.4e+04   1.3e-07   6.4e-07  1.46s
  374  9.3e+04   2.0e-05   5.4e-07  1.46s
  375  9.4e+04   5.4e-07   2.0e-06  1.46s
  376  9.2e+04   1.6e-05   6.2e-07  1.46s
  377  9.3e+04   4.4e-06   5.3e-07  1.47s
  378  7.2e+04   8.8e-08   5.9e-03  1.47s
  379  6.8e+04   2.6e-06   9.0e-07  1.47s
  380  6.7e+04   5.5e-06   5.0e-07  1.47s
  381  6.6e+04   1.3e-06   1.2e-06  1.48s
  382  6.6e+04   2.2e-06   8.1e-06  1.48s
  383  6.6e+04   3.1e-06   6.4e-07  1.48s
  384  6.5e+04   1.8e-06   2.0e-06  1.48s
  385  6.5e+04   3.6e-06   7.4e-07  1.49s
  386  6.5e+04   1.3e-07   2.2e-06  1.49s
  387  6.4e+04   2.4e-05   1.4e-06  1.49s
  388  6.4e+04   1.1e-06   2.5e-06  1.49s
  389  6.4e+04   7.7e-07   5.4e-07  1.50s
  390  6.4e+04   3.1e-06   7.5e-07  1.50s
  391  6.5e+04   6.3e-06   3.5e-06  1.50s
  392  6.3e+04   1.7e-06   6.1e-07  1.51s
  393  6.3e+04   1.3e-06   1.8e-06  1.51s
  394  6.3e+04   9.6e-07   8.0e-06  1.51s
  395  6.3e+04   7.2e-06   5.0e-07  1.51s
  396  5.8e+04   1.3e-06   2.0e-03  1.52s
  397  5.7e+04   5.8e-07   7.3e-07  1.52s
  398  5.7e+04   1.8e-05   5.2e-07  1.52s
  399  5.5e+04   2.1e-06   1.0e-06  1.52s
  400  5.5e+04   5.7e-07   1.4e-06  1.53s
  401  5.5e+04   1.4e-06   5.8e-07  1.53s
  402  5.5e+04   2.2e-06   3.2e-06  1.53s
  403  5.5e+04   2.2e-06   5.3e-07  1.53s
  404  5.4e+04   1.6e-06   2.3e-05  1.54s
  405  5.4e+04   2.6e-06   5.2e-07  1.54s
  406  5.4e+04   1.9e-06   7.4e-06  1.55s
  407  5.3e+04   1.7e-05   8.9e-07  1.55s
  408  5.3e+04   3.4e-07   8.5e-07  1.56s
  409  5.3e+04   1.1e-06   5.5e-07  1.56s
  410  5.3e+04   2.0e-06   3.3e-05  1.56s
  411  5.2e+04   5.0e-06   5.0e-07  1.57s
  412  5.2e+04   1.3e-06   1.5e-06  1.57s
  413  5.2e+04   1.4e-06   4.3e-05  1.58s
  414  5.3e+04   9.2e-06   7.8e-07  1.58s
  415  5.5e+04   3.5e-05   6.1e-07  1.59s
  416  5.1e+04   1.6e-07   8.9e-07  1.59s
  417  6.0e+04   8.3e-06   5.6e-07  1.60s
  418  5.1e+04   2.8e-08   2.4e-05  1.60s
  419  5.1e+04   2.0e-06   1.1e-06  1.60s
  420  5.0e+04   1.2e-05   9.6e-07  1.61s
  421  5.0e+04   1.8e-06   5.7e-07  1.61s
  422  5.0e+04   6.3e-07   6.9e-06  1.62s
  423  5.0e+04   1.6e-06   5.1e-07  1.62s
  424  4.9e+04   2.8e-06   2.2e-04  1.63s
  425  4.9e+04   3.0e-06   6.8e-07  1.63s
  426  4.8e+04   2.7e-06   5.3e-07  1.64s
  427  4.8e+04   1.1e-06   4.4e-06  1.64s
  428  4.9e+04   5.1e-06   5.3e-07  1.64s
  429  4.9e+04   3.3e-07   1.3e-06  1.65s
  430  4.8e+04   7.2e-06   1.0e-06  1.65s
  431  4.7e+04   1.0e-06   5.6e-06  1.66s
  432  4.7e+04   4.0e-06   5.1e-07  1.66s
  433  4.7e+04   2.3e-06   7.7e-06  1.67s
  434  4.7e+04   1.2e-06   9.3e-07  1.67s
  435  4.7e+04   2.8e-06   6.8e-07  1.68s
  436  4.6e+04   2.6e-06   1.0e-06  1.68s
  437  4.6e+04   8.2e-07   2.3e-06  1.69s
  438  4.6e+04   3.3e-06   7.4e-07  1.69s
  439  4.3e+04   5.5e-05   5.0e-07  1.69s
  440  4.5e+04   8.6e-08   6.4e-04  1.70s
  441  4.5e+04   1.2e-06   1.2e-06  1.70s
  442  4.4e+04   7.0e-06   5.7e-07  1.71s
  443  4.4e+04   9.7e-07   6.5e-06  1.71s
  444  4.4e+04   1.1e-06   2.2e-06  1.72s
  445  4.4e+04   3.4e-06   5.2e-07  1.72s
  446  4.4e+04   2.0e-07   9.5e-06  1.73s
  447  4.3e+04   3.1e-05   5.8e-07  1.73s
  448  4.3e+04   1.3e-06   2.2e-06  1.74s
  449  4.3e+04   1.5e-06   9.4e-07  1.74s
  450  4.2e+04   1.3e-05   5.0e-07  1.74s
  451  4.2e+04   3.0e-07   7.5e-05  1.75s
  452  4.2e+04   2.3e-06   9.0e-07  1.75s
  453  4.2e+04   3.4e-06   5.4e-07  1.76s
  454  4.2e+04   1.6e-06   5.3e-06  1.76s
  455  4.2e+04   1.4e-06   5.7e-07  1.77s
  456  4.1e+04   3.3e-06   1.7e-06  1.77s
  457  4.2e+04   2.3e-06   6.6e-07  1.78s
  458  4.1e+04   6.9e-07   3.8e-05  1.78s
  459  4.1e+04   1.2e-05   5.2e-07  1.78s
  460  4.0e+04   9.2e-07   9.0e-06  1.79s
  461  4.0e+04   1.1e-06   6.0e-07  1.79s
  462  4.0e+04   5.6e-07   1.1e-06  1.80s
  463  4.0e+04   7.5e-06   5.2e-07  1.80s
  464  4.0e+04   3.0e-06   1.5e-06  1.81s
  465  4.0e+04   1.2e-06   6.3e-06  1.81s
  466  4.0e+04   2.3e-06   5.1e-07  1.82s
  467  4.0e+04   1.4e-07   3.0e-05  1.82s
  468  3.9e+04   1.8e-05   5.6e-07  1.83s
  469  3.9e+04   1.4e-06   3.0e-05  1.83s
  470  3.9e+04   2.9e-05   6.5e-07  1.83s
  471  4.0e+04   3.0e-07   9.8e-07  1.84s
  472  4.0e+04   7.0e-06   5.2e-07  1.84s
  473  3.9e+04   1.5e-06   2.4e-06  1.85s
  474  3.7e+04   3.9e-06   5.2e-07  1.85s
  475  3.7e+04   1.7e-06   1.2e-06  1.86s
  476  5.2e+04   2.5e-06   9.5e-07  1.86s
  477  4.3e+04   4.3e-07   1.5e-04  1.87s
  478  4.3e+04   1.4e-06   6.0e-07  1.87s
  479  4.3e+04   8.9e-07   5.2e-06  1.87s
  480  4.2e+04   8.7e-06   5.7e-07  1.88s
  481  4.1e+04   2.3e-06   1.5e-06  1.88s
  482  3.7e+04   1.2e-05   5.0e-07  1.89s
  483  3.7e+04   2.2e-07   3.4e-06  1.89s
  484  3.7e+04   7.9e-07   1.8e-06  1.90s
  485  3.7e+04   2.5e-06   2.3e-05  1.90s
  486  3.7e+04   3.2e-06   5.1e-07  1.91s
  487  3.9e+04   7.0e-06   8.2e-07  1.91s
  488  3.7e+04   2.6e-07   4.1e-05  1.91s
  489  3.7e+04   2.5e-06   6.8e-07  1.92s
  490  3.6e+04   1.7e-06   6.8e-07  1.92s
  491  3.6e+04   2.1e-06   6.1e-07  1.93s
  492  3.6e+04   1.7e-06   5.5e-06  1.93s
  493  3.6e+04   2.1e-06   5.0e-07  1.94s
  494  3.5e+04   1.4e-05   2.1e-06  1.94s
  495  3.6e+04   1.1e-06   2.4e-06  1.95s
  496  3.6e+04   4.3e-07   8.7e-06  1.95s
  497  3.6e+04   6.7e-06   5.3e-07  1.95s
  498  3.4e+04   5.8e-06   1.1e-06  1.96s
  499  3.5e+04   3.2e-07   5.4e-06  1.96s
  500  3.5e+04   1.7e-06   5.3e-07  1.97s
  501  3.5e+04   1.9e-06   6.0e-06  1.97s
  502  3.5e+04   3.1e-06   5.2e-07  1.98s
  503  3.5e+04   1.2e-06   3.2e-05  1.98s
  504  3.5e+04   1.6e-06   6.6e-07  1.99s
  505  3.4e+04   6.1e-06   9.4e-07  1.99s
  506  3.4e+04   4.1e-06   8.3e-07  1.99s
  507  3.4e+04   1.2e-07   1.9e-04  2.00s
  508  3.4e+04   1.1e-07   5.5e-07  2.00s
  509  3.4e+04   1.3e-04   5.0e-07  2.01s
  510  3.4e+04   3.2e-06   1.0e-06  2.01s
  511  3.4e+04   1.3e-06   1.6e-06  2.02s
  512  3.4e+04   2.2e-06   7.5e-07  2.02s
  513  3.5e+04   6.9e-05   5.6e-07  2.03s
  514  3.3e+04   8.4e-08   1.3e-04  2.03s
  515  3.3e+04   1.8e-06   5.5e-07  2.03s
  516  3.3e+04   1.5e-06   9.9e-07  2.04s
  517  3.3e+04   2.3e-06   4.2e-06  2.04s
  518  3.3e+04   1.5e-06   8.1e-07  2.05s
  519  3.2e+04   2.3e-06   5.0e-07  2.05s
  520  3.2e+04   6.9e-07   4.0e-05  2.06s
  521  3.2e+04   2.0e-06   2.6e-06  2.06s
  522  3.2e+04   5.6e-06   8.7e-07  2.06s
  523  3.2e+04   8.5e-07   6.3e-07  2.06s
  524  3.2e+04   2.0e-06   1.3e-06  2.07s
  525  3.2e+04   1.0e-06   7.5e-07  2.07s
  526  3.2e+04   1.2e-05   1.3e-06  2.07s
  527  3.2e+04   3.4e-06   5.3e-07  2.08s
  528  3.2e+04   3.1e-07   2.0e-05  2.08s
  529  3.2e+04   1.2e-05   5.1e-07  2.08s
  530  3.2e+04   1.4e-06   2.3e-05  2.08s
  531  3.2e+04   1.1e-06   5.1e-07  2.09s
  532  3.2e+04   2.6e-07   3.9e-05  2.09s
  533  3.2e+04   8.9e-07   3.0e-06  2.09s
  534  3.2e+04   4.0e-06   6.5e-07  2.09s
  535  3.2e+04   3.3e-06   1.3e-06  2.10s
  536  3.2e+04   1.1e-05   5.5e-07  2.10s
  537  3.3e+04   2.8e-06   3.9e-06  2.10s
  538  3.3e+04   6.4e-07   6.6e-07  2.10s
  539  3.1e+04   6.1e-06   4.8e-06  2.11s
  540  3.1e+04   2.7e-06   5.1e-07  2.11s
  541  3.1e+04   1.7e-06   1.3e-06  2.11s
  542  3.2e+04   1.9e-05   1.2e-06  2.11s
  543  3.1e+04   1.2e-07   9.8e-06  2.12s
  544  3.1e+04   1.0e-06   5.0e-07  2.12s
  545  3.1e+04   5.5e-06   9.3e-05  2.12s
  546  3.0e+04   5.4e-08   6.6e-07  2.12s
  547  3.0e+04   7.8e-05   1.3e-06  2.13s
  548  3.0e+04   7.2e-07   4.9e-06  2.13s
  549  3.0e+04   1.6e-06   5.1e-07  2.13s
  550  3.1e+04   5.0e-05   5.8e-07  2.13s
  551  3.0e+04   2.2e-08   1.1e-05  2.14s
  552  3.0e+04   7.6e-06   1.6e-06  2.14s
  553  3.0e+04   7.1e-06   5.3e-07  2.14s
  554  3.0e+04   8.6e-07   5.9e-06  2.14s
  555  3.0e+04   2.3e-06   1.1e-06  2.15s
  556  3.0e+04   2.4e-06   7.1e-07  2.15s
  557  3.0e+04   1.9e-06   6.0e-07  2.15s
  558  3.0e+04   2.3e-06   6.5e-07  2.16s
  559  5.2e+04   1.1e-05   1.4e-06  2.16s
  560  5.8e+04   1.5e-06   5.8e-07  2.16s
  561  9.4e+04   9.5e-06   6.6e-07  2.16s
  562  7.4e+04   1.5e-07   1.7e-03  2.17s
  563  4.9e+04   5.5e-06   5.2e-07  2.17s
  564  2.9e+04   2.1e-06   1.8e-06  2.17s
  565  2.9e+04   8.3e-07   5.9e-07  2.17s
  566  2.8e+04   8.9e-07   3.9e-06  2.18s
  567  2.7e+04   2.2e-06   5.9e-07  2.18s
  568  2.8e+04   1.1e-06   6.1e-06  2.18s
  569  2.8e+04   1.9e-06   2.4e-06  2.18s
  570  2.8e+04   2.3e-06   5.1e-07  2.19s
  571  2.8e+04   1.4e-06   2.4e-05  2.19s
  572  2.9e+04   2.8e-05   5.3e-07  2.19s
  573  2.8e+04   1.3e-07   9.1e-07  2.19s
  574  2.8e+04   9.9e-08   9.6e-07  2.20s
  575  2.8e+04   2.8e-05   7.5e-06  2.20s
  576  2.8e+04   5.9e-06   5.2e-07  2.20s
  577  2.8e+04   1.9e-07   1.3e-05  2.20s
  578  2.8e+04   3.1e-06   5.6e-07  2.21s
  579  3.1e+04   1.2e-04   6.2e-07  2.21s
  580  2.8e+04   1.2e-07   1.7e-06  2.21s
  581  2.8e+04   2.2e-06   5.1e-07  2.21s
  582  2.8e+04   9.5e-07   7.5e-04  2.22s
  583  3.1e+04   2.8e-06   5.4e-07  2.22s
  584  2.8e+04   1.1e-07   1.5e-06  2.22s
  585  2.9e+04   5.0e-05   6.1e-07  2.22s
  586  2.9e+04   3.6e-07   1.6e-06  2.23s
  587  3.0e+04   2.5e-05   5.0e-07  2.23s
  588  2.9e+04   2.2e-07   1.7e-06  2.23s
  589  3.0e+04   2.8e-06   7.5e-06  2.23s
  590  3.0e+04   8.7e-07   5.7e-07  2.24s
  591  3.0e+04   1.2e-06   3.1e-06  2.24s
  592  3.0e+04   1.2e-07   1.3e-06  2.24s
  593  3.2e+04   2.2e-03   6.0e-07  2.24s
  594  3.0e+04   1.2e-08   2.1e-05  2.25s
  595  3.0e+04   8.4e-07   5.5e-07  2.25s
  596  3.9e+04   1.2e-03   5.3e-07  2.25s
  597  2.9e+04   2.1e-08   7.7e-07  2.25s
  598  3.0e+04   1.8e-06   2.4e-06  2.26s
  599  2.9e+04   2.3e-06   2.8e-06  2.26s
  600  2.9e+04   4.8e-07   5.3e-07  2.26s
  601  2.9e+04   1.6e-06   2.4e-04  2.27s
  602  2.9e+04   1.3e-06   5.1e-07  2.27s
  603  2.9e+04   3.2e-06   8.7e-07  2.27s
  604  2.9e+04   2.5e-06   5.3e-07  2.27s
  605  2.9e+04   2.6e-06   1.3e-06  2.28s
  606  2.9e+04   3.4e-07   1.9e-05  2.28s
  607  2.9e+04   6.9e-06   7.8e-07  2.28s
  608  3.0e+04   1.3e-06   5.9e-07  2.28s
  609  3.0e+04   4.5e-06   9.1e-07  2.29s
  610  3.0e+04   3.8e-06   5.3e-07  2.29s
  611  3.0e+04   2.5e-07   2.7e-04  2.29s
  612  3.0e+04   5.6e-06   6.0e-07  2.29s
  613  3.2e+04   1.2e-05   5.5e-07  2.30s
  614  3.1e+04   3.0e-07   1.9e-06  2.30s
  615  3.1e+04   2.7e-07   1.3e-06  2.30s
  616  3.0e+04   3.9e-05   6.4e-07  2.30s
  617  3.2e+04   3.3e-06   5.9e-07  2.31s
  618  2.8e+04   9.0e-06   5.3e-07  2.31s
  619  3.1e+04   3.0e-07   2.1e-06  2.31s
  620  3.6e+04   4.3e-07   2.6e-05  2.31s
  621  3.6e+04   9.3e-07   5.5e-06  2.32s
  622  3.6e+04   6.3e-07   6.3e-07  2.32s
  623  3.7e+04   2.5e-05   5.1e-07  2.32s
  624  3.6e+04   8.1e-08   2.4e-06  2.33s
  625  3.4e+04   3.3e-05   5.6e-07  2.33s
  626  3.4e+04   2.3e-07   3.1e-06  2.33s
  627  3.4e+04   1.7e-06   2.1e-05  2.33s
  628  3.4e+04   3.9e-06   8.0e-07  2.34s
  629  3.4e+04   1.5e-07   1.3e-06  2.34s
  630  3.4e+04   3.4e-05   5.0e-07  2.34s
  631  3.4e+04   1.1e-06   2.4e-05  2.34s
  632  3.4e+04   4.6e-06   7.3e-07  2.35s
  633  3.4e+04   9.0e-07   9.2e-07  2.35s
  634  3.4e+04   2.4e-07   7.3e-07  2.35s
  635  3.5e+04   3.2e-05   7.0e-06  2.35s
  636  3.6e+04   2.1e-06   5.2e-07  2.36s
  637  3.7e+04   4.9e-06   1.1e-06  2.36s
  638  3.7e+04   4.2e-07   3.9e-05  2.36s
  639  3.6e+04   3.4e-06   5.0e-07  2.36s
  640  3.8e+04   1.6e-06   3.1e-05  2.37s
  641  3.8e+04   4.2e-07   1.1e-06  2.37s
  642  3.9e+04   8.7e-06   2.6e-06  2.37s
  643  4.0e+04   1.8e-06   6.5e-07  2.37s
  644  4.0e+04   1.7e-07   4.2e-06  2.38s
  645  4.1e+04   1.4e-04   5.3e-07  2.38s
  646  4.2e+04   8.6e-07   2.0e-06  2.38s
  647  4.0e+04   9.5e-07   1.0e-06  2.38s
  648  4.0e+04   1.3e-06   5.4e-07  2.39s
  649  4.2e+04   2.9e-05   7.0e-07  2.39s
  650  4.1e+04   2.7e-07   5.8e-05  2.39s
  651  4.3e+04   4.7e-06   5.0e-07  2.40s
  652  4.2e+04   2.7e-07   2.6e-04  2.40s
  653  4.4e+04   1.6e-05   7.8e-07  2.40s
  654  4.0e+04   1.5e-06   5.9e-07  2.40s
  655  4.1e+04   1.4e-06   6.3e-07  2.41s
  656  4.6e+04   2.6e-06   1.3e-06  2.41s
  657  5.1e+04   2.1e-06   1.7e-06  2.41s
  658  5.1e+04   3.3e-07   1.9e-06  2.41s
  659  5.2e+04   5.7e-06   5.2e-07  2.42s
  660  5.2e+04   1.5e-06   3.0e-06  2.42s
  661  5.2e+04   1.3e-06   2.0e-06  2.42s
  662  5.2e+04   2.4e-07   9.9e-07  2.42s
  663  5.2e+04   2.6e-05   5.1e-07  2.43s
  664  5.3e+04   4.6e-06   1.0e-05  2.43s
  665  5.5e+04   2.4e-06   5.8e-07  2.43s
  666  4.8e+04   5.3e-06   1.9e-04  2.43s
  667  5.1e+04   9.4e-07   5.0e-07  2.44s
  668  5.0e+04   3.8e-07   7.8e-06  2.44s
  669  5.0e+04   4.1e-06   9.1e-07  2.44s
  670  5.0e+04   3.2e-07   1.5e-05  2.44s
  671  5.0e+04   2.4e-06   5.3e-07  2.45s
  672  5.0e+04   3.9e-06   1.5e-06  2.45s
  673  5.0e+04   5.4e-06   5.8e-07  2.45s
  674  5.0e+04   3.5e-07   3.0e-05  2.45s
  675  5.0e+04   3.7e-06   5.3e-07  2.46s
  676  4.9e+04   1.5e-05   7.6e-07  2.46s
  677  3.3e+04   1.6e-05   6.9e-07  2.46s
  678  8.8e+04   9.9e-07   1.1e-06  2.46s
  679  8.5e+04   3.8e-07   5.8e-07  2.47s
  680  5.0e+04   3.3e-06   5.8e-06  2.47s
  681  4.7e+04   8.1e-07   1.6e-06  2.47s
  682  4.6e+04   1.1e-06   3.6e-06  2.48s
  683  4.7e+04   4.9e-06   5.0e-07  2.48s
  684  4.9e+04   4.9e-06   1.1e-05  2.48s
  685  4.8e+04   2.4e-07   1.7e-06  2.48s
  686  4.7e+04   6.0e-06   7.8e-07  2.49s
  687  5.2e+04   1.8e-06   3.4e-06  2.49s
  688  5.4e+04   1.2e-06   1.2e-06  2.49s
  689  5.6e+04   2.3e-06   7.0e-07  2.49s
  690  5.7e+04   2.8e-06   5.7e-07  2.50s
  691  5.8e+04   1.6e-06   2.6e-06  2.50s
  692  5.8e+04   8.1e-07   5.2e-07  2.50s
  693  5.9e+04   4.6e-06   1.5e-04  2.50s
  694  5.9e+04   1.3e-06   1.1e-06  2.51s
  695  6.0e+04   2.2e-06   5.0e-07  2.51s
  696  5.9e+04   1.1e-06   3.5e-05  2.51s
  697  5.9e+04   3.2e-06   5.0e-07  2.51s
  698  6.2e+04   2.2e-06   9.8e-07  2.52s
  699  6.3e+04   1.3e-06   9.1e-05  2.52s
  700  6.4e+04   3.4e-06   8.5e-07  2.52s
  701  6.4e+04   2.6e-06   5.8e-07  2.52s
  702  6.5e+04   6.6e-07   4.4e-05  2.53s
  703  6.5e+04   6.5e-07   7.6e-07  2.53s
  704  6.5e+04   7.5e-06   7.3e-07  2.53s
  705  6.5e+04   9.8e-07   1.7e-05  2.53s
  706  6.5e+04   3.7e-06   5.0e-07  2.54s
  707  6.6e+04   2.5e-06   1.4e-06  2.54s
  708  6.8e+04   1.1e-05   1.4e-06  2.54s
  709  6.3e+04   2.9e-06   5.2e-07  2.54s
  710  6.4e+04   3.2e-07   3.9e-06  2.55s
  711  6.2e+04   1.3e-06   5.6e-04  2.55s
  712  6.3e+04   1.7e-06   5.3e-07  2.55s
  713  6.3e+04   4.6e-06   8.2e-07  2.56s
  714  6.4e+04   2.7e-06   1.1e-06  2.56s
  715  6.4e+04   1.9e-06   5.1e-07  2.56s
  716  4.6e+04   8.3e-05   1.9e-06  2.56s
  717  7.3e+04   7.9e-08   9.9e-06  2.57s
  718  7.2e+04   1.1e-06   5.6e-07  2.57s
  719  7.2e+04   8.3e-07   4.3e-06  2.57s
  720  7.4e+04   1.0e-05   5.9e-07  2.57s
  721  7.3e+04   8.3e-07   9.6e-07  2.58s
  722  7.3e+04   1.2e-06   5.7e-07  2.58s
  723  7.4e+04   4.2e-06   9.2e-05  2.58s
  724  7.6e+04   2.2e-06   5.0e-07  2.58s
  725  7.6e+04   3.0e-07   3.7e-06  2.59s
  726  6.7e+04   6.0e-05   9.5e-07  2.59s
  727  7.9e+04   3.5e-07   2.4e-06  2.59s
  728  8.0e+04   4.0e-06   1.2e-06  2.59s
  729  8.1e+04   1.1e-06   5.4e-06  2.60s
  730  8.1e+04   1.9e-07   9.6e-07  2.60s
  731  8.2e+04   1.7e-05   7.3e-07  2.60s
  732  8.2e+04   3.4e-07   1.6e-05  2.60s
  733  8.2e+04   1.4e-05   5.0e-07  2.61s
  734  8.2e+04   3.9e-07   2.7e-04  2.61s
  735  8.2e+04   5.0e-06   6.2e-07  2.61s
  736  8.2e+04   2.5e-07   8.8e-07  2.61s
  737  8.2e+04   4.9e-05   5.0e-07  2.62s
  738  5.5e+04   8.3e-05   1.0e-06  2.62s
  739  8.1e+04   3.0e-08   9.3e-07  2.62s
  740  8.1e+04   2.8e-07   2.8e-06  2.63s
  741  8.1e+04   3.1e-06   1.1e-06  2.63s
  742  8.1e+04   5.9e-07   8.2e-06  2.63s
  743  8.1e+04   4.8e-06   5.6e-07  2.63s
  744  8.2e+04   1.0e-05   4.5e-06  2.64s
  745  8.2e+04   2.5e-06   5.9e-07  2.64s
  746  8.2e+04   1.4e-06   5.2e-06  2.64s
  747  8.1e+04   5.9e-06   5.1e-07  2.64s
  748  8.1e+04   2.8e-07   4.1e-06  2.65s
  749  8.4e+04   1.5e-05   6.2e-07  2.65s
  750  9.0e+04   5.4e-06   5.3e-07  2.65s
  751  8.7e+04   1.7e-07   1.6e-04  2.65s
  752  9.0e+04   8.3e-06   8.1e-07  2.66s
  753  9.0e+04   9.8e-07   1.8e-06  2.66s
  754  9.0e+04   7.7e-07   6.6e-07  2.66s
  755  9.0e+04   2.8e-06   5.1e-07  2.66s
  756  9.2e+04   2.6e-06   2.2e-05  2.67s
  757  9.2e+04   5.6e-07   1.7e-06  2.67s
  758  9.3e+04   2.1e-05   5.2e-07  2.67s
  759  9.2e+04   1.0e-07   1.8e-05  2.67s
  760  9.3e+04   2.6e-05   5.7e-07  2.68s
  761  9.3e+04   8.4e-07   2.4e-06  2.68s
  762  9.3e+04   3.2e-07   6.1e-07  2.68s
  763  9.2e+04   4.4e-06   1.8e-06  2.68s
  764  9.2e+04   1.3e-06   3.8e-05  2.69s
  765  9.2e+04   9.7e-06   5.4e-07  2.69s
  766  9.2e+04   1.4e-06   8.8e-07  2.69s
  767  9.4e+04   1.3e-05   1.1e-06  2.69s
  768  9.6e+04   9.4e-07   5.0e-07  2.70s
  769  9.2e+04   3.3e-07   1.4e-05  2.70s
  770  9.2e+04   3.4e-07   8.1e-07  2.70s
  771  9.2e+04   2.6e-05   1.7e-06  2.70s
  772  9.5e+04   1.4e-05   5.0e-07  2.71s
  773  9.6e+04   3.4e-07   2.7e-06  2.71s
  774  9.5e+04   2.2e-06   9.3e-07  2.71s
  775  9.5e+04   8.7e-07   3.8e-06  2.71s
  776  9.4e+04   2.9e-06   5.4e-07  2.72s
  777  9.4e+04   1.6e-07   6.6e-06  2.72s
  778  9.4e+04   2.3e-05   1.1e-06  2.72s
  779  9.3e+04   5.0e-07   7.9e-06  2.73s
  780  9.4e+04   7.2e-06   6.8e-07  2.73s
  781  9.4e+04   2.5e-07   1.2e-06  2.73s
  782  9.4e+04   7.1e-06   9.5e-05  2.73s
  783  9.4e+04   1.4e-07   5.1e-07  2.74s
  784  9.4e+04   2.0e-05   8.7e-06  2.74s
  785  9.3e+04   2.6e-05   5.2e-07  2.74s
  786  9.4e+04   1.0e-06   6.0e-07  2.74s
  787  9.4e+04   6.2e-07   2.9e-05  2.75s
  788  9.5e+04   1.1e-05   6.8e-07  2.75s
  789  9.6e+04   6.3e-06   5.4e-07  2.75s
  790  1.0e+05   1.8e-06   1.1e-06  2.75s
  791  9.7e+04   3.0e-07   6.1e-05  2.76s
  792  9.6e+04   3.0e-06   5.0e-07  2.76s
  793  7.2e+04   4.1e-05   1.5e-06  2.76s
  794  1.3e+05   2.0e-06   6.1e-07  2.76s
  795  1.1e+05   2.2e-07   8.1e-07  2.77s
  796  1.2e+05   1.2e-06   6.3e-06  2.77s
  797  1.3e+05   2.7e-06   2.1e-06  2.77s
  798  1.3e+05   9.1e-07   5.9e-07  2.77s
  799  1.3e+05   5.5e-07   1.1e-06  2.78s
  800  1.3e+05   1.3e-05   5.0e-07  2.78s
  801  9.3e+04   8.1e-06   2.7e-06  2.78s
  802  9.3e+04   2.5e-08   6.3e-07  2.79s
  803  1.0e+05   3.6e-05   3.7e-05  2.79s
  804  1.0e+05   3.9e-07   5.0e-07  2.79s
  805  1.1e+05   4.9e-06   1.9e-04  2.79s
  806  1.1e+05   2.9e-07   8.3e-07  2.80s
  807  1.1e+05   9.9e-06   1.3e-06  2.80s
  808  1.1e+05   1.6e-05   5.0e-07  2.80s
  809  1.1e+05   3.3e-07   4.8e-06  2.80s
  810  1.1e+05   1.5e-06   7.6e-07  2.81s
  811  1.1e+05   2.2e-06   1.1e-06  2.81s
  812  1.1e+05   2.2e-06   4.7e-06  2.81s
  813  1.1e+05   4.3e-06   5.9e-07  2.81s
  814  1.1e+05   2.2e-06   7.7e-07  2.82s
  815  1.1e+05   1.1e-06   3.1e-06  2.82s
  816  1.1e+05   1.3e-06   5.1e-07  2.82s
  817  1.2e+05   2.7e-06   8.9e-05  2.83s
  818  1.1e+05   8.1e-06   5.4e-07  2.83s
  819  1.2e+05   3.9e-07   2.0e-06  2.83s
  820  1.2e+05   1.8e-05   5.3e-07  2.83s
  821  1.0e+05   9.6e-07   2.8e-06  2.84s
  822  1.0e+05   6.2e-08   1.7e-06  2.84s
  823  9.9e+04   3.6e-05   6.7e-07  2.84s
  824  9.6e+04   7.3e-07   1.5e-04  2.84s
  825  9.7e+04   4.3e-06   5.0e-07  2.85s
  826  9.6e+04   3.0e-07   1.7e-05  2.85s
  827  9.3e+04   2.4e-05   6.9e-07  2.85s
  828  9.3e+04   1.4e-07   8.3e-07  2.86s
  829  8.5e+04   2.1e-05   8.5e-07  2.86s
  830  8.3e+04   7.2e-07   6.6e-06  2.86s
  831  1.2e+05   2.2e-04   1.1e-06  2.86s
  832  8.7e+04   3.3e-08   6.7e-07  2.87s
  833  8.9e+04   1.1e-06   1.5e-06  2.87s
  834  9.5e+04   4.4e-06   6.0e-07  2.87s
  835  9.6e+04   1.1e-06   3.3e-06  2.87s
  836  6.4e+04   2.8e-05   6.0e-07  2.88s
  837  1.1e+05   4.2e-07   2.4e-06  2.88s
  838  1.1e+05   7.4e-07   1.3e-06  2.88s
  839  1.1e+05   6.8e-06   5.1e-07  2.88s
  840  1.1e+05   9.7e-08   4.6e-05  2.89s
  841  1.2e+05   3.0e-05   5.0e-07  2.89s
  842  1.3e+05   9.7e-07   6.0e-04  2.89s
  843  1.3e+05   6.9e-07   5.3e-07  2.90s
  844  1.3e+05   1.2e-06   7.5e-07  2.90s
  845  1.3e+05   1.8e-06   1.5e-05  2.90s
  846  1.3e+05   1.5e-06   5.8e-07  2.90s
  847  1.3e+05   2.0e-06   1.3e-06  2.91s
  848  1.3e+05   1.2e-06   3.8e-06  2.91s
  849  1.3e+05   1.4e-06   6.5e-07  2.91s
  850  1.3e+05   2.4e-05   1.6e-06  2.91s
  851  1.3e+05   8.0e-07   5.5e-07  2.92s
  852  1.3e+05   2.6e-06   5.5e-06  2.92s
  853  1.3e+05   7.3e-07   7.4e-07  2.92s
  854  1.3e+05   5.8e-07   1.0e-05  2.92s
  855  1.3e+05   1.4e-06   1.2e-06  2.93s
  856  1.3e+05   4.8e-06   8.2e-07  2.93s
  857  1.3e+05   6.6e-06   5.0e-07  2.93s
  858  1.2e+05   1.7e-05   1.0e-05  2.93s
  859  1.2e+05   3.7e-07   2.4e-06  2.94s
  860  1.2e+05   4.7e-06   5.1e-07  2.94s
  861  1.2e+05   5.9e-07   9.8e-05  2.94s
  862  1.2e+05   2.4e-06   5.1e-07  2.94s
  863  1.2e+05   3.5e-07   3.3e-06  2.95s
  864  1.2e+05   3.9e-06   5.7e-07  2.95s
  865  1.2e+05   2.1e-06   2.9e-06  2.95s
  866  1.3e+05   3.5e-05   5.8e-07  2.95s
  867  1.3e+05   3.1e-07   2.4e-06  2.96s
  868  1.3e+05   4.4e-06   7.8e-07  2.96s
  869  1.3e+05   2.4e-06   5.8e-07  2.96s
  870  1.4e+05   5.4e-06   5.3e-06  2.96s
  871  1.4e+05   1.6e-06   5.5e-07  2.97s
  872  1.5e+05   5.7e-07   1.8e-05  2.97s
  873  1.4e+05   1.8e-06   2.0e-06  2.97s
  874  1.5e+05   7.0e-06   5.0e-07  2.97s
  875  4.6e+05   3.5e-05   1.0e-06  2.98s
  876  2.2e+04   4.6e-07   7.2e-07  2.98s
  877  1.7e+04   9.9e-07   1.6e-06  2.98s
  878  6.9e+04   3.7e-06   8.4e-07  2.98s
  879  9.0e+04   8.3e-07   8.6e-05  2.99s
  880  7.5e+04   3.0e-06   5.0e-07  2.99s
  881  7.5e+04   9.2e-08   1.4e-05  2.99s
  882  7.8e+04   6.4e-06   1.3e-06  2.99s
  883  7.8e+04   9.0e-07   7.6e-07  3.00s
  884  7.9e+04   4.5e-06   1.8e-06  3.00s
  885  8.0e+04   6.2e-07   4.0e-05  3.00s
  886  8.0e+04   6.3e-06   6.3e-07  3.00s
  887  8.2e+04   6.8e-06   5.5e-07  3.01s
  888  8.4e+04   9.9e-07   4.3e-06  3.01s
  889  8.3e+04   2.1e-06   6.5e-07  3.01s
  890  1.2e+05   1.8e-05   6.7e-07  3.01s
  891  5.9e+04   6.6e-07   2.4e-06  3.02s
  892  6.6e+04   1.1e-06   5.2e-07  3.02s
  893  2.8e+05   1.2e-05   9.4e-04  3.02s
  894  2.8e+05   2.3e-07   5.1e-07  3.03s
  895  6.4e+05   1.9e-05   1.3e-06  3.03s
  896  1.7e+06   7.7e-06   8.9e-07  3.03s
  897  6.1e+05   4.9e-07   1.2e-06  3.03s
  898  4.5e+05   2.8e-06   5.2e-07  3.04s
  899  3.7e+05   6.1e-07   2.4e-05  3.04s
  900  3.7e+05   6.8e-08   6.3e-07  3.04s
  901  2.1e+05   5.4e-05   2.6e-06  3.04s
  902  2.1e+05   4.5e-07   6.4e-07  3.05s
  903  3.0e+04   1.0e-05   1.4e-06  3.05s
  904  4.4e+04   1.6e-06   5.2e-07  3.05s
  905  7.6e+03   8.5e-07   1.8e-05  3.05s
  906  8.5e+03   3.2e-06   5.4e-07  3.06s
  907  5.1e+04   2.7e-06   2.0e-06  3.06s
  908  1.0e+05   4.1e-06   8.5e-07  3.06s
  909  1.7e+05   6.8e-07   1.1e-04  3.06s
  910  1.0e+05   3.0e-06   5.0e-07  3.07s
  911  1.1e+05   3.6e-07   3.0e-06  3.07s
  912  1.0e+05   1.5e-06   1.7e-05  3.07s
  913  1.0e+05   9.0e-07   1.0e-06  3.07s
  914  1.0e+05   2.5e-06   6.3e-07  3.08s
  915  1.0e+05   1.0e-06   1.5e-05  3.08s
  916  1.0e+05   9.4e-06   5.1e-07  3.08s
  917  1.0e+05   4.4e-07   2.4e-06  3.08s
  918  1.0e+05   2.1e-06   5.6e-07  3.09s
  919  1.0e+05   3.9e-06   9.1e-07  3.09s
  920  1.1e+05   2.9e-06   1.5e-05  3.09s
  921  1.1e+05   1.1e-06   7.7e-07  3.09s
  922  1.1e+05   8.1e-07   2.3e-05  3.10s
  923  1.1e+05   9.4e-07   5.1e-07  3.10s
  924  1.1e+05   8.2e-06   9.2e-07  3.10s
  925  1.0e+05   8.4e-06   6.0e-07  3.10s
  926  1.0e+05   1.8e-06   9.0e-07  3.11s
  927  1.1e+05   3.5e-06   5.2e-07  3.11s
  928  1.1e+05   9.1e-07   8.2e-06  3.11s
  929  1.1e+05   8.8e-07   2.2e-06  3.11s
  930  1.1e+05   2.5e-06   9.0e-07  3.12s
  931  1.1e+05   4.4e-06   5.0e-07  3.12s
  932  1.1e+05   2.8e-06   2.7e-06  3.12s
  933  1.1e+05   1.2e-06   6.6e-07  3.12s
  934  1.0e+05   5.0e-06   6.1e-07  3.13s
  935  9.4e+04   1.8e-06   6.1e-05  3.13s
  936  8.5e+04   3.0e-06   5.0e-07  3.13s
  937  1.2e+05   3.0e-06   1.9e-06  3.13s
  938  1.4e+05   8.4e-07   6.4e-06  3.14s
  939  1.5e+05   2.3e-06   1.6e-06  3.14s
  940  1.6e+05   3.3e-06   5.5e-07  3.14s
  941  1.5e+05   2.4e-07   5.6e-05  3.15s
  942  1.4e+05   2.0e-05   5.9e-07  3.15s
  943  1.5e+05   2.5e-07   1.4e-06  3.15s
  944  1.5e+05   2.6e-06   5.7e-07  3.15s
  945  1.5e+05   5.2e-07   3.6e-05  3.16s
  946  1.4e+05   1.3e-05   5.0e-07  3.16s
  947  1.4e+05   2.7e-07   1.3e-06  3.16s
  948  1.4e+05   4.7e-05   6.4e-07  3.16s
  949  1.4e+05   2.2e-07   7.9e-05  3.17s
  950  1.4e+05   2.8e-06   5.1e-07  3.17s
  951  1.3e+05   6.1e-06   1.1e-06  3.17s
  952  2.7e+05   1.9e-05   5.7e-07  3.17s
  953  1.8e+05   2.4e-07   2.4e-06  3.18s
  954  1.4e+05   6.7e-06   5.4e-07  3.18s
  955  1.7e+05   1.1e-07   2.2e-05  3.18s
  956  1.7e+05   1.7e-06   6.8e-07  3.18s
  957  1.4e+05   8.8e-06   2.3e-06  3.19s
  958  8.4e+04   7.5e-06   7.2e-07  3.19s
  959  9.5e+04   2.5e-07   1.8e-06  3.19s
  960  4.0e+04   5.7e-06   5.0e-07  3.19s
  961  6.5e+04   6.2e-06   1.5e-06  3.20s
  962  4.9e+04   2.1e-07   1.8e-05  3.20s
  963  4.9e+04   1.3e-06   5.1e-07  3.20s
  964  4.8e+04   1.1e-06   1.1e-04  3.20s
  965  4.9e+04   4.7e-06   5.7e-07  3.21s
  966  4.7e+04   4.6e-07   8.4e-07  3.21s
  967  4.8e+04   1.3e-06   2.1e-06  3.21s
  968  4.8e+04   2.8e-06   1.5e-06  3.21s
  969  4.8e+04   1.9e-06   7.4e-07  3.22s
  970  4.8e+04   2.7e-06   1.5e-06  3.22s
  971  4.8e+04   1.6e-06   5.6e-07  3.22s
  972  4.8e+04   2.0e-06   8.2e-07  3.22s
  973  4.9e+04   7.2e-06   1.2e-06  3.23s
  974  4.6e+04   2.0e-06   5.1e-07  3.23s
  975  3.4e+04   3.9e-07   1.7e-02  3.23s
  976  2.9e+04   8.7e-07   5.0e-07  3.23s
  977  2.9e+04   1.6e-06   9.1e-07  3.24s
  978  3.8e+04   2.0e-04   1.1e-06  3.24s
  979  2.3e+04   3.6e-07   2.8e-06  3.24s
  980  3.2e+04   4.6e-06   7.0e-07  3.24s
  981  1.1e+05   5.2e-06   1.2e-05  3.25s
  982  1.1e+05   5.0e-07   1.4e-06  3.25s
  983  9.6e+04   3.4e-06   5.4e-07  3.25s
  984  1.0e+05   4.6e-07   6.6e-05  3.25s
  985  9.3e+04   2.4e-06   8.4e-07  3.26s
  986  2.6e+05   1.6e-05   6.8e-07  3.26s
  987  1.6e+04   2.1e-07   7.4e-07  3.26s
  988  1.3e+04   1.2e-06   8.1e-07  3.26s
  989  1.2e+04   9.8e-07   5.1e-06  3.27s
  990  1.1e+04   4.3e-06   5.0e-07  3.27s
  991  1.0e+04   6.1e-06   3.4e-06  3.27s
  992  1.2e+04   5.1e-07   4.0e-06  3.27s
  993  1.2e+04   7.3e-07   6.9e-07  3.28s
  994  1.2e+04   1.1e-06   1.2e-06  3.28s
  995  1.2e+04   1.4e-06   2.4e-06  3.28s
  996  1.2e+04   3.1e-06   7.6e-07  3.28s
  997  1.2e+04   5.5e-07   7.7e-07  3.29s
  998  1.2e+04   2.0e-05   7.3e-07  3.29s
  999  1.0e+04   3.6e-06   1.7e-05  3.29s
 1000  1.1e+04   9.1e-07   6.1e-07  3.30s
 1001  1.1e+04   5.8e-07   1.3e-06  3.30s
 1002  1.0e+04   1.3e-05   5.4e-07  3.30s
 1003  7.9e+03   1.2e-06   5.2e-03  3.30s
 1004  8.7e+03   6.8e-06   5.0e-07  3.31s
 1005  5.9e+03   7.3e-07   5.3e-07  3.31s
 1006  5.9e+03   3.6e-07   3.0e-06  3.31s
 1007  5.9e+03   1.3e-06   5.3e-06  3.31s
 1008  5.9e+03   9.6e-07   6.7e-07  3.32s
 1009  5.9e+03   2.2e-06   3.2e-06  3.32s
 1010  5.9e+03   5.3e-07   4.0e-06  3.33s
 1011  5.9e+03   1.1e-05   5.2e-07  3.33s
 1012  5.9e+03   5.6e-07   1.5e-06  3.34s
 1013  4.1e+03   3.9e-04   5.0e-07  3.34s
 1014  6.1e+03   8.2e-08   9.0e-05  3.34s
 1015  6.1e+03   7.3e-07   5.5e-07  3.35s
 1016  6.0e+03   2.7e-06   1.4e-06  3.35s
 1017  6.0e+03   1.0e-06   8.7e-07  3.35s
 1018  6.0e+03   2.3e-06   1.4e-05  3.36s
 1019  6.0e+03   5.6e-06   6.5e-07  3.36s
 1020  6.0e+03   9.7e-07   6.9e-07  3.36s
 1021  4.5e+03   7.4e-05   5.2e-07  3.37s
 1022  5.4e+03   1.9e-07   5.0e-06  3.37s
 1023  6.0e+03   2.9e-06   6.0e-07  3.37s
 1024  6.2e+03   9.9e-07   2.4e-06  3.38s
 1025  6.3e+03   1.4e-06   9.9e-07  3.38s
 1026  6.3e+03   1.1e-06   2.0e-06  3.39s
 1027  6.3e+03   3.8e-06   5.7e-07  3.39s
 1028  6.4e+03   4.2e-06   9.0e-07  3.39s
 1029  6.6e+03   2.7e-06   9.6e-07  3.40s
 1030  5.5e+03   6.0e-06   5.4e-07  3.40s
 1031  5.8e+03   5.3e-07   8.8e-05  3.40s
 1032  5.8e+03   1.1e-08   5.0e-07  3.40s
 1033  4.8e+03   2.0e-03   1.2e-04  3.41s
 1034  4.9e+03   2.7e-07   1.0e-06  3.41s
 1035  3.9e+03   6.2e-06   5.0e-07  3.41s
 1036  3.8e+03   8.6e-07   1.1e-05  3.41s
 1037  3.8e+03   4.5e-07   2.5e-06  3.42s
 1038  3.8e+03   2.0e-08   8.9e-07  3.42s
 1039  4.0e+03   1.9e-03   5.3e-07  3.42s
 1040  4.0e+03   1.6e-07   5.7e-06  3.42s
 1041  3.6e+03   3.7e-06   1.6e-06  3.43s
 1042  3.6e+03   1.3e-06   5.7e-07  3.43s
 1043  3.6e+03   2.1e-06   1.1e-06  3.43s
 1044  3.6e+03   3.6e-06   6.3e-07  3.43s
 1045  3.7e+03   2.7e-06   6.4e-07  3.44s
 1046  3.1e+03   5.4e-06   2.0e-05  3.44s
 1047  3.0e+03   1.0e-06   6.7e-06  3.44s
 1048  3.0e+03   4.4e-07   8.5e-07  3.44s
 1049  3.2e+03   1.3e-05   5.0e-07  3.45s
 1050  7.1e+03   1.2e-05   2.1e-06  3.45s
 1051  1.0e+04   5.3e-06   8.7e-07  3.45s
 1052  2.5e+04   4.8e-07   4.6e-05  3.45s
 1053  8.4e+03   3.3e-06   5.0e-07  3.46s
 1054  7.8e+04   1.5e-05   1.8e-06  3.46s
 1055  1.6e+04   2.6e-08   4.9e-05  3.46s
 1056  7.9e+03   1.1e-05   5.4e-07  3.46s
 1057  9.2e+03   4.0e-07   1.6e-06  3.47s
 1058  2.4e+03   9.9e-06   5.7e-07  3.47s
 1059  1.6e+03   1.7e-06   8.9e-07  3.47s
 1060  2.8e+03   1.1e-07   5.9e-06  3.48s
 1061  1.7e+03   6.2e-06   5.6e-07  3.48s
 1062  1.8e+03   4.4e-07   4.3e-04  3.48s
 1063  2.2e+03   2.0e-05   5.0e-07  3.48s
 1064  2.0e+03   3.0e-07   1.8e-06  3.49s
 1065  1.9e+03   5.9e-07   3.4e-06  3.49s
 1066  1.9e+03   7.4e-07   5.0e-06  3.49s
 1067  1.9e+03   1.2e-06   1.2e-06  3.49s
 1068  1.9e+03   7.5e-08   1.0e-06  3.50s
 1069  2.0e+03   7.9e-04   5.0e-07  3.50s
 1070  1.9e+03   1.8e-06   4.7e-06  3.50s
 1071  1.7e+03   1.8e-05   5.3e-07  3.50s
 1072  1.8e+03   2.1e-07   1.3e-06  3.51s
 1073  1.7e+03   2.1e-06   1.5e-05  3.51s
 1074  1.7e+03   3.5e-06   5.3e-07  3.51s
 1075  1.6e+03   2.3e-06   9.0e-07  3.51s
 1076  1.6e+03   6.6e-07   5.1e-05  3.52s
 1077  1.6e+03   2.1e-06   6.8e-07  3.52s
 1078  1.6e+03   1.7e-07   6.2e-07  3.52s
 1079  1.6e+03   3.5e-05   7.4e-07  3.52s
 1080  1.5e+03   3.1e-06   6.6e-07  3.53s
 1081  1.1e+03   3.5e-06   4.7e-06  3.53s
 1082  1.1e+03   3.1e-07   9.7e-07  3.53s
 1083  1.7e+03   1.5e-04   5.0e-07  3.54s
 1084  1.1e+03   1.2e-07   8.6e-05  3.54s
 1085  1.1e+03   2.1e-07   5.2e-07  3.54s
 1086  1.1e+03   4.1e-06   2.5e-06  3.55s
 1087  1.0e+03   9.1e-06   1.3e-06  3.55s
 1088  1.1e+03   1.0e-06   6.0e-07  3.55s
 1089  1.4e+03   2.6e-06   7.3e-05  3.56s
 1090  1.4e+03   1.1e-06   8.9e-07  3.56s
 1091  1.3e+03   4.0e-06   6.0e-07  3.56s
 1092  1.3e+03   2.0e-06   7.3e-07  3.57s
 1093  1.3e+03   2.8e-07   5.3e-06  3.57s
 1094  1.3e+03   1.2e-07   5.2e-07  3.57s
 1095  1.3e+03   4.6e-06   2.8e-05  3.58s
 1096  1.3e+03   4.8e-06   1.2e-05  3.58s
 1097  1.3e+03   6.5e-06   6.0e-07  3.59s
 1098  1.3e+03   8.0e-07   7.5e-07  3.59s
 1099  1.3e+03   3.4e-06   1.7e-06  3.59s
 1100  1.3e+03   5.5e-06   5.1e-07  3.60s
 1101  1.4e+03   8.7e-06   1.0e-06  3.60s
 1102  1.3e+03   2.5e-07   2.3e-04  3.61s
 1103  1.3e+03   1.4e-06   5.7e-07  3.61s
 1104  1.9e+03   7.0e-05   1.3e-06  3.61s
 1105  1.3e+03   2.3e-07   1.1e-06  3.62s
 1106  1.7e+03   1.1e-05   5.0e-07  3.62s
 1107  3.9e+02   1.9e-06   2.3e-06  3.63s
 1108  3.6e+02   3.9e-08   2.2e-06  3.63s
 1109  4.1e+02   2.4e-04   5.0e-07  3.64s
 1110  4.3e+02   1.7e-07   2.1e-06  3.64s
 1111  3.2e+02   1.6e-06   3.1e-06  3.65s
 1112  3.6e+02   4.8e-06   5.7e-07  3.65s
 1113  3.5e+02   7.1e-07   1.6e-06  3.65s
 1114  9.0e+02   9.1e-06   1.3e-06  3.66s
 1115  9.0e+02   4.6e-08   9.0e-07  3.66s
 1116  9.2e+02   8.1e-06   1.0e-05  3.67s
 1117  8.8e+02   6.1e-06   5.1e-07  3.67s
 1118  8.6e+02   9.6e-07   4.1e-05  3.68s
 1119  8.5e+02   1.9e-06   5.4e-07  3.68s
 1120  8.0e+02   1.0e-05   7.0e-07  3.69s
 1121  8.0e+02   2.8e-07   4.0e-06  3.69s
 1122  8.2e+02   2.1e-06   2.2e-06  3.69s
 1123  8.1e+02   1.8e-06   5.6e-07  3.70s
 1124  7.5e+02   1.1e-05   1.6e-06  3.70s
 1125  1.6e+03   3.5e-05   5.0e-07  3.71s
 1126  1.5e+03   2.3e-07   2.0e-03  3.71s
 1127  1.5e+03   3.9e-08   1.1e-06  3.72s
 1128  1.3e+03   4.5e-05   5.3e-07  3.72s
 1129  1.2e+03   9.5e-07   6.0e-06  3.72s
 1130  1.2e+03   1.5e-06   5.1e-07  3.73s
 1131  1.2e+03   4.5e-06   7.5e-07  3.73s
 1132  1.2e+03   3.1e-06   6.0e-07  3.74s
 1133  5.9e+02   2.6e-06   6.6e-06  3.74s
 1134  7.2e+02   5.5e-07   2.9e-06  3.75s
 1135  4.8e+02   8.7e-06   5.3e-07  3.75s
 1136  3.4e+02   1.1e-06   1.7e-06  3.76s
 1137  3.8e+02   1.9e-06   5.3e-07  3.76s
 1138  3.2e+02   1.2e-06   1.1e-06  3.76s
 1139  2.2e+02   1.5e-06   6.3e-05  3.77s
 1140  2.2e+02   9.0e-07   8.9e-07  3.77s
 1141  2.2e+02   2.1e-07   1.6e-06  3.78s
 1142  2.2e+02   2.9e-05   5.4e-07  3.78s
 1143  7.2e+02   6.2e-05   7.7e-07  3.79s
 1144  2.3e+02   8.8e-08   1.0e-06  3.79s
 1145  2.3e+02   5.9e-07   6.2e-07  3.79s
 1146  2.2e+02   1.1e-06   7.6e-04  3.80s
 1147  2.2e+02   1.4e-06   5.8e-07  3.80s
 1148  1.7e+04   1.5e-03   7.2e-07  3.81s
 1149  2.1e+02   1.5e-08   8.5e-06  3.81s
 1150  3.0e+02   4.5e-06   5.0e-07  3.82s
 1151  2.4e+02   3.3e-07   8.0e-06  3.82s
 1152  2.4e+02   1.0e-06   2.5e-06  3.83s
 1153  2.2e+02   9.8e-06   9.7e-07  3.83s
 1154  2.0e+02   3.3e-06   5.6e-07  3.84s
 1155  2.9e+02   3.7e-06   1.4e-06  3.84s
 1156  3.9e+02   8.7e-07   8.5e-06  3.84s
 1157  3.0e+02   5.7e-06   5.1e-07  3.85s
 1158  3.3e+02   2.9e-07   2.6e-05  3.85s
 1159  3.0e+02   4.5e-06   5.4e-07  3.86s
 1160  2.7e+02   1.0e-06   2.8e-06  3.86s
 1161  2.6e+02   2.9e-06   8.9e-07  3.87s
 1162  2.6e+02   3.3e-07   6.8e-06  3.87s
 1163  2.8e+02   2.0e-05   5.8e-07  3.88s
 1164  2.6e+02   1.4e-06   6.2e-07  3.88s
 1165  2.4e+02   7.2e-07   6.6e-06  3.88s
 1166  2.4e+02   8.2e-07   6.0e-06  3.89s
 1167  2.5e+02   9.4e-06   6.4e-07  3.89s
 1168  2.4e+02   6.2e-07   1.7e-06  3.90s
 1169  2.3e+02   4.9e-06   5.3e-07  3.90s
 1170  2.3e+02   5.3e-06   6.4e-07  3.91s
 1171  2.3e+02   1.8e-07   6.7e-05  3.91s
 1172  2.2e+02   1.0e-05   1.0e-06  3.91s
 1173  2.2e+02   4.1e-07   5.2e-07  3.92s
 1174  2.2e+02   2.3e-06   1.0e-05  3.92s
 1175  2.2e+02   6.8e-06   7.9e-07  3.93s
 1176  2.1e+02   4.6e-06   5.0e-07  3.93s
 1177  2.1e+02   3.8e-07   2.2e-06  3.94s
 1178  2.1e+02   4.3e-07   4.6e-06  3.94s
 1179  2.0e+02   4.3e-05   9.4e-07  3.95s
 1180  2.1e+02   3.9e-07   4.8e-06  3.95s
 1181  1.9e+02   3.7e-05   5.0e-07  3.95s
 1182  2.0e+02   1.9e-07   1.1e-06  3.96s
 1183  2.0e+02   1.8e-06   2.2e-06  3.96s
 1184  1.8e+02   3.0e-05   7.1e-07  3.97s
 1185  1.8e+02   1.1e-08   2.0e-06  3.97s
 1186  2.6e+02   8.9e-05   2.2e-06  3.98s
 1187  1.8e+02   5.4e-06   5.0e-07  3.98s
 1188  7.0e+02   1.9e-06   1.1e-04  3.98s
 1189  7.5e+02   6.2e-07   5.7e-07  3.99s
 1190  6.1e+02   5.4e-06   1.4e-06  3.99s
 1191  1.9e+02   3.8e-06   6.4e-07  4.00s
 1192  2.1e+02   7.0e-07   8.4e-06  4.00s
 1193  1.8e+02   1.1e-06   5.7e-07  4.01s
 1194  3.0e+02   1.5e-06   2.9e-06  4.01s
 1195  2.7e+02   1.2e-06   5.4e-07  4.02s
 1196  2.4e+02   8.5e-06   1.5e-06  4.02s
 1197  3.7e+02   1.2e-06   1.4e-05  4.02s
 1198  4.0e+02   9.7e-07   1.5e-06  4.03s
 1199  3.8e+02   2.1e-06   5.7e-07  4.03s
 1200  3.9e+02   1.6e-06   7.8e-07  4.04s
 1201  3.4e+02   2.5e-06   3.7e-06  4.04s
 1202  3.2e+02   1.3e-06   5.2e-07  4.05s
 1203  2.8e+02   2.0e-06   4.5e-04  4.05s
 1204  2.9e+02   1.6e-06   5.0e-07  4.05s
 1205  2.9e+02   1.1e-06   3.5e-06  4.06s
 1206  2.9e+02   8.7e-07   8.8e-07  4.06s
 1207  2.9e+02   3.0e-07   1.2e-06  4.07s
 1208  2.9e+02   6.2e-05   5.6e-07  4.07s
 1209  2.6e+02   4.0e-06   6.1e-07  4.08s
 1210  1.8e+02   5.8e-06   5.4e-07  4.08s
 1211  3.3e+02   3.1e-06   6.9e-07  4.09s
 1212  2.4e+02   3.5e-07   7.6e-06  4.09s
 1213  2.5e+02   2.9e-07   4.3e-06  4.09s
 1214  2.5e+02   5.7e-07   1.4e-06  4.10s
 1215  2.5e+02   5.5e-06   7.3e-07  4.10s
 1216  2.5e+02   9.8e-07   5.1e-06  4.10s
 1217  2.5e+02   4.4e-06   5.1e-07  4.11s
 1218  2.4e+02   2.3e-06   3.2e-03  4.11s
 1219  2.4e+02   1.6e-06   5.1e-07  4.11s
 1220  2.3e+02   2.3e-06   5.8e-07  4.11s
 1221  2.3e+02   1.1e-06   8.1e-07  4.12s
 1222  2.3e+02   1.8e-06   8.4e-07  4.12s
 1223  2.3e+02   1.4e-06   1.0e-06  4.12s
 1224  2.3e+02   5.8e-07   8.1e-06  4.12s
 1225  2.3e+02   3.7e-07   6.1e-07  4.13s
 1226  2.3e+02   3.8e-05   5.8e-07  4.13s
 1227  2.3e+02   7.5e-06   1.4e-05  4.13s
 1228  2.3e+02   3.3e-07   7.9e-07  4.14s
 1229  2.3e+02   1.0e-05   5.0e-07  4.14s
 1230  2.4e+02   1.2e-06   8.4e-06  4.14s
 1231  2.4e+02   2.0e-06   1.5e-06  4.14s
 1232  2.4e+02   1.3e-06   1.4e-06  4.15s
 1233  2.4e+02   1.8e-07   4.8e-04  4.15s
 1234  2.4e+02   1.6e-07   6.5e-07  4.15s
 1235  2.4e+02   7.3e-04   5.5e-07  4.15s
 1236  2.4e+02   4.5e-07   6.3e-07  4.16s
 1237  2.4e+02   2.0e-06   5.8e-07  4.16s
 1238  2.4e+02   4.6e-09   1.0e-06  4.16s
 1239  2.5e+02   4.2e-04   6.9e-07  4.16s
 1240  2.4e+02   7.5e-07   2.3e-06  4.17s
 1241  2.4e+02   3.8e-07   6.4e-07  4.17s
 1242  2.5e+02   1.7e-05   3.1e-05  4.18s
 1243  2.3e+02   1.9e-05   5.1e-07  4.18s
 1244  2.3e+02   2.0e-07   1.1e-06  4.19s
 1245  2.8e+02   2.5e-06   8.6e-07  4.19s
 1246  2.8e+02   8.9e-07   6.1e-07  4.19s
 1247  3.3e+02   3.5e-06   3.5e-04  4.20s
 1248  1.1e+03   4.3e-05   5.0e-07  4.20s
 1249  2.8e+03   7.4e-06   6.0e-07  4.21s
 1250  1.8e+03   2.5e-07   1.9e-06  4.21s
 1251  2.1e+03   1.6e-06   5.3e-07  4.22s
 1252  5.1e+02   3.9e-06   8.5e-07  4.22s
 1253  3.9e+02   3.3e-07   1.7e-06  4.23s
 1254  2.0e+02   1.7e-06   1.3e-05  4.23s
 1255  3.9e+02   1.3e-05   5.1e-07  4.23s
 1256  2.6e+02   1.8e-07   9.6e-05  4.24s
 1257  2.7e+02   3.7e-06   1.2e-06  4.24s
 1258  2.8e+02   1.2e-06   7.6e-07  4.25s
 1259  2.8e+02   1.1e-06   1.2e-06  4.25s
 1260  2.8e+02   9.1e-07   6.8e-07  4.26s
 1261  2.8e+02   3.3e-06   2.5e-06  4.26s
 1262  2.8e+02   1.6e-07   7.5e-07  4.27s
 1263  2.8e+02   2.9e-06   7.5e-05  4.27s
 1264  2.8e+02   4.8e-05   5.0e-07  4.27s
 1265  2.8e+02   7.4e-08   7.3e-06  4.28s
 1266  2.8e+02   6.1e-06   4.6e-06  4.28s
 1267  2.8e+02   3.9e-06   5.4e-07  4.29s
 1268  2.8e+02   3.7e-06   1.7e-06  4.29s
 1269  2.8e+02   3.4e-07   3.5e-06  4.30s
 1270  2.8e+02   4.7e-06   8.6e-07  4.30s
 1271  2.8e+02   1.8e-06   6.0e-07  4.30s
 1272  2.8e+02   3.7e-07   1.8e-04  4.31s
 1273  2.8e+02   1.4e-06   5.4e-07  4.31s
 1274  2.8e+02   5.2e-07   1.6e-06  4.32s
 1275  2.8e+02   1.8e-04   5.2e-07  4.32s
 1276  2.8e+02   6.6e-07   7.0e-06  4.33s
 1277  2.8e+02   7.3e-08   1.9e-06  4.33s
 1278  2.8e+02   2.1e-04   5.0e-07  4.34s
 1279  2.2e+02   3.4e-05   6.6e-07  4.34s
 1280  2.2e+02   2.7e-08   9.3e-07  4.35s
 1281  1.6e+02   9.8e-05   5.5e-07  4.35s
 1282  3.1e+02   1.9e-07   1.6e-04  4.35s
 1283  3.1e+02   1.5e-06   2.1e-06  4.36s
 1284  3.1e+02   4.6e-07   6.3e-07  4.36s
 1285  3.0e+02   1.8e-05   5.4e-07  4.37s
 1286  3.0e+02   7.1e-07   9.9e-06  4.37s
 1287  3.0e+02   1.9e-06   1.0e-06  4.38s
 1288  3.0e+02   8.6e-07   5.5e-07  4.38s
 1289  3.0e+02   1.1e-05   5.2e-07  4.39s
 1290  2.9e+02   1.2e-06   1.6e-06  4.39s
 1291  3.0e+02   4.4e-07   1.2e-03  4.39s
 1292  3.0e+02   2.1e-07   6.3e-07  4.40s
 1293  3.1e+02   1.5e-04   9.1e-07  4.40s
 1294  3.1e+02   1.1e-06   1.3e-06  4.41s
 1295  3.0e+02   4.3e-07   5.5e-07  4.41s
 1296  3.0e+02   2.6e-06   3.6e-06  4.42s
 1297  3.0e+02   9.7e-07   9.8e-07  4.42s
 1298  3.0e+02   1.9e-07   1.5e-06  4.43s
 1299  3.0e+02   1.6e-05   2.7e-06  4.43s
 1300  3.0e+02   9.2e-06   5.0e-07  4.43s
 1301  3.0e+02   3.0e-07   5.1e-05  4.44s
 1302  3.0e+02   1.3e-05   1.4e-06  4.44s
 1303  2.9e+02   5.8e-06   5.1e-07  4.45s
 1304  2.9e+02   4.2e-07   8.4e-06  4.45s
 1305  2.9e+02   1.1e-06   6.1e-06  4.46s
 1306  2.9e+02   2.2e-06   5.2e-07  4.46s
 1307  2.8e+02   2.5e-05   5.9e-07  4.47s
 1308  2.9e+02   3.3e-07   5.4e-06  4.47s
 1309  2.9e+02   3.5e-08   9.5e-07  4.47s
 1310  2.9e+02   3.4e-07   4.0e-06  4.48s
 1311  2.9e+02   5.5e-05   4.2e-06  4.48s
 1312  2.9e+02   5.2e-05   5.0e-07  4.49s
 1313  2.8e+02   1.2e-05   7.7e-07  4.49s
 1314  2.9e+02   7.6e-08   1.4e-06  4.50s
 1315  3.0e+02   5.8e-07   1.0e-04  4.50s
 1316  2.9e+02   1.1e-06   9.3e-07  4.51s
 1317  2.9e+02   1.6e-06   5.4e-07  4.51s
 1318  2.9e+02   3.6e-06   1.1e-06  4.51s
 1319  2.9e+02   6.4e-06   5.4e-07  4.52s
 1320  2.9e+02   5.9e-08   5.9e-06  4.52s
 1321  3.0e+02   3.9e-04   5.2e-07  4.53s
 1322  3.0e+02   3.3e-07   1.6e-05  4.53s
 1323  3.0e+02   4.9e-06   7.1e-07  4.54s
 1324  3.0e+02   2.8e-06   7.5e-07  4.54s
 1325  3.0e+02   7.5e-07   7.3e-07  4.55s
 1326  3.1e+02   6.6e-06   1.6e-05  4.55s
 1327  3.0e+02   5.5e-05   5.1e-07  4.55s
 1328  3.1e+02   3.7e-08   2.6e-06  4.56s
 1329  3.0e+02   1.8e-06   6.8e-07  4.56s
 1330  3.1e+02   4.4e-06   6.4e-07  4.57s
 1331  3.1e+02   5.2e-07   1.1e-04  4.57s
 1332  3.1e+02   1.1e-06   6.6e-07  4.58s
 1333  2.9e+02   6.6e-05   8.5e-07  4.58s
 1334  2.9e+02   3.4e-08   6.2e-07  4.59s
 1335  3.0e+02   8.3e-06   1.4e-06  4.59s
 1336  3.0e+02   1.1e-07   6.9e-07  4.59s
 1337  3.0e+02   2.6e-05   6.0e-07  4.60s
 1338  3.0e+02   1.3e-06   3.6e-06  4.60s
 1339  3.0e+02   5.1e-07   7.7e-07  4.61s
 1340  3.0e+02   2.2e-06   3.0e-06  4.61s
 1341  3.0e+02   2.4e-06   5.2e-07  4.62s
 1342  3.0e+02   2.4e-06   7.9e-06  4.62s
 1343  3.0e+02   4.6e-07   1.8e-04  4.62s
 1344  3.0e+02   1.5e-06   5.0e-07  4.63s
 1345  3.0e+02   2.6e-05   1.2e-06  4.63s
 1346  3.0e+02   3.6e-07   3.3e-06  4.64s
 1347  3.0e+02   3.8e-06   5.2e-07  4.64s
 1348  3.0e+02   1.4e-05   6.4e-07  4.65s
 1349  3.0e+02   9.5e-08   1.3e-06  4.65s
 1350  3.0e+02   1.9e-05   5.2e-07  4.66s
 1351  3.1e+02   2.7e-06   1.5e-06  4.66s
 1352  3.1e+02   1.4e-06   2.6e-06  4.66s
 1353  3.1e+02   3.4e-06   5.1e-07  4.67s
 1354  3.1e+02   1.4e-06   2.3e-04  4.67s
 1355  2.8e+02   7.6e-06   5.0e-07  4.68s
 1356  6.7e+02   8.7e-06   1.6e-06  4.68s
 1357  3.5e+02   2.1e-07   8.3e-06  4.69s
 1358  3.5e+02   1.4e-06   5.8e-07  4.69s
 1359  3.5e+02   7.2e-07   4.5e-06  4.69s
 1360  3.4e+02   2.3e-06   6.0e-07  4.70s
 1361  3.4e+02   8.9e-07   8.3e-07  4.70s
 1362  3.4e+02   3.3e-06   8.0e-06  4.71s
 1363  3.4e+02   9.2e-07   4.9e-06  4.71s
 1364  3.4e+02   3.7e-06   5.3e-07  4.72s
 1365  3.4e+02   5.2e-06   5.7e-07  4.72s
 1366  3.4e+02   2.4e-07   1.8e-05  4.73s
 1367  3.4e+02   5.9e-06   1.1e-06  4.73s
 1368  3.4e+02   9.6e-06   5.1e-07  4.73s
 1369  3.3e+02   1.0e-06   3.9e-06  4.74s
 1370  3.4e+02   9.8e-07   3.3e-06  4.74s
 1371  3.4e+02   1.8e-06   5.1e-07  4.75s
 1372  3.4e+02   1.1e-05   1.2e-06  4.75s
 1373  3.4e+02   3.4e-07   3.5e-05  4.76s
 1374  3.4e+02   3.7e-07   5.1e-07  4.76s
 1375  3.4e+02   4.4e-06   8.8e-06  4.77s
 1376  3.4e+02   6.8e-07   3.3e-06  4.77s
 1377  3.4e+02   1.9e-06   1.1e-06  4.77s
 1378  3.4e+02   2.7e-05   5.0e-07  4.78s
 1379  3.5e+02   1.9e-06   2.2e-06  4.78s
 1380  3.4e+02   1.1e-06   1.2e-06  4.79s
 1381  3.4e+02   5.9e-07   6.6e-06  4.79s
 1382  3.4e+02   2.0e-06   5.3e-07  4.80s
 1383  3.5e+02   8.3e-06   8.1e-07  4.80s
 1384  3.4e+02   3.0e-06   5.2e-06  4.80s
 1385  3.4e+02   4.6e-07   1.6e-06  4.81s
 1386  3.5e+02   1.0e-05   5.8e-07  4.81s
 1387  3.5e+02   1.4e-06   2.1e-05  4.82s
 1388  2.1e+02   2.8e-05   5.8e-07  4.82s
 1389  5.5e+02   4.8e-07   7.1e-07  4.83s
 1390  2.9e+02   1.4e-06   5.0e-07  4.83s
 1391  3.1e+02   6.8e-07   1.1e-04  4.84s
 1392  3.2e+02   1.4e-06   6.3e-07  4.84s
 1393  3.3e+02   5.9e-06   6.9e-07  4.84s
 1394  3.2e+02   3.2e-07   2.3e-06  4.85s
 1395  3.1e+02   5.3e-05   5.2e-07  4.85s
 1396  3.1e+02   6.0e-08   1.5e-06  4.85s
 1397  3.1e+02   5.5e-07   5.2e-03  4.86s
 1398  3.1e+02   4.0e-07   5.6e-07  4.86s
 1399  3.0e+02   4.1e-06   7.5e-07  4.87s
 1400  3.0e+02   1.3e-06   1.3e-06  4.87s
 1401  3.0e+02   3.6e-06   5.0e-07  4.87s
 1402  3.0e+02   3.4e-06   1.9e-06  4.88s
 1403  3.0e+02   8.7e-06   5.4e-07  4.88s
 1404  3.0e+02   3.6e-07   1.1e-04  4.89s
 1405  3.0e+02   4.3e-06   7.5e-07  4.89s
 1406  3.0e+02   2.9e-06   5.6e-07  4.89s
 1407  3.0e+02   9.6e-07   7.8e-07  4.89s
 1408  3.0e+02   2.5e-06   3.0e-06  4.90s
 1409  3.0e+02   8.7e-06   5.9e-07  4.90s
 1410  3.0e+02   2.9e-07   2.3e-06  4.90s
 1411  3.0e+02   7.6e-06   6.6e-07  4.90s
 1412  3.0e+02   7.2e-06   2.3e-06  4.91s
 1413  3.0e+02   2.5e-07   2.3e-06  4.91s
 1414  3.0e+02   2.9e-06   5.0e-07  4.91s
 1415  3.0e+02   7.8e-08   3.9e-05  4.92s
 1416  3.0e+02   1.6e-05   9.0e-07  4.92s
 1417  3.0e+02   3.5e-06   1.4e-06  4.93s
 1418  3.0e+02   2.6e-06   1.4e-06  4.93s
 1419  3.0e+02   1.5e-07   6.6e-07  4.94s
 1420  3.0e+02   1.5e-06   9.6e-07  4.94s
 1421  3.0e+02   1.4e-05   9.3e-07  4.94s
 1422  3.0e+02   2.3e-06   5.5e-07  4.95s
 1423  3.0e+02   1.9e-06   1.2e-04  4.95s
 1424  3.0e+02   3.1e-06   5.0e-07  4.96s
 1425  3.0e+02   1.7e-07   4.4e-05  4.96s
 1426  3.0e+02   4.2e-05   9.8e-06  4.97s
 1427  3.0e+02   2.1e-07   1.8e-06  4.97s
 1428  3.0e+02   1.8e-05   6.3e-07  4.97s
 1429  3.0e+02   6.7e-06   5.2e-07  4.98s
 1430  3.0e+02   1.3e-06   5.8e-06  4.98s
 1431  3.1e+02   3.3e-06   1.1e-06  4.99s
 1432  2.5e+02   1.6e-05   5.0e-07  4.99s
 1433  4.1e+02   2.6e-06   4.0e-06  5.00s
 1434  2.9e+02   7.7e-08   2.8e-06  5.00s
 1435  1.3e+02   1.1e-04   7.8e-07  5.01s
 1436  2.8e+02   4.7e-08   1.4e-06  5.01s
 1437  2.8e+02   4.5e-07   5.7e-07  5.01s
 1438  5.5e+02   3.7e-04   3.4e-06  5.02s
 1439  2.6e+02   5.5e-07   5.2e-07  5.02s
 1440  3.3e+02   3.5e-07   2.4e-05  5.03s
 1441  3.3e+02   1.6e-06   9.7e-07  5.03s
 1442  4.6e+02   2.7e-05   5.8e-07  5.04s
 1443  3.6e+02   2.4e-07   1.1e-06  5.04s
 1444  3.6e+02   3.4e-07   5.2e-05  5.04s
 1445  3.6e+02   1.6e-06   2.8e-06  5.05s
 1446  3.6e+02   8.2e-06   5.3e-07  5.05s
 1447  3.7e+02   1.6e-06   3.8e-06  5.06s
 1448  3.6e+02   1.1e-06   7.0e-07  5.06s
 1449  3.6e+02   1.9e-06   5.8e-07  5.07s
 1450  3.6e+02   1.6e-06   1.2e-06  5.07s
 1451  3.6e+02   2.1e-07   1.5e-06  5.08s
 1452  3.6e+02   5.5e-06   1.1e-06  5.08s
 1453  3.6e+02   1.0e-06   5.4e-07  5.08s
 1454  3.6e+02   3.9e-06   4.0e-06  5.09s
 1455  3.6e+02   3.5e-06   5.1e-07  5.09s
 1456  3.6e+02   8.0e-07   2.6e-05  5.10s
 1457  3.6e+02   6.3e-08   5.1e-07  5.10s
 1458  3.5e+02   8.0e-06   3.1e-03  5.11s
 1459  3.5e+02   2.2e-06   5.0e-07  5.11s
 1460  3.5e+02   2.4e-07   1.9e-06  5.11s
 1461  3.5e+02   7.3e-06   5.3e-06  5.12s
 1462  3.5e+02   2.5e-06   5.4e-07  5.12s
 1463  3.5e+02   3.9e-06   6.0e-07  5.13s
 1464  3.5e+02   1.9e-06   3.1e-06  5.13s
 1465  3.5e+02   6.1e-06   7.5e-07  5.14s
 1466  3.5e+02   6.5e-07   1.2e-06  5.14s
 1467  3.5e+02   1.0e-06   1.6e-05  5.15s
 1468  3.5e+02   6.0e-06   5.3e-07  5.15s
 1469  3.5e+02   3.9e-07   6.8e-07  5.15s
 1470  3.5e+02   9.7e-06   1.7e-06  5.16s
 1471  3.5e+02   6.7e-07   3.6e-05  5.16s
 1472  3.5e+02   4.5e-07   5.5e-07  5.17s
 1473  3.5e+02   1.6e-05   6.8e-07  5.17s
 1474  3.4e+02   4.7e-05   5.0e-07  5.18s
 1475  3.4e+02   3.2e-06   4.2e-06  5.18s
 1476  3.4e+02   3.8e-08   9.0e-07  5.18s
 1477  3.4e+02   1.9e-05   3.8e-06  5.19s
 1478  3.4e+02   8.0e-06   5.0e-07  5.19s
 1479  3.4e+02   1.9e-07   3.2e-06  5.20s
 1480  3.4e+02   8.3e-06   9.0e-07  5.20s
 1481  3.5e+02   4.1e-06   1.2e-06  5.21s
 1482  3.6e+02   1.5e-06   7.6e-07  5.21s
 1483  3.6e+02   8.0e-07   3.2e-05  5.21s
 1484  3.6e+02   2.4e-06   8.9e-07  5.22s
 1485  3.6e+02   5.4e-07   9.9e-06  5.22s
 1486  3.6e+02   5.6e-06   6.2e-07  5.23s
 1487  3.6e+02   1.9e-06   5.2e-07  5.23s
 1488  3.5e+02   1.5e-05   5.2e-07  5.24s
 1489  3.6e+02   4.9e-07   5.2e-05  5.24s
 1490  3.6e+02   3.5e-07   5.4e-07  5.25s
 1491  3.5e+02   8.1e-06   2.3e-06  5.25s
 1492  3.2e+02   1.2e-05   5.7e-07  5.25s
 1493  2.9e+02   1.7e-06   3.1e-06  5.26s
 1494  2.8e+02   1.2e-06   9.1e-07  5.26s
 1495  2.7e+02   1.2e-06   8.6e-07  5.27s
 1496  2.8e+02   1.4e-06   3.5e-06  5.27s
 1497  2.8e+02   3.4e-07   8.3e-07  5.28s
 1498  3.3e+02   1.7e-04   5.0e-07  5.28s
 1499  3.3e+02   1.5e-07   1.3e-05  5.28s
 1500  3.5e+02   2.4e-06   5.9e-07  5.29s
 1501  3.6e+03   7.5e-05   3.1e-05  5.29s
 1502  7.9e+03   1.3e-06   5.8e-07  5.30s
 1503  5.6e+03   8.7e-06   5.2e-07  5.30s
 1504  1.9e+04   2.8e-07   3.4e-05  5.31s
 1505  2.1e+02   8.4e-07   5.9e-07  5.31s
 1506  4.8e+02   8.4e-07   1.6e-06  5.31s
 1507  6.5e+02   1.3e-06   1.7e-06  5.32s
 1508  4.3e+02   2.1e-05   5.0e-07  5.32s
 1509  6.6e+02   3.6e-08   6.6e-04  5.33s
 1510  6.8e+02   6.0e-06   7.3e-07  5.33s
 1511  6.3e+02   3.6e-06   5.2e-07  5.34s
 1512  5.5e+02   1.1e-06   1.7e-06  5.34s
 1513  5.9e+02   6.4e-06   7.3e-07  5.35s
 1514  4.8e+02   1.0e-06   1.1e-05  5.35s
 1515  5.3e+02   9.7e-07   6.6e-07  5.36s
 1516  5.2e+02   4.0e-07   2.1e-05  5.36s
 1517  6.1e+02   5.6e-05   5.1e-07  5.36s
 1518  5.4e+02   1.0e-07   9.0e-07  5.37s
 1519  5.5e+02   2.4e-06   5.0e-05  5.37s
 1520  5.5e+02   1.9e-06   5.9e-07  5.38s
 1521  5.5e+02   3.1e-06   5.6e-07  5.38s
 1522  6.0e+02   4.8e-06   1.1e-06  5.39s
 1523  5.8e+02   9.1e-07   4.6e-06  5.39s
 1524  5.8e+02   9.4e-07   3.9e-06  5.40s
 1525  5.8e+02   1.1e-08   6.0e-07  5.40s
 1526  5.8e+02   1.6e-04   8.7e-07  5.40s
 1527  5.6e+02   2.4e-05   5.2e-07  5.41s
 1528  5.7e+02   7.4e-07   1.6e-06  5.41s
 1529  2.3e+02   2.5e-05   5.1e-07  5.42s
 1530  4.0e+02   2.5e-06   4.8e-06  5.42s
 1531  6.0e+03   6.5e-06   8.8e-06  5.43s
 1532  5.4e+03   6.2e-07   2.6e-06  5.43s
 1533  5.6e+03   6.4e-07   6.6e-07  5.43s
 1534  2.2e+03   1.0e-05   5.0e-07  5.44s
 1535  3.6e+03   3.6e-07   6.1e-05  5.44s
 1536  4.2e+03   5.1e-06   9.0e-07  5.45s
 1537  5.3e+03   1.5e-06   1.3e-06  5.45s
 1538  5.3e+03   7.6e-07   8.6e-07  5.46s
 1539  5.3e+03   7.0e-08   1.4e-06  5.46s
 1540  5.2e+03   3.4e-05   2.0e-06  5.47s
 1541  5.3e+03   8.0e-07   5.1e-07  5.47s
 1542  2.0e+03   3.2e-05   6.4e-07  5.47s
 1543  2.3e+03   5.5e-07   2.1e-02  5.48s
 1544  2.3e+03   9.4e-07   5.0e-07  5.48s
 1545  2.0e+06   1.4e-02   8.1e-07  5.49s
 1546  1.1e+03   7.2e-10   7.9e-06  5.49s
 1547  7.4e+02   9.6e-07   1.7e-06  5.50s
 1548  7.7e+02   1.3e-06   6.5e-07  5.50s
 1549  7.7e+01   4.8e-06   7.2e-07  5.50s
 1550  2.1e+02   1.8e-06   5.7e-07  5.51s
 1551  2.0e+02   3.8e-08   2.7e-06  5.51s
 1552  9.8e+01   2.9e-05   1.3e-06  5.52s
 1553  7.3e+01   4.0e-06   5.1e-07  5.52s
 1554  3.5e+01   3.6e-07   1.2e-05  5.53s
 1555  1.2e+02   4.2e-05   5.6e-07  5.53s
 1556  1.4e+02   7.1e-07   1.1e-06  5.54s
 1557  1.3e+02   7.1e-07   1.5e-06  5.54s
 1558  1.6e+02   3.6e-06   5.1e-07  5.54s
 1559  2.9e+02   6.2e-06   2.1e-06  5.55s
 1560  4.8e+02   1.4e-06   3.1e-06  5.55s
 1561  4.4e+02   3.4e-07   6.0e-05  5.56s
 1562  4.4e+02   1.8e-06   5.1e-07  5.56s
 1563  4.1e+02   8.9e-06   5.7e-07  5.57s
 1564  4.3e+02   3.6e-07   2.0e-06  5.57s
 1565  4.5e+02   4.6e-06   5.8e-07  5.58s
 1566  4.4e+02   3.0e-07   1.5e-05  5.58s
 1567  4.4e+02   5.7e-08   9.0e-07  5.58s
 1568  2.9e+02   2.4e-03   7.2e-07  5.59s
 1569  5.4e+01   1.2e-06   9.3e-07  5.59s
 1570  1.4e+02   6.9e-07   5.5e-07  5.60s
 1571  1.2e+03   5.2e-06   1.2e-04  5.60s
 1572  7.6e+02   1.6e-06   5.0e-07  5.61s
 1573  7.6e+02   7.7e-08   3.0e-06  5.61s
 1574  7.4e+02   1.4e-05   1.2e-05  5.61s
 1575  7.4e+02   5.3e-07   6.9e-07  5.62s
 1576  7.3e+02   4.5e-06   7.9e-07  5.62s
 1577  7.1e+02   1.5e-06   2.9e-06  5.63s
 1578  7.0e+02   3.0e-06   8.3e-07  5.63s
 1579  6.8e+02   2.1e-06   1.3e-06  5.64s
 1580  6.3e+02   5.8e-06   5.1e-07  5.64s
 1581  5.7e+02   2.2e-06   5.6e-06  5.65s
 1582  3.3e+02   4.4e-06   5.1e-07  5.65s
 1583  3.4e+02   6.6e-07   2.6e-05  5.65s
 1584  3.3e+02   1.3e-06   5.7e-07  5.66s
 1585  1.1e+03   4.5e-05   5.4e-07  5.66s
 1586  5.2e+03   4.6e-06   4.0e-06  5.67s
 1587  8.4e+02   1.8e-07   8.0e-07  5.67s
 1588  2.5e+01   9.9e-07   1.0e-06  5.68s
 1589  3.3e+01   3.3e-06   5.3e-07  5.68s
 1590  5.4e+01   2.6e-07   2.1e-03  5.68s
 1591  8.8e+01   4.2e-06   5.1e-07  5.69s
 1592  1.1e+02   8.4e-07   1.2e-06  5.69s
 1593  1.1e+02   1.7e-06   3.5e-06  5.70s
 1594  9.6e+01   4.1e-06   5.5e-07  5.70s
 1595  9.6e+01   2.5e-07   1.3e-06  5.71s
 1596  9.1e+01   9.1e-06   5.0e-07  5.71s
 1597  2.1e+02   2.2e-05   1.4e-06  5.72s
 1598  7.5e+01   4.3e-08   1.6e-05  5.72s
 1599  4.8e+01   1.1e-05   7.0e-07  5.72s
 1600  5.5e+01   8.3e-07   3.5e-06  5.73s
 1601  5.4e+01   1.9e-06   5.1e-07  5.73s
 1602  5.5e+01   1.8e-07   1.3e-05  5.74s
 1603  1.1e+02   5.9e-05   6.8e-07  5.74s
 1604  1.3e+02   1.1e-06   1.3e-06  5.75s
 1605  1.0e+02   2.6e-06   5.2e-07  5.75s
 1606  3.7e+01   2.4e-06   9.7e-07  5.75s
 1607  1.3e+02   2.4e-06   4.6e-05  5.76s
 1608  1.8e+02   2.1e-06   5.1e-07  5.76s
 1609  1.7e+02   8.3e-07   7.6e-06  5.77s
 1610  1.1e+02   8.2e-06   5.3e-07  5.77s
 1611  1.0e+03   7.4e-06   1.7e-06  5.78s
 1612  3.9e+01   2.3e-07   6.5e-07  5.78s
 1613  5.4e+01   8.3e-07   3.6e-06  5.79s
 1614  5.2e+01   5.3e-07   1.3e-06  5.79s
 1615  5.0e+01   3.0e-06   9.7e-06  5.79s
 1616  5.0e+01   5.2e-07   4.7e-06  5.80s
 1617  5.0e+01   6.3e-07   5.0e-07  5.80s
 1618  5.1e+01   2.0e-05   6.6e-07  5.81s
 1619  5.8e+01   9.3e-06   6.9e-07  5.81s
 1620  5.0e+01   2.5e-06   5.4e-07  5.82s
 1621  8.1e+01   1.1e-06   1.9e-05  5.82s
 1622  2.1e+02   1.3e-05   1.2e-06  5.83s
 1623  5.3e+01   1.4e-07   1.0e-06  5.83s
 1624  5.4e+01   7.7e-07   1.2e-06  5.83s
 1625  5.5e+01   1.8e-06   6.8e-07  5.84s
 1626  5.5e+01   1.2e-06   1.6e-06  5.84s
 1627  5.5e+01   3.4e-07   5.9e-07  5.85s
 1628  5.5e+01   3.0e-06   3.3e-05  5.85s
 1629  5.5e+01   1.9e-06   5.0e-07  5.86s
 1630  5.5e+01   7.8e-06   2.9e-04  5.86s
 1631  5.6e+01   1.4e-06   5.5e-07  5.86s
 1632  5.6e+01   9.7e-07   1.3e-06  5.87s
 1633  5.6e+01   1.3e-06   3.1e-06  5.87s
 1634  5.6e+01   1.8e-07   9.1e-07  5.87s
 1635  5.6e+01   1.2e-05   5.7e-07  5.87s
 1636  5.6e+01   3.8e-06   5.5e-07  5.88s
 1637  5.6e+01   4.4e-06   1.0e-06  5.88s
 1638  5.6e+01   6.1e-07   6.3e-07  5.88s
 1639  5.5e+01   6.4e-06   1.9e-05  5.88s
 1640  5.4e+01   3.3e-06   5.0e-07  5.89s
 1641  5.4e+01   6.3e-07   1.6e-05  5.89s
 1642  4.9e+01   1.4e-05   5.6e-07  5.89s
 1643  3.7e+01   1.4e-06   1.9e-06  5.89s
 1644  3.9e+01   8.8e-07   4.3e-06  5.90s
 1645  3.6e+01   4.4e-06   5.0e-07  5.90s
 1646  3.1e+01   2.7e-06   2.6e-06  5.90s
 1647  3.1e+01   1.6e-09   5.7e-07  5.90s
 1648  4.2e+01   2.9e-03   1.1e-06  5.91s
 1649  2.8e+01   1.9e-07   1.9e-05  5.91s
 1650  2.7e+01   1.4e-06   5.1e-07  5.91s
 1651  2.3e+01   3.2e-06   6.3e-07  5.91s
 1652  2.4e+01   1.4e-06   4.7e-07  5.92s
 1653  2.7e+01   2.3e-06   1.1e-06  5.92s
 1654  2.5e+01   7.4e-07   4.3e-07  5.92s
 1655  2.6e+01   7.1e-07   8.5e-06  5.93s
 1656  2.6e+01   7.2e-07   4.9e-07  5.93s
 1657  2.6e+01   2.2e-06   6.1e-07  5.93s
 1658  2.6e+01   2.0e-07   3.5e-07  5.93s
 1659  2.6e+01   9.7e-07   1.1e-04  5.94s
 1660  2.6e+01   3.4e-07   1.3e-06  5.94s
 1661  2.6e+01   3.3e-07   1.1e-06  5.94s
 1662  2.6e+01   5.0e-06   5.2e-07  5.94s
 1663  2.6e+01   1.6e-07   5.0e-07  5.95s
 1664  2.6e+01   3.6e-06   3.2e-06  5.95s
 1665  2.2e+01   5.3e-04   1.6e-06  5.95s
 1666  2.6e+01   1.1e-08   6.7e-07  5.95s
 1667  2.4e+01   5.9e-05   1.5e-06  5.96s
 1668  2.7e+01   1.7e-07   1.2e-06  5.96s
 1669  2.7e+01   1.7e-08   9.0e-07  5.96s
 1670  2.7e+01   3.6e-05   1.3e-05  5.96s
 1671  2.6e+01   4.9e-06   6.3e-07  5.97s
 1672  2.6e+01   3.4e-07   2.5e-08  5.97s
 1673  2.6e+01   5.1e-07   1.8e-07  5.97s
 1674  2.6e+01   2.0e-07   2.2e-06  5.97s
 1675  2.7e+01   1.5e-06   5.7e-07  5.98s
 1676  2.6e+01   5.8e-07   1.8e-06  5.98s
 1677  2.1e+01   1.6e-05   5.0e-07  5.98s
 1678  2.7e+01   3.8e-06   4.0e-06  5.98s
 1679  2.7e+01   2.3e-08   9.7e-07  5.99s
 1680  1.9e+01   1.2e-05   1.6e-06  5.99s
 1681  2.2e+01   2.4e-06   2.5e-07  5.99s
 1682  2.2e+01   5.7e-07   1.6e-05  6.00s
 1683  2.2e+01   1.8e-07   5.0e-07  6.00s
 1684  2.2e+01   2.0e-06   4.4e-07  6.00s
 1685  2.0e+01   9.0e-06   7.3e-07  6.00s
 1686  2.6e+01   1.4e-06   1.5e-05  6.01s
 1687  2.4e+01   5.2e-07   3.5e-07  6.01s
 1688  2.4e+01   3.1e-06   3.7e-07  6.01s
 1689  2.4e+01   4.4e-07   2.7e-05  6.01s
 1690  2.4e+01   1.9e-07   6.5e-07  6.02s
 1691  2.4e+01   2.1e-05   1.6e-06  6.02s
 1692  2.4e+01   1.8e-07   7.0e-07  6.02s
 1693  2.4e+01   5.8e-07   3.3e-07  6.02s
 1694  2.4e+01   4.8e-06   6.4e-06  6.03s
 1695  2.4e+01   3.2e-07   7.7e-07  6.03s
 1696  2.3e+01   1.3e-06   8.2e-07  6.03s
 1697  2.3e+01   4.0e-07   2.6e-06  6.03s
 1698  2.3e+01   3.9e-06   5.0e-07  6.04s
 1699  2.3e+01   6.4e-07   1.3e-06  6.04s
 1700  2.4e+01   5.3e-05   2.4e-06  6.04s
 1701  2.3e+01   8.5e-08   9.4e-06  6.05s
 1702  2.3e+01   2.3e-05   5.0e-07  6.05s
 1703  2.4e+01   2.2e-07   3.3e-07  6.05s
 1704  2.4e+01   1.1e-06   3.7e-06  6.05s
 1705  2.3e+01   6.7e-06   9.4e-07  6.06s
 1706  2.3e+01   4.0e-07   8.3e-06  6.06s
 1707  2.3e+01   3.4e-07   6.3e-07  6.06s
 1708  2.3e+01   4.4e-06   1.0e-06  6.06s
 1709  2.3e+01   1.8e-06   3.0e-06  6.07s
 1710  2.3e+01   1.3e-06   5.1e-07  6.07s
 1711  2.4e+01   2.8e-06   9.4e-07  6.07s
 1712  2.5e+01   2.5e-05   5.1e-06  6.08s
 1713  2.1e+01   8.5e-07   5.2e-07  6.08s
 1714  4.0e+01   2.8e-06   8.5e-07  6.08s
 1715  2.0e+01   7.2e-08   7.8e-06  6.09s
 1716  2.4e+01   1.3e-06   6.3e-07  6.09s
 1717  2.8e+01   4.5e-06   5.0e-07  6.10s
 1718  2.3e+01   4.9e-07   3.7e-04  6.10s
 1719  2.1e+01   1.3e-05   8.3e-07  6.11s
 1720  2.2e+01   4.2e-07   1.6e-06  6.11s
 1721  2.4e+01   7.6e-07   5.1e-07  6.11s
 1722  2.4e+01   6.1e-07   1.6e-06  6.12s
 1723  2.4e+01   2.4e-07   9.2e-07  6.12s
 1724  2.4e+01   2.6e-04   1.1e-06  6.13s
 1725  2.4e+01   1.5e-07   2.1e-05  6.13s
 1726  2.4e+01   6.9e-07   5.2e-07  6.14s
 1727  2.4e+01   2.3e-06   7.4e-07  6.14s
 1728  2.4e+01   8.0e-06   5.2e-07  6.15s
 1729  2.4e+01   1.7e-07   2.7e-06  6.15s
 1730  2.4e+01   1.1e-06   4.0e-06  6.16s
 1731  2.4e+01   2.1e-05   7.0e-07  6.16s
 1732  2.4e+01   5.3e-07   3.6e-06  6.16s
 1733  2.4e+01   1.2e-06   1.4e-06  6.17s
 1734  2.4e+01   6.9e-06   4.8e-07  6.17s
 1735  2.4e+01   3.5e-07   1.3e-05  6.18s
 1736  2.4e+01   2.7e-06   5.7e-07  6.18s
 1737  2.4e+01   2.0e-07   1.3e-07  6.19s
 1738  2.4e+01   1.2e-05   1.5e-06  6.19s
 1739  2.4e+01   2.3e-07   2.2e-06  6.19s
 1740  2.4e+01   5.6e-06   5.1e-07  6.20s
 1741  2.4e+01   3.0e-07   7.3e-06  6.20s
 1742  2.5e+01   2.1e-05   5.3e-07  6.21s
 1743  2.2e+01   1.2e-06   6.4e-06  6.21s
 1744  2.4e+01   2.4e-06   5.9e-07  6.22s
 1745  2.2e+01   4.1e-07   5.8e-06  6.22s
 1746  2.4e+01   4.7e-06   6.8e-07  6.23s
 1747  2.5e+01   6.9e-07   5.8e-07  6.23s
 1748  2.4e+01   4.9e-06   9.3e-07  6.23s
 1749  2.6e+01   3.9e-07   2.6e-05  6.24s
 1750  2.6e+01   2.0e-07   6.2e-07  6.24s
 1751  2.6e+01   6.6e-06   2.4e-06  6.25s
 1752  2.6e+01   6.7e-06   5.3e-07  6.25s
 1753  2.6e+01   1.9e-07   9.4e-07  6.26s
 1754  2.5e+01   1.4e-05   9.9e-07  6.26s
 1755  2.6e+01   2.7e-06   5.0e-07  6.27s
 1756  2.9e+01   1.7e-06   2.1e-06  6.27s
 1757  2.9e+01   2.1e-06   4.3e-06  6.27s
 1758  2.9e+01   9.3e-08   2.3e-06  6.28s
 1759  2.9e+01   9.9e-06   2.9e-06  6.28s
 1760  2.8e+01   6.2e-06   5.0e-07  6.29s
 1761  2.8e+01   4.1e-07   2.0e-07  6.29s
 1762  2.5e+01   5.6e-06   2.0e-07  6.30s
 1763  3.4e+01   3.8e-07   1.8e-05  6.30s
 1764  3.3e+01   3.4e-07   6.9e-07  6.30s
 1765  3.2e+01   6.3e-07   2.3e-06  6.31s
 1766  4.0e+01   1.0e-05   6.2e-07  6.31s
 1767  4.0e+01   3.3e-08   6.6e-07  6.32s
 1768  4.0e+01   3.4e-09   1.2e-06  6.32s
 1769  3.9e+01   1.3e-03   5.1e-07  6.33s
 1770  4.1e+01   4.6e-07   4.2e-06  6.33s
 1771  4.1e+01   2.3e-07   1.3e-06  6.34s
 1772  3.5e+01   3.0e-05   6.6e-07  6.34s
 1773  3.3e+01   9.1e-07   4.2e-07  6.35s
 1774  3.5e+01   2.0e-06   4.9e-07  6.35s
 1775  3.5e+01   4.0e-08   1.3e-05  6.35s
 1776  3.5e+01   6.1e-06   5.8e-07  6.36s
 1777  3.5e+01   2.3e-07   1.1e-06  6.36s
 1778  3.3e+01   5.5e-05   4.8e-07  6.37s
 1779  3.1e+01   8.2e-07   7.5e-06  6.37s
 1780  3.4e+01   1.5e-06   9.2e-07  6.38s
 1781  2.9e+01   9.1e-07   4.2e-07  6.38s
 1782  3.0e+01   4.2e-07   2.1e-05  6.38s
 1783  2.7e+01   1.1e-05   7.5e-07  6.39s
 1784  2.7e+01   6.0e-07   1.3e-06  6.39s
 1785  2.8e+01   2.6e-06   5.1e-07  6.40s
 1786  2.5e+01   8.2e-07   1.2e-05  6.40s
 1787  2.5e+01   4.7e-07   3.7e-07  6.41s
 1788  2.2e+01   2.2e-05   6.1e-07  6.41s
 1789  2.2e+01   6.9e-07   1.3e-06  6.42s
 1790  2.2e+01   2.4e-07   5.5e-07  6.42s
 1791  2.5e+01   4.4e-05   1.6e-06  6.43s
 1792  1.9e+01   3.0e-07   8.0e-07  6.43s
 1793  1.9e+01   3.7e-07   5.1e-07  6.43s
 1794  2.2e+01   6.7e-06   1.2e-05  6.44s
 1795  3.6e+01   7.7e-07   2.1e-06  6.44s
 1796  2.3e+01   9.5e-07   5.0e-07  6.45s
 1797  2.5e+01   6.5e-07   9.4e-05  6.45s
 1798  3.8e+01   4.2e-06   7.0e-07  6.46s
 1799  2.9e+01   2.2e-07   3.7e-06  6.46s
 1800  2.9e+01   3.0e-06   5.9e-07  6.46s
 1801  2.9e+01   3.6e-07   7.2e-07  6.47s
 1802  2.9e+01   3.6e-06   9.7e-07  6.47s
 1803  2.9e+01   6.9e-07   9.5e-06  6.48s
 1804  2.9e+01   4.7e-07   2.1e-06  6.48s
 1805  2.9e+01   4.2e-06   1.6e-07  6.49s
 1806  2.9e+01   6.2e-06   4.9e-07  6.49s
 1807  2.9e+01   4.1e-07   1.9e-05  6.50s
 1808  2.9e+01   7.6e-07   4.7e-07  6.50s
 1809  2.9e+01   1.1e-06   3.5e-06  6.50s
 1810  2.9e+01   1.0e-07   4.6e-07  6.51s
 1811  2.9e+01   1.1e-05   3.5e-07  6.51s
 1812  2.9e+01   2.2e-06   1.1e-06  6.52s
 1813  2.9e+01   9.7e-07   3.4e-06  6.52s
 1814  2.9e+01   7.8e-07   4.8e-07  6.53s
 1815  2.9e+01   1.5e-06   9.7e-07  6.53s
 1816  2.9e+01   3.3e-06   6.0e-07  6.54s
 1817  2.9e+01   8.5e-07   3.1e-07  6.54s
 1818  2.8e+01   4.9e-06   1.7e-06  6.54s
 1819  2.9e+01   1.4e-07   2.0e-05  6.55s
 1820  2.9e+01   8.5e-07   6.7e-07  6.55s
 1821  2.9e+01   1.0e-06   4.9e-07  6.56s
 1822  2.9e+01   1.5e-06   3.7e-05  6.56s
 1823  2.9e+01   3.1e-07   2.1e-06  6.57s
 1824  2.7e+01   3.0e-04   5.6e-07  6.57s
 1825  3.1e+01   4.7e-07   3.2e-06  6.57s
 1826  2.6e+01   2.8e-06   5.1e-07  6.58s
 1827  1.9e+01   4.3e-06   4.5e-06  6.58s
 1828  3.0e+01   2.9e-07   8.7e-07  6.59s
 1829  3.0e+01   1.0e-06   5.6e-07  6.59s
 1830  2.9e+01   2.5e-06   5.5e-07  6.60s
 1831  2.8e+01   1.9e-06   4.3e-05  6.60s
 1832  2.9e+01   4.5e-07   1.8e-06  6.61s
 1833  2.9e+01   2.4e-07   7.0e-06  6.61s
 1834  2.9e+01   3.2e-06   6.0e-07  6.61s
 1835  2.9e+01   1.7e-06   4.9e-07  6.62s
 1836  2.9e+01   4.4e-06   2.6e-07  6.62s
 1837  2.9e+01   5.2e-06   2.3e-06  6.63s
 1838  2.9e+01   1.5e-07   5.8e-07  6.63s
 1839  2.9e+01   3.5e-06   2.9e-06  6.64s
 1840  2.8e+01   1.2e-05   1.9e-06  6.64s
 1841  2.9e+01   1.0e-07   5.1e-07  6.64s
 1842  2.9e+01   9.3e-08   6.6e-07  6.65s
 1843  2.9e+01   2.0e-05   1.9e-06  6.65s
 1844  2.9e+01   4.3e-07   7.6e-07  6.66s
 1845  2.9e+01   5.1e-07   1.5e-06  6.66s
 1846  2.9e+01   2.8e-05   5.5e-07  6.67s
 1847  2.9e+01   4.0e-06   6.4e-06  6.67s
 1848  2.9e+01   7.3e-08   5.0e-07  6.68s
 1849  2.9e+01   3.5e-07   2.7e-04  6.68s
 1850  2.9e+01   4.7e-07   5.3e-07  6.68s
 1851  2.9e+01   1.4e-05   7.7e-07  6.69s
 1852  2.9e+01   4.6e-06   2.5e-06  6.69s
 1853  2.9e+01   1.1e-06   1.5e-06  6.70s
 1854  2.9e+01   4.3e-07   1.7e-05  6.70s
 1855  2.9e+01   1.2e-06   5.0e-07  6.71s
 1856  2.9e+01   1.9e-05   8.6e-07  6.71s
 1857  2.9e+01   1.6e-07   3.7e-07  6.71s
 1858  2.9e+01   2.3e-06   4.0e-07  6.72s
 1859  2.9e+01   3.1e-06   4.8e-07  6.72s
 1860  2.9e+01   4.9e-08   2.6e-06  6.73s
 1861  2.9e+01   5.2e-06   9.3e-07  6.73s
 1862  2.9e+01   6.0e-07   6.3e-06  6.74s
 1863  2.9e+01   4.2e-07   1.1e-06  6.74s
 1864  2.9e+01   5.4e-07   4.6e-07  6.75s
 1865  2.9e+01   5.4e-05   3.0e-06  6.75s
 1866  2.9e+01   1.5e-06   9.4e-06  6.75s
 1867  2.9e+01   5.5e-06   5.0e-07  6.76s
 1868  2.9e+01   5.6e-07   1.2e-06  6.76s
 1869  2.8e+01   2.5e-06   4.6e-06  6.77s
 1870  2.8e+01   5.8e-07   7.3e-07  6.77s
 1871  2.9e+01   4.3e-06   7.5e-06  6.78s
 1872  2.9e+01   7.7e-07   5.0e-07  6.78s
 1873  2.9e+01   1.9e-07   4.8e-06  6.78s
 1874  2.9e+01   1.2e-05   7.4e-07  6.79s
 1875  2.9e+01   8.5e-07   3.1e-06  6.79s
 1876  2.9e+01   1.4e-06   1.2e-06  6.80s
 1877  3.1e+01   3.5e-04   6.4e-07  6.80s
 1878  2.9e+01   3.3e-08   5.5e-06  6.81s
 1879  2.9e+01   1.4e-07   5.2e-07  6.81s
 1880  2.9e+01   2.4e-05   1.5e-06  6.82s
 1881  2.9e+01   6.2e-07   6.5e-06  6.82s
 1882  2.9e+01   4.7e-07   1.2e-07  6.82s
 1883  2.9e+01   2.0e-07   5.0e-07  6.83s
 1884  2.9e+01   4.5e-07   1.1e-05  6.83s
 1885  2.9e+01   1.6e-06   6.1e-07  6.84s
 1886  2.9e+01   1.6e-07   5.8e-07  6.84s
 1887  2.9e+01   1.4e-06   5.6e-07  6.85s
 1888  2.9e+01   2.3e-05   7.5e-07  6.85s
 1889  2.9e+01   2.5e-07   2.9e-08  6.86s
 1890  2.9e+01   3.5e-07   2.3e-07  6.86s
 1891  2.9e+01   1.7e-07   3.3e-07  6.87s
 1892  2.9e+01   8.7e-07   4.8e-06  6.87s
 1893  2.9e+01   2.9e-07   4.6e-07  6.87s
 1894  2.9e+01   2.7e-07   1.2e-06  6.88s
 1895  2.9e+01   1.1e-05   5.0e-07  6.88s
 1896  2.9e+01   1.2e-06   6.0e-07  6.89s
 1897  2.9e+01   8.5e-05   2.2e-06  6.89s
 1898  2.9e+01   1.2e-07   1.2e-06  6.90s
 1899  2.9e+01   5.3e-07   1.6e-07  6.90s
 1900  2.9e+01   1.2e-06   5.6e-06  6.91s
 1901  2.9e+01   1.1e-06   5.0e-07  6.91s
 1902  2.9e+01   1.0e-07   2.9e-04  6.91s
 1903  2.9e+01   1.5e-05   1.1e-06  6.92s
 1904  2.9e+01   2.4e-07   2.3e-06  6.92s
 1905  3.0e+01   2.5e-05   8.1e-07  6.93s
 1906  2.9e+01   4.6e-08   1.3e-06  6.93s
 1907  2.9e+01   1.0e-06   2.8e-06  6.94s
 1908  2.9e+01   5.0e-08   4.3e-07  6.94s
 1909  2.9e+01   1.8e-03   5.4e-07  6.94s
 1910  2.9e+01   3.0e-07   1.6e-06  6.95s
 1911  2.9e+01   4.7e-07   6.3e-06  6.95s
 1912  2.9e+01   4.1e-06   5.3e-07  6.96s
 1913  2.9e+01   1.9e-06   6.0e-07  6.96s
 1914  2.9e+01   1.5e-07   2.4e-06  6.97s
 1915  2.9e+01   1.6e-05   3.8e-06  6.97s
 1916  2.9e+01   1.4e-06   7.4e-07  6.98s
 1917  2.9e+01   3.4e-07   1.5e-06  6.98s
 1918  2.9e+01   2.1e-06   4.7e-07  6.98s
 1919  2.9e+01   7.4e-07   5.2e-06  6.99s
 1920  2.9e+01   1.6e-06   4.8e-07  6.99s
 1921  2.9e+01   1.0e-07   9.6e-07  7.00s
 1922  2.9e+01   3.8e-05   3.0e-06  7.00s
 1923  2.9e+01   3.1e-08   7.5e-07  7.01s
 1924  2.9e+01   2.9e-06   2.7e-07  7.01s
 1925  2.9e+01   1.2e-05   1.9e-06  7.02s
 1926  2.9e+01   2.7e-07   2.1e-07  7.02s
 1927  2.9e+01   9.2e-07   2.9e-07  7.02s
 1928  2.9e+01   3.7e-08   4.6e-07  7.03s
 1929  2.9e+01   1.3e-05   5.3e-07  7.03s
 1930  2.9e+01   1.0e-07   7.6e-06  7.04s
 1931  2.9e+01   8.4e-07   9.2e-07  7.04s
 1932  2.9e+01   5.9e-06   5.4e-07  7.05s
 1933  2.9e+01   2.6e-07   9.9e-07  7.05s
 1934  2.9e+01   3.8e-06   2.2e-05  7.06s
 1935  2.9e+01   1.2e-06   5.9e-07  7.06s
 1936  2.9e+01   8.6e-07   8.1e-07  7.06s
 1937  2.9e+01   3.7e-06   4.4e-07  7.07s
 1938  2.9e+01   6.9e-07   6.7e-07  7.07s
 1939  2.9e+01   6.8e-06   5.8e-06  7.08s
 1940  2.9e+01   5.7e-07   5.1e-07  7.08s
 1941  2.9e+01   3.6e-07   7.4e-06  7.09s
 1942  2.9e+01   5.6e-05   6.4e-07  7.09s
 1943  2.9e+01   3.5e-07   3.2e-06  7.10s
 1944  2.9e+01   1.5e-06   5.1e-07  7.10s
 1945  2.9e+01   2.9e-06   3.3e-07  7.11s
 1946  2.9e+01   1.1e-06   8.6e-06  7.11s
 1947  2.9e+01   6.4e-07   5.9e-07  7.12s
 1948  2.9e+01   1.0e-07   8.0e-07  7.12s
 1949  2.9e+01   2.0e-06   4.3e-07  7.13s
 1950  2.9e+01   5.4e-06   2.4e-06  7.13s
 1951  2.9e+01   1.0e-05   1.9e-06  7.13s
 1952  2.9e+01   7.4e-08   4.2e-06  7.14s
 1953  2.9e+01   1.2e-06   4.6e-07  7.14s
 1954  2.9e+01   1.0e-07   5.7e-06  7.15s
 1955  2.9e+01   3.0e-05   5.0e-07  7.15s
 1956  2.9e+01   9.6e-07   1.1e-06  7.16s
 1957  2.9e+01   6.2e-07   1.1e-06  7.16s
 1958  2.9e+01   1.5e-06   8.3e-06  7.16s
 1959  2.9e+01   2.7e-05   8.0e-07  7.17s
 1960  2.9e+01   2.2e-07   5.3e-07  7.17s
 1961  2.9e+01   3.3e-07   1.7e-06  7.18s
 1962  2.9e+01   6.8e-07   6.5e-06  7.18s
 1963  2.9e+01   3.4e-06   4.5e-07  7.19s
 1964  2.9e+01   4.2e-08   1.1e-06  7.19s
 1965  2.9e+01   1.0e-04   2.2e-07  7.20s
 1966  2.9e+01   3.7e-06   5.4e-07  7.20s
 1967  2.9e+01   8.3e-08   1.3e-06  7.20s
 1968  2.9e+01   2.9e-07   1.0e-06  7.21s
 1969  2.9e+01   5.2e-06   3.7e-08  7.21s
 1970  2.9e+01   3.5e-07   3.3e-07  7.22s
 1971  2.9e+01   1.7e-06   6.9e-07  7.22s
 1972  2.9e+01   6.9e-08   4.4e-06  7.23s
 1973  2.9e+01   3.6e-06   5.0e-07  7.23s
 1974  2.9e+01   2.5e-07   3.2e-07  7.23s
 1975  2.9e+01   9.7e-07   6.0e-06  7.24s
 1976  2.9e+01   8.0e-07   1.2e-06  7.24s
 1977  2.9e+01   1.9e-06   8.0e-07  7.25s
 1978  2.9e+01   4.0e-05   3.8e-06  7.25s
 1979  2.9e+01   3.1e-08   5.2e-06  7.26s
 1980  2.9e+01   1.2e-06   6.9e-07  7.26s
 1981  2.9e+01   7.1e-07   3.2e-06  7.27s
 1982  2.9e+01   2.2e-06   6.6e-06  7.27s
 1983  2.9e+01   9.8e-07   8.6e-07  7.27s
 1984  2.9e+01   6.2e-07   6.8e-07  7.28s
 1985  2.9e+01   3.1e-05   2.1e-06  7.28s
 1986  2.9e+01   1.1e-07   4.4e-07  7.29s
 1987  2.9e+01   3.1e-06   2.2e-07  7.29s
 1988  2.9e+01   6.2e-08   3.4e-08  7.30s
 1989  2.9e+01   8.2e-08   1.6e-08  7.30s
 1990  2.9e+01   5.9e-09   2.8e-08  7.30s
 1991  2.9e+01   6.1e-08   4.8e-08  7.31s
 1992  2.9e+01   1.3e-07   5.1e-08  7.31s
 1993  2.9e+01   2.8e-08   9.9e-09  7.32s
 1994  2.9e+01   7.4e-09   5.0e-08  7.32s
 1995  2.9e+01   9.5e-09   2.1e-08  7.33s
 1996  2.9e+01   1.5e-08   1.1e-10  7.33s
 1997  2.9e+01   1.1e-10   4.3e-08  7.34s
 1998  2.9e+01   8.0e-09   5.0e-08  7.34s
 1999  2.9e+01   0.0e+00   3.4e-08  7.35s

  7.843895 seconds (3.44 M allocations: 187.780 MiB, 2.16% gc time, 10.17% compilation time)
