size = (132 132)
gc = 2
Re = 1000
max diag(A) = 65536.0
u lid = 1
n step = 1000
step=1, |div U|=0.02901795320212841, LS=(25, 9.620843002267065e-7)
step=2, |div U|=0.043865978717803955, LS=(69, 9.98086989056901e-7)
step=3, |div U|=0.049851395189762115, LS=(136, 9.92408104139031e-7)
step=4, |div U|=0.05110577866435051, LS=(205, 9.99912913357548e-7)
step=5, |div U|=0.050347283482551575, LS=(260, 9.970494829758536e-7)
step=6, |div U|=0.04905373975634575, LS=(309, 9.996864491768065e-7)
step=7, |div U|=0.04785127937793732, LS=(357, 9.98472955870966e-7)
step=8, |div U|=0.04689754918217659, LS=(401, 9.958353075489867e-7)
step=9, |div U|=0.04615166410803795, LS=(439, 9.984850066757645e-7)
step=10, |div U|=0.04551604762673378, LS=(473, 9.96953758658492e-7)
step=11, |div U|=0.04489068314433098, LS=(502, 9.952465234164265e-7)
step=12, |div U|=0.04418838769197464, LS=(526, 9.959157978300937e-7)
step=13, |div U|=0.043333444744348526, LS=(545, 9.99936560219794e-7)
step=14, |div U|=0.04226118326187134, LS=(561, 9.985004680856946e-7)
step=15, |div U|=0.04091612994670868, LS=(572, 9.999581607189612e-7)
step=16, |div U|=0.03925591707229614, LS=(580, 9.974023669201415e-7)
step=17, |div U|=0.037253983318805695, LS=(583, 9.982603614844265e-7)
step=18, |div U|=0.034906674176454544, LS=(582, 9.99061398943013e-7)
step=19, |div U|=0.03224002569913864, LS=(577, 9.978426760426373e-7)
step=20, |div U|=0.029319336637854576, LS=(567, 9.980369668483036e-7)
step=21, |div U|=0.026263466104865074, LS=(552, 9.980047934732283e-7)
step=22, |div U|=0.02326398901641369, LS=(531, 9.986478062273818e-7)
step=23, |div U|=0.020608654245734215, LS=(504, 9.961795512936078e-7)
step=24, |div U|=0.018682951107621193, LS=(468, 9.97710117189854e-7)
step=25, |div U|=0.017885282635688782, LS=(425, 9.96004700937192e-7)
step=26, |div U|=0.018408866599202156, LS=(379, 9.952350410458166e-7)
step=27, |div U|=0.02009040117263794, LS=(349, 9.958647524399566e-7)
step=28, |div U|=0.022540945559740067, LS=(349, 9.977292165785911e-7)
step=29, |div U|=0.025368347764015198, LS=(375, 9.972435464078444e-7)
step=30, |div U|=0.028274396434426308, LS=(413, 9.952727850759402e-7)
step=31, |div U|=0.031060006469488144, LS=(449, 9.981355333366082e-7)
step=32, |div U|=0.03360512852668762, LS=(482, 9.96680114440096e-7)
step=33, |div U|=0.03584161773324013, LS=(511, 9.954470669981674e-7)
step=34, |div U|=0.03773500397801399, LS=(535, 9.976432693292736e-7)
step=35, |div U|=0.03927089646458626, LS=(555, 9.98266727947339e-7)
step=36, |div U|=0.04044352099299431, LS=(571, 9.982649089579354e-7)
step=37, |div U|=0.04124848544597626, LS=(583, 9.998178711612127e-7)
step=38, |div U|=0.04167921096086502, LS=(592, 9.99977828541887e-7)
step=39, |div U|=0.04172622412443161, LS=(598, 9.996080052587786e-7)
step=40, |div U|=0.04137992113828659, LS=(601, 9.998932455346221e-7)
step=41, |div U|=0.04063570126891136, LS=(602, 9.972342240871512e-7)
step=42, |div U|=0.03949875757098198, LS=(600, 9.960057241187315e-7)
step=43, |div U|=0.037989936769008636, LS=(595, 9.97352344711544e-7)
step=44, |div U|=0.03614988550543785, LS=(588, 9.967616279027425e-7)
step=45, |div U|=0.03404078632593155, LS=(578, 9.979413562177797e-7)
step=46, |div U|=0.0317479632794857, LS=(566, 9.96968083200045e-7)
step=47, |div U|=0.02937808632850647, LS=(551, 9.968820222638897e-7)
step=48, |div U|=0.027056405320763588, LS=(533, 9.977774197977851e-7)
step=49, |div U|=0.024919817224144936, LS=(512, 9.983293693949236e-7)
step=50, |div U|=0.023103872314095497, LS=(488, 9.971131476049777e-7)
step=51, |div U|=0.021721558645367622, LS=(460, 9.972173984351684e-7)
step=52, |div U|=0.02083730883896351, LS=(428, 9.993092362492462e-7)
step=53, |div U|=0.02044667676091194, LS=(394, 9.976438377634622e-7)
step=54, |div U|=0.0204765647649765, LS=(359, 9.979385140468366e-7)
step=55, |div U|=0.0208115391433239, LS=(330, 9.954579809345887e-7)
step=56, |div U|=0.021327367052435875, LS=(312, 9.962365083993063e-7)
step=57, |div U|=0.02191833034157753, LS=(310, 9.933764886227436e-7)
step=58, |div U|=0.02250734716653824, LS=(321, 9.976287174140452e-7)
step=59, |div U|=0.02304801531136036, LS=(342, 9.946307955033262e-7)
step=60, |div U|=0.023517807945609093, LS=(364, 9.982371693695313e-7)
step=61, |div U|=0.023913517594337463, LS=(386, 9.984522648665006e-7)
step=62, |div U|=0.024241790175437927, LS=(406, 9.998876748795738e-7)
step=63, |div U|=0.024513281881809235, LS=(425, 9.962592457668507e-7)
step=64, |div U|=0.02473635785281658, LS=(440, 9.995520713346195e-7)
step=65, |div U|=0.024916350841522217, LS=(454, 9.976121191357379e-7)
step=66, |div U|=0.02505270391702652, LS=(465, 9.97557776827307e-7)
step=67, |div U|=0.025141673162579536, LS=(474, 9.979099786505685e-7)
step=68, |div U|=0.02517784759402275, LS=(481, 9.986144959839294e-7)
step=69, |div U|=0.025155941024422646, LS=(487, 9.95935693026695e-7)
step=70, |div U|=0.025073358789086342, LS=(490, 9.989852287617396e-7)
step=71, |div U|=0.024933168664574623, LS=(493, 9.969269285647897e-7)
step=72, |div U|=0.02474222332239151, LS=(494, 9.960821216736804e-7)
step=73, |div U|=0.024511339142918587, LS=(493, 9.991359775085584e-7)
step=74, |div U|=0.024253858253359795, LS=(492, 9.973234682547627e-7)
step=75, |div U|=0.023982128128409386, LS=(489, 9.97494908006047e-7)
step=76, |div U|=0.023706432431936264, LS=(485, 9.976001820177771e-7)
step=77, |div U|=0.023432739078998566, LS=(480, 9.961911473510554e-7)
step=78, |div U|=0.023161478340625763, LS=(473, 9.975276498153107e-7)
step=79, |div U|=0.022888198494911194, LS=(465, 9.977849231290747e-7)
step=80, |div U|=0.022603770717978477, LS=(455, 9.997976349040982e-7)
step=81, |div U|=0.022296709939837456, LS=(444, 9.995304708354524e-7)
step=82, |div U|=0.021954460069537163, LS=(431, 9.999890835388214e-7)
step=83, |div U|=0.02156621403992176, LS=(417, 9.971765848604264e-7)
step=84, |div U|=0.021123697981238365, LS=(400, 9.99966005110764e-7)
step=85, |div U|=0.020624518394470215, LS=(383, 9.964235232473584e-7)
step=86, |div U|=0.02007116936147213, LS=(364, 9.959521776181646e-7)
step=87, |div U|=0.01947377249598503, LS=(345, 9.96119865703804e-7)
step=88, |div U|=0.01884979009628296, LS=(327, 9.987088560592383e-7)
step=89, |div U|=0.018224885687232018, LS=(313, 9.996624612540472e-7)
step=90, |div U|=0.017632106319069862, LS=(306, 9.976762385122129e-7)
step=91, |div U|=0.017110472545027733, LS=(309, 9.955155064744758e-7)
step=92, |div U|=0.016701996326446533, LS=(323, 9.970905239242711e-7)
step=93, |div U|=0.016447363421320915, LS=(346, 9.952251502909348e-7)
step=94, |div U|=0.01637941785156727, LS=(371, 9.95371692624758e-7)
step=95, |div U|=0.016517432406544685, LS=(395, 9.997477263823384e-7)
step=96, |div U|=0.0168621689081192, LS=(419, 9.984303233068204e-7)
step=97, |div U|=0.017393464222550392, LS=(440, 9.970498240363668e-7)
step=98, |div U|=0.018074657768011093, LS=(458, 9.965330036720843e-7)
step=99, |div U|=0.01885826885700226, LS=(473, 9.960795068764128e-7)
step=100, |div U|=0.01969197206199169, LS=(485, 9.95876007436891e-7)
step=101, |div U|=0.02052350901067257, LS=(494, 9.96569497146993e-7)
step=102, |div U|=0.021303968504071236, LS=(500, 9.989464615500765e-7)
step=103, |div U|=0.02198994904756546, LS=(504, 9.989478257921292e-7)
step=104, |div U|=0.022544046863913536, LS=(506, 9.960158422472887e-7)
step=105, |div U|=0.02293483354151249, LS=(504, 9.996091421271558e-7)
step=106, |div U|=0.02313873916864395, LS=(501, 9.982009032682981e-7)
step=107, |div U|=0.02313767373561859, LS=(495, 9.97432834992651e-7)
step=108, |div U|=0.022920094430446625, LS=(486, 9.993462981583434e-7)
step=109, |div U|=0.022480838000774384, LS=(475, 9.989330465032253e-7)
step=110, |div U|=0.021820029243826866, LS=(461, 9.988330020860303e-7)
step=111, |div U|=0.02094336412847042, LS=(444, 9.995613936553127e-7)
step=112, |div U|=0.019862079992890358, LS=(425, 9.954426332114963e-7)
step=113, |div U|=0.018591687083244324, LS=(401, 9.983020845538704e-7)
step=114, |div U|=0.01715436391532421, LS=(375, 9.97490815279889e-7)
step=115, |div U|=0.015577676706016064, LS=(345, 9.987605835704016e-7)
step=116, |div U|=0.013897963799536228, LS=(313, 9.98640757643443e-7)
step=117, |div U|=0.01216353103518486, LS=(280, 9.99003873403126e-7)
step=118, |div U|=0.01044311374425888, LS=(250, 9.992971854444477e-7)
step=119, |div U|=0.00884097721427679, LS=(230, 9.96939093056426e-7)
step=120, |div U|=0.007519893813878298, LS=(230, 9.978622301787254e-7)
step=121, |div U|=0.006712291855365038, LS=(259, 9.95324739960779e-7)
step=122, |div U|=0.006635019555687904, LS=(294, 9.971041663447977e-7)
step=123, |div U|=0.007304019294679165, LS=(320, 9.99869598672376e-7)
step=124, |div U|=0.008510838262736797, LS=(346, 9.99319127004128e-7)
step=125, |div U|=0.010008775629103184, LS=(370, 9.977355830415036e-7)
step=126, |div U|=0.011620257049798965, LS=(390, 9.974345402952167e-7)
step=127, |div U|=0.013232636265456676, LS=(406, 9.992720606533112e-7)
step=128, |div U|=0.014773215167224407, LS=(420, 9.959828730643494e-7)
step=129, |div U|=0.01619078777730465, LS=(430, 9.961554496840108e-7)
step=130, |div U|=0.017448358237743378, LS=(438, 9.95587356555916e-7)
step=131, |div U|=0.018517332151532173, LS=(443, 9.975505008696928e-7)
step=132, |div U|=0.019376002252101898, LS=(446, 9.997113465942675e-7)
step=133, |div U|=0.02000816911458969, LS=(448, 9.971058716473635e-7)
step=134, |div U|=0.02040167711675167, LS=(447, 9.983783684219816e-7)
step=135, |div U|=0.020549612119793892, LS=(445, 9.972496854970814e-7)
step=136, |div U|=0.02044879086315632, LS=(441, 9.958860118786106e-7)
step=137, |div U|=0.020100152119994164, LS=(435, 9.95366804090736e-7)
step=138, |div U|=0.01950855553150177, LS=(427, 9.955539326256257e-7)
step=139, |div U|=0.018682552501559258, LS=(417, 9.95704112938256e-7)
step=140, |div U|=0.017633909359574318, LS=(404, 9.9967280675628e-7)
step=141, |div U|=0.0163782499730587, LS=(390, 9.982709343603346e-7)
step=142, |div U|=0.014933355152606964, LS=(373, 9.961203204511548e-7)
step=143, |div U|=0.013319579884409904, LS=(352, 9.98760810944077e-7)
step=144, |div U|=0.011560175567865372, LS=(328, 9.9972419320693e-7)
step=145, |div U|=0.009680202230811119, LS=(300, 9.965134495359962e-7)
step=146, |div U|=0.007706202566623688, LS=(265, 9.966948937289999e-7)
step=147, |div U|=0.005668077152222395, LS=(222, 9.98611767499824e-7)
step=148, |div U|=0.003604018362239003, LS=(168, 9.945119927579071e-7)
step=149, |div U|=0.0016066458774730563, LS=(91, 9.94573269963439e-7)
step=150, |div U|=0.0009889787761494517, LS=(29, 9.770596989255864e-7)
step=151, |div U|=0.0027535157278180122, LS=(91, 9.951069159797044e-7)
step=152, |div U|=0.004709233529865742, LS=(234, 9.985703854908934e-7)
step=153, |div U|=0.006604060065001249, LS=(275, 9.95687400973111e-7)
step=154, |div U|=0.008395559154450893, LS=(286, 9.95200139186636e-7)
step=155, |div U|=0.01006257999688387, LS=(313, 9.983734798879595e-7)
step=156, |div U|=0.011584233492612839, LS=(338, 9.997726237997995e-7)
step=157, |div U|=0.012943298555910587, LS=(359, 9.990187663788674e-7)
step=158, |div U|=0.014125597663223743, LS=(376, 9.993669891628087e-7)
step=159, |div U|=0.01512019895017147, LS=(391, 9.954031838788069e-7)
step=160, |div U|=0.015918146818876266, LS=(402, 9.96212179416034e-7)
step=161, |div U|=0.016514016315340996, LS=(411, 9.96834501165722e-7)
step=162, |div U|=0.016904719173908234, LS=(417, 9.99993744699168e-7)
step=163, |div U|=0.01709047332406044, LS=(422, 9.983804147850606e-7)
step=164, |div U|=0.01707341894507408, LS=(424, 9.991950946641737e-7)
step=165, |div U|=0.016859104856848717, LS=(425, 9.96322000901273e-7)
step=166, |div U|=0.01645498163998127, LS=(423, 9.96365656646958e-7)
step=167, |div U|=0.01587153784930706, LS=(419, 9.971688541554613e-7)
step=168, |div U|=0.015121721662580967, LS=(413, 9.970520977731212e-7)
step=169, |div U|=0.014220680110156536, LS=(404, 9.99833218884305e-7)
step=170, |div U|=0.013186858035624027, LS=(394, 9.972010275305365e-7)
step=171, |div U|=0.012040527537465096, LS=(380, 9.986241593651357e-7)
step=172, |div U|=0.010806418024003506, LS=(364, 9.98365521809319e-7)
step=173, |div U|=0.009513798169791698, LS=(345, 9.958284863387235e-7)
step=174, |div U|=0.008199211210012436, LS=(321, 9.987677458411781e-7)
step=175, |div U|=0.006913795601576567, LS=(294, 9.998564109992003e-7)
step=176, |div U|=0.005733668804168701, LS=(263, 9.973570058718906e-7)
step=177, |div U|=0.004778791684657335, LS=(227, 9.998849463954684e-7)
step=178, |div U|=0.00422225845977664, LS=(194, 9.963331422113697e-7)
step=179, |div U|=0.004209077917039394, LS=(171, 9.952763093679096e-7)
step=180, |div U|=0.004707439802587032, LS=(170, 9.963315505956416e-7)
step=181, |div U|=0.005536837503314018, LS=(190, 9.997080496759736e-7)
step=182, |div U|=0.006524655967950821, LS=(224, 9.940047220879933e-7)
step=183, |div U|=0.007555067073553801, LS=(252, 9.982160236177151e-7)
step=184, |div U|=0.008561503142118454, LS=(274, 9.995083019020967e-7)
step=185, |div U|=0.009504732675850391, LS=(295, 9.985201359086204e-7)
step=186, |div U|=0.010359102860093117, LS=(315, 9.980575441659312e-7)
step=187, |div U|=0.011107494123280048, LS=(333, 9.963891898223665e-7)
step=188, |div U|=0.011738240718841553, LS=(347, 9.991409797294182e-7)
step=189, |div U|=0.012244942598044872, LS=(360, 9.954193274097634e-7)
step=190, |div U|=0.012623241171240807, LS=(369, 9.96206836134661e-7)
step=191, |div U|=0.01287238858640194, LS=(376, 9.98252403405786e-7)
step=192, |div U|=0.012993929907679558, LS=(381, 9.993439107347513e-7)
step=193, |div U|=0.012991421855986118, LS=(384, 9.996463177230908e-7)
step=194, |div U|=0.012870332226157188, LS=(385, 9.999191661336226e-7)
step=195, |div U|=0.012638157233595848, LS=(385, 9.960821216736804e-7)
step=196, |div U|=0.012303345836699009, LS=(382, 9.95820528260083e-7)
step=197, |div U|=0.01187641266733408, LS=(377, 9.97824827209115e-7)
step=198, |div U|=0.011369614861905575, LS=(371, 9.95894424704602e-7)
step=199, |div U|=0.010795928537845612, LS=(362, 9.967808409783174e-7)
step=200, |div U|=0.010170365683734417, LS=(351, 9.993785852202564e-7)
step=201, |div U|=0.009509971365332603, LS=(339, 9.972119414669578e-7)
step=202, |div U|=0.00883304700255394, LS=(324, 9.965399385691853e-7)
step=203, |div U|=0.008160769939422607, LS=(307, 9.966194056687527e-7)
step=204, |div U|=0.007517149206250906, LS=(288, 9.960881470760796e-7)
step=205, |div U|=0.006929090712219477, LS=(267, 9.957981319530518e-7)
step=206, |div U|=0.006425981875509024, LS=(245, 9.950103958544787e-7)
step=207, |div U|=0.006037138868123293, LS=(223, 9.954984534488176e-7)
step=208, |div U|=0.005787525326013565, LS=(204, 9.953005246643443e-7)
step=209, |div U|=0.005690730642527342, LS=(190, 9.989216778194532e-7)
step=210, |div U|=0.005745640490204096, LS=(186, 9.928833151207073e-7)
step=211, |div U|=0.005933974403887987, LS=(190, 9.93488242784224e-7)
step=212, |div U|=0.006228175014257431, LS=(203, 9.978128900911543e-7)
step=213, |div U|=0.0065966276451945305, LS=(221, 9.993132152885664e-7)
step=214, |div U|=0.007009163498878479, LS=(239, 9.986981694964925e-7)
step=215, |div U|=0.007440782152116299, LS=(256, 9.976690762414364e-7)
step=216, |div U|=0.007871824316680431, LS=(273, 9.952760819942341e-7)
step=217, |div U|=0.008286388590931892, LS=(288, 9.986736131395446e-7)
step=218, |div U|=0.008673150092363358, LS=(303, 9.9734904779325e-7)
step=219, |div U|=0.009022608399391174, LS=(315, 9.981398534364416e-7)
step=220, |div U|=0.009328244253993034, LS=(326, 9.964472837964422e-7)
step=221, |div U|=0.009584537707269192, LS=(334, 9.98647351480031e-7)
step=222, |div U|=0.009788023307919502, LS=(341, 9.992025979954633e-7)
step=223, |div U|=0.009935812093317509, LS=(346, 9.99349367702962e-7)
step=224, |div U|=0.010026137344539165, LS=(350, 9.962421927411924e-7)
step=225, |div U|=0.01005727332085371, LS=(351, 9.977818535844563e-7)
step=226, |div U|=0.010028944350779057, LS=(351, 9.98593804979464e-7)
step=227, |div U|=0.009941024705767632, LS=(349, 9.996030030379188e-7)
step=228, |div U|=0.00979427807033062, LS=(346, 9.976007504519657e-7)
step=229, |div U|=0.009589672088623047, LS=(341, 9.955883797374554e-7)
step=230, |div U|=0.009328722022473812, LS=(333, 9.99722601591202e-7)
step=231, |div U|=0.009014787152409554, LS=(325, 9.98277300823247e-7)
step=232, |div U|=0.008651004172861576, LS=(314, 9.983489235310117e-7)
step=233, |div U|=0.008242354728281498, LS=(302, 9.960594979929738e-7)
step=234, |div U|=0.007794579956680536, LS=(287, 9.973326768886182e-7)
step=235, |div U|=0.007315908558666706, LS=(271, 9.96570292954857e-7)
step=236, |div U|=0.006816306617110968, LS=(253, 9.949299055733718e-7)
step=237, |div U|=0.006308533251285553, LS=(233, 9.96139419839892e-7)
step=238, |div U|=0.005809541326016188, LS=(213, 9.951796755558462e-7)
step=239, |div U|=0.005340296775102615, LS=(193, 9.953731705536484e-7)
step=240, |div U|=0.004927212372422218, LS=(176, 9.944412795448443e-7)
step=241, |div U|=0.004600496497005224, LS=(164, 9.964189757738495e-7)
step=242, |div U|=0.004391571041196585, LS=(162, 9.92690274870256e-7)
step=243, |div U|=0.0043234811164438725, LS=(170, 9.987116982301814e-7)
step=244, |div U|=0.004404902923852205, LS=(190, 9.971893177862512e-7)
step=245, |div U|=0.004622423090040684, LS=(210, 9.958953341993038e-7)
step=246, |div U|=0.004948699846863747, LS=(226, 9.984331654777634e-7)
step=247, |div U|=0.00535176508128643, LS=(243, 9.975412922358373e-7)
step=248, |div U|=0.005799261853098869, LS=(259, 9.991085789806675e-7)
step=249, |div U|=0.006263814866542816, LS=(275, 9.95794380287407e-7)
step=250, |div U|=0.006721909623593092, LS=(287, 9.976093906516326e-7)
step=251, |div U|=0.0071557145565748215, LS=(298, 9.975816510632285e-7)
step=252, |div U|=0.007550166919827461, LS=(306, 9.99563326331554e-7)
step=253, |div U|=0.007893715985119343, LS=(313, 9.982114761442062e-7)
step=254, |div U|=0.008176343515515327, LS=(317, 9.996459766625776e-7)
step=255, |div U|=0.008390742354094982, LS=(320, 9.990599210141227e-7)
step=256, |div U|=0.008530882187187672, LS=(321, 9.977032959795906e-7)
step=257, |div U|=0.008592318743467331, LS=(320, 9.973300620913506e-7)
step=258, |div U|=0.008572128601372242, LS=(317, 9.98558334686095e-7)
step=259, |div U|=0.00846913643181324, LS=(313, 9.9665396646742e-7)
step=260, |div U|=0.008282791823148727, LS=(306, 9.984694315789966e-7)
step=261, |div U|=0.008014688268303871, LS=(298, 9.987282965084887e-7)
step=262, |div U|=0.00766734266653657, LS=(288, 9.97918732537073e-7)
step=263, |div U|=0.007244600914418697, LS=(276, 9.96907601802377e-7)
step=264, |div U|=0.006751787383109331, LS=(262, 9.955720088328235e-7)
step=265, |div U|=0.006195445079356432, LS=(245, 9.98051518763532e-7)
step=266, |div U|=0.005584626458585262, LS=(227, 9.960566558220307e-7)
step=267, |div U|=0.004929515533149242, LS=(205, 9.985861879613367e-7)
step=268, |div U|=0.004244831390678883, LS=(182, 9.975661896532984e-7)
step=269, |div U|=0.003550266847014427, LS=(156, 9.983452855522046e-7)
step=270, |div U|=0.0028779308777302504, LS=(130, 9.960597253666492e-7)
step=271, |div U|=0.0022842849139124155, LS=(106, 9.950032335837022e-7)
step=272, |div U|=0.0018736348720267415, LS=(93, 9.918049954649177e-7)
step=273, |div U|=0.001785591128282249, LS=(103, 9.99970893644786e-7)
step=274, |div U|=0.0020638550631701946, LS=(149, 9.956162330126972e-7)
step=275, |div U|=0.0025812485255301, LS=(184, 9.95402729131456e-7)
step=276, |div U|=0.0032026362605392933, LS=(192, 9.95362711364578e-7)
step=277, |div U|=0.0038557094521820545, LS=(207, 9.957835800378234e-7)
step=278, |div U|=0.004501137416809797, LS=(226, 9.959588851415901e-7)
step=279, |div U|=0.005114885047078133, LS=(243, 9.954719644156285e-7)
step=280, |div U|=0.005681048147380352, LS=(256, 9.99212943497696e-7)
step=281, |div U|=0.006189083214849234, LS=(268, 9.984032658394426e-7)
step=282, |div U|=0.006630081683397293, LS=(277, 9.980477670978871e-7)
step=283, |div U|=0.006997389253228903, LS=(284, 9.98830273601925e-7)
step=284, |div U|=0.007286237087100744, LS=(290, 9.95851905827294e-7)
step=285, |div U|=0.0074924565851688385, LS=(293, 9.961908062905422e-7)
step=286, |div U|=0.007613948546350002, LS=(295, 9.95426830741053e-7)
step=287, |div U|=0.007649143226444721, LS=(294, 9.993998446589103e-7)
step=288, |div U|=0.007598656229674816, LS=(293, 9.979687547456706e-7)
step=289, |div U|=0.007463083602488041, LS=(289, 9.989042837332818e-7)
step=290, |div U|=0.0072448705323040485, LS=(284, 9.988031024477095e-7)
step=291, |div U|=0.006947149056941271, LS=(277, 9.988208375943941e-7)
step=292, |div U|=0.006574071943759918, LS=(268, 9.999056373999338e-7)
step=293, |div U|=0.006131032481789589, LS=(258, 9.971419103749213e-7)
step=294, |div U|=0.005623542238026857, LS=(245, 9.963692946257652e-7)
step=295, |div U|=0.005058351904153824, LS=(230, 9.96529024632764e-7)
step=296, |div U|=0.004442621488124132, LS=(212, 9.994264473789372e-7)
step=297, |div U|=0.003784849075600505, LS=(193, 9.950448429663084e-7)
step=298, |div U|=0.0030922580044716597, LS=(168, 9.983501740862266e-7)
step=299, |div U|=0.002374784555286169, LS=(142, 9.94882043414691e-7)
step=300, |div U|=0.0016410235548391938, LS=(109, 9.942336873791646e-7)
step=301, |div U|=0.0009035405237227678, LS=(70, 9.94184119917918e-7)
step=302, |div U|=0.0002265234215883538, LS=(20, 9.969522807296016e-7)
step=303, |div U|=0.0005622252356261015, LS=(12, 9.817285899771377e-7)
step=304, |div U|=0.0012124419445171952, LS=(44, 9.985300266635022e-7)
step=305, |div U|=0.0018907887861132622, LS=(125, 9.947864327841671e-7)
step=306, |div U|=0.0025543770752847195, LS=(192, 9.957368547475198e-7)
step=307, |div U|=0.003174148267135024, LS=(185, 9.95255277302931e-7)
step=308, |div U|=0.0037474671844393015, LS=(191, 9.986208624468418e-7)
step=309, |div U|=0.004271231591701508, LS=(207, 9.954870847650454e-7)
step=310, |div U|=0.004738548304885626, LS=(221, 9.953154176400858e-7)
step=311, |div U|=0.005144595168530941, LS=(233, 9.980701634049183e-7)
step=312, |div U|=0.005485915578901768, LS=(243, 9.995591199185583e-7)
step=313, |div U|=0.005759840365499258, LS=(251, 9.983117479350767e-7)
step=314, |div U|=0.005964427720755339, LS=(257, 9.96099856820365e-7)
step=315, |div U|=0.006098281126469374, LS=(260, 9.998548193834722e-7)
step=316, |div U|=0.006161997560411692, LS=(263, 9.989988711822662e-7)
step=317, |div U|=0.006156106013804674, LS=(264, 9.95570985651284e-7)
step=318, |div U|=0.006081742700189352, LS=(262, 9.979613651012187e-7)
step=319, |div U|=0.005941989365965128, LS=(260, 9.964975333787152e-7)
step=320, |div U|=0.005739600397646427, LS=(255, 9.976253068089136e-7)
step=321, |div U|=0.005478870123624802, LS=(249, 9.978223260986852e-7)
step=322, |div U|=0.005164493806660175, LS=(241, 9.980811910281773e-7)
step=323, |div U|=0.004801949951797724, LS=(231, 9.994968195314868e-7)
step=324, |div U|=0.004397927783429623, LS=(220, 9.975028660846874e-7)
step=325, |div U|=0.003959368914365768, LS=(206, 9.97685560832906e-7)
step=326, |div U|=0.00349530391395092, LS=(191, 9.951604624802712e-7)
step=327, |div U|=0.0030157272703945637, LS=(172, 9.988374358727015e-7)
step=328, |div U|=0.0025357541162520647, LS=(153, 9.976566843761248e-7)
step=329, |div U|=0.0020762186031788588, LS=(131, 9.958735063264612e-7)
step=330, |div U|=0.0016725622117519379, LS=(108, 9.966812513084733e-7)
step=331, |div U|=0.0013857238227501512, LS=(88, 9.994209904107265e-7)
step=332, |div U|=0.0012939859880134463, LS=(78, 9.983530162571697e-7)
step=333, |div U|=0.0014231624081730843, LS=(82, 9.9584212875925e-7)
step=334, |div U|=0.0017120983684435487, LS=(100, 9.945714509740355e-7)
step=335, |div U|=0.002084749983623624, LS=(128, 9.973994110623607e-7)
step=336, |div U|=0.0024883090518414974, LS=(153, 9.94581455415755e-7)
step=337, |div U|=0.0028895174618810415, LS=(162, 9.95973209683143e-7)
step=338, |div U|=0.003273499198257923, LS=(171, 9.995006848839694e-7)
step=339, |div U|=0.0036316863261163235, LS=(184, 9.981272341974545e-7)
step=340, |div U|=0.00395608227699995, LS=(196, 9.9931253316754e-7)
step=341, |div U|=0.00424171844497323, LS=(208, 9.978092521123472e-7)
step=342, |div U|=0.004484460223466158, LS=(217, 9.98663267637312e-7)
step=343, |div U|=0.004682215861976147, LS=(225, 9.963449656424928e-7)
step=344, |div U|=0.004832913633435965, LS=(230, 9.97927713797253e-7)
step=345, |div U|=0.004936311859637499, LS=(235, 9.953751032298896e-7)
step=346, |div U|=0.004991672467440367, LS=(237, 9.964884384316974e-7)
step=347, |div U|=0.004999727010726929, LS=(238, 9.985226370190503e-7)
step=348, |div U|=0.004961731843650341, LS=(238, 9.98028212961799e-7)
step=349, |div U|=0.004879097919911146, LS=(236, 9.981665698433062e-7)
step=350, |div U|=0.004754118621349335, LS=(233, 9.97314373307745e-7)
step=351, |div U|=0.0045892721973359585, LS=(228, 9.982811661757296e-7)
step=352, |div U|=0.004387945868074894, LS=(222, 9.985831184167182e-7)
step=353, |div U|=0.00415398646146059, LS=(215, 9.956855819837074e-7)
step=354, |div U|=0.0038910985458642244, LS=(205, 9.979087280953536e-7)
step=355, |div U|=0.003604821627959609, LS=(195, 9.975263992600958e-7)
step=356, |div U|=0.0033007070887833834, LS=(183, 9.961685236703488e-7)
step=357, |div U|=0.0029854122549295425, LS=(169, 9.97264578472823e-7)
step=358, |div U|=0.0026675977278500795, LS=(154, 9.989050795411458e-7)
step=359, |div U|=0.0023582461290061474, LS=(138, 9.997174856835045e-7)
step=360, |div U|=0.002072087721899152, LS=(122, 9.963324600903434e-7)
step=361, |div U|=0.0018277154304087162, LS=(105, 9.991846354751033e-7)
step=362, |div U|=0.0016502293292433023, LS=(93, 9.929218549586949e-7)
step=363, |div U|=0.0015616744058206677, LS=(84, 9.93238700175425e-7)
step=364, |div U|=0.0015743579715490341, LS=(84, 9.942365295501077e-7)
step=365, |div U|=0.0016806562198325992, LS=(93, 9.98178052213916e-7)
step=366, |div U|=0.0018596575828269124, LS=(112, 9.9479177606554e-7)
step=367, |div U|=0.0020837855990976095, LS=(130, 9.997684173868038e-7)
step=368, |div U|=0.0023300149478018284, LS=(142, 9.980326467484701e-7)
step=369, |div U|=0.0025816361885517836, LS=(149, 9.99095277620654e-7)
step=370, |div U|=0.0028287088498473167, LS=(159, 9.993483445214224e-7)
step=371, |div U|=0.0030629821121692657, LS=(170, 9.983705240301788e-7)
step=372, |div U|=0.0032777893356978893, LS=(180, 9.99122676148545e-7)
step=373, |div U|=0.003468606621026993, LS=(189, 9.98541167973599e-7)
step=374, |div U|=0.0036318358033895493, LS=(196, 9.973383612305042e-7)
step=375, |div U|=0.0037647157441824675, LS=(201, 9.98051859824045e-7)
step=376, |div U|=0.0038655127864331007, LS=(205, 9.98394511952938e-7)
step=377, |div U|=0.003932982217520475, LS=(208, 9.961532896340941e-7)
step=378, |div U|=0.0039656562730669975, LS=(208, 9.998898349294905e-7)
step=379, |div U|=0.0039640748873353004, LS=(209, 9.971912504624925e-7)
step=380, |div U|=0.003927635960280895, LS=(207, 9.961706837202655e-7)
step=381, |div U|=0.003856973024085164, LS=(204, 9.963613365471247e-7)
step=382, |div U|=0.0037531827110797167, LS=(200, 9.95393293123925e-7)
step=383, |div U|=0.0036174170672893524, LS=(194, 9.963506499843788e-7)
step=384, |div U|=0.0034516926389187574, LS=(187, 9.972512771128095e-7)
step=385, |div U|=0.0032584737055003643, LS=(179, 9.957860811482533e-7)
step=386, |div U|=0.0030403758864849806, LS=(169, 9.956506801245268e-7)
step=387, |div U|=0.0028010609094053507, LS=(158, 9.955247151083313e-7)
step=388, |div U|=0.0025446575600653887, LS=(145, 9.98840050669969e-7)
step=389, |div U|=0.0022772345691919327, LS=(132, 9.986140412365785e-7)
step=390, |div U|=0.002006041118875146, LS=(118, 9.942424412656692e-7)
step=391, |div U|=0.0017404169775545597, LS=(102, 9.969932079911814e-7)
step=392, |div U|=0.0014957473613321781, LS=(88, 9.987423936763662e-7)
step=393, |div U|=0.0012931548990309238, LS=(76, 9.995295613407507e-7)
step=394, |div U|=0.0011605041800066829, LS=(69, 9.984232747228816e-7)
step=395, |div U|=0.0011239586165174842, LS=(70, 9.951244237527135e-7)
step=396, |div U|=0.0011910474859178066, LS=(81, 9.98301857180195e-7)
step=397, |div U|=0.0013458998873829842, LS=(104, 9.943994427885627e-7)
step=398, |div U|=0.00155581533908844, LS=(122, 9.99553094516159e-7)
step=399, |div U|=0.0017928549787029624, LS=(130, 9.971749932446983e-7)
step=400, |div U|=0.002038616454228759, LS=(135, 9.97935899249569e-7)
step=401, |div U|=0.0022825920023024082, LS=(145, 9.96547441900475e-7)
step=402, |div U|=0.0025154058821499348, LS=(155, 9.983072004615678e-7)
step=403, |div U|=0.002730668056756258, LS=(165, 9.989712452806998e-7)
step=404, |div U|=0.0029233626555651426, LS=(173, 9.989996669901302e-7)
step=405, |div U|=0.0030897646211087704, LS=(179, 9.99752842290036e-7)
step=406, |div U|=0.003227236680686474, LS=(184, 9.990261560233193e-7)
step=407, |div U|=0.003333660773932934, LS=(188, 9.955557516150293e-7)
step=408, |div U|=0.003406721632927656, LS=(189, 9.987909379560733e-7)
step=409, |div U|=0.0034462662879377604, LS=(191, 9.964153377950424e-7)
step=410, |div U|=0.0034509680699557066, LS=(190, 9.963819138647523e-7)
step=411, |div U|=0.0034208076540380716, LS=(188, 9.980186632674304e-7)
step=412, |div U|=0.0033562318421900272, LS=(185, 9.99026724457508e-7)
step=413, |div U|=0.0032580646220594645, LS=(181, 9.97594497675891e-7)
step=414, |div U|=0.003127150237560272, LS=(175, 9.97958750303951e-7)
step=415, |div U|=0.002965193009003997, LS=(168, 9.989645377572742e-7)
step=416, |div U|=0.0027742970269173384, LS=(160, 9.983721156459069e-7)
step=417, |div U|=0.002556558232754469, LS=(150, 9.996103926823707e-7)
step=418, |div U|=0.002315306104719639, LS=(140, 9.953722610589466e-7)
step=419, |div U|=0.002052637282758951, LS=(126, 9.998772156905034e-7)
step=420, |div U|=0.0017738507594913244, LS=(114, 9.94142055787961e-7)
step=421, |div U|=0.0014818951021879911, LS=(97, 9.965348226614879e-7)
step=422, |div U|=0.0011840403312817216, LS=(81, 9.942439191945596e-7)
step=423, |div U|=0.0008892287733033299, LS=(62, 9.954923143595806e-7)
step=424, |div U|=0.0006185332895256579, LS=(43, 9.980406048271107e-7)
step=425, |div U|=0.00042946377652697265, LS=(27, 9.919705235006404e-7)
step=426, |div U|=0.00042485081939958036, LS=(21, 9.985661790778977e-7)
step=427, |div U|=0.0005907706799916923, LS=(36, 9.996688277169596e-7)
step=428, |div U|=0.0008335380116477609, LS=(71, 9.932291504810564e-7)
step=429, |div U|=0.0011075283400714397, LS=(116, 9.985398037315463e-7)
step=430, |div U|=0.0013808126095682383, LS=(126, 9.953604376278236e-7)
step=431, |div U|=0.001638197572901845, LS=(117, 9.975616421797895e-7)
step=432, |div U|=0.0018797355005517602, LS=(124, 9.954225106412196e-7)
step=433, |div U|=0.0021013247314840555, LS=(133, 9.959435374184977e-7)
step=434, |div U|=0.00229926616884768, LS=(143, 9.965796152755502e-7)
step=435, |div U|=0.0024704704992473125, LS=(151, 9.97403390101681e-7)
step=436, |div U|=0.0026130659971386194, LS=(157, 9.967224059437285e-7)
step=437, |div U|=0.0027255192399024963, LS=(161, 9.96767539618304e-7)
step=438, |div U|=0.002806903561577201, LS=(164, 9.968314316211035e-7)
step=439, |div U|=0.0028565977700054646, LS=(166, 9.95824620986241e-7)
step=440, |div U|=0.0028740104753524065, LS=(166, 9.976964747693273e-7)
step=441, |div U|=0.002859752392396331, LS=(166, 9.956329449778423e-7)
step=442, |div U|=0.002813598606735468, LS=(163, 9.985054703065543e-7)
step=443, |div U|=0.0027373021002858877, LS=(161, 9.949368404704728e-7)
step=444, |div U|=0.0026309245731681585, LS=(155, 9.99023427539214e-7)
step=445, |div U|=0.0024969493970274925, LS=(150, 9.995528671424836e-7)
step=446, |div U|=0.002336899284273386, LS=(143, 9.989333875637385e-7)
step=447, |div U|=0.0021529647056013346, LS=(135, 9.96533913166786e-7)
step=448, |div U|=0.0019472251879051328, LS=(125, 9.96617245618836e-7)
step=449, |div U|=0.0017224898329004645, LS=(114, 9.975509556170437e-7)
step=450, |div U|=0.0014818556373938918, LS=(102, 9.96037783806969e-7)
step=451, |div U|=0.0012282519601285458, LS=(88, 9.942884844349464e-7)
step=452, |div U|=0.0009650790598243475, LS=(72, 9.947673333954299e-7)
step=453, |div U|=0.0006968448869884014, LS=(54, 9.986337090595043e-7)
step=454, |div U|=0.0004326624621171504, LS=(35, 9.953021162800724e-7)
step=455, |div U|=0.00020770127594005316, LS=(11, 9.990828857553424e-7)
step=456, |div U|=0.00020790626876987517, LS=(7, 9.225922781297413e-7)
step=457, |div U|=0.0003846285108011216, LS=(14, 9.643462135500158e-7)
step=458, |div U|=0.0005987128824926913, LS=(32, 9.951306765287882e-7)
step=459, |div U|=0.0008350324933417141, LS=(69, 9.936865126292105e-7)
step=460, |div U|=0.0010780453449115157, LS=(115, 9.979856940844911e-7)
step=461, |div U|=0.0013070725835859776, LS=(122, 9.970916607926483e-7)
step=462, |div U|=0.0015149795217439532, LS=(112, 9.950546200343524e-7)
step=463, |div U|=0.0017047839937731624, LS=(115, 9.994766969612101e-7)
step=464, |div U|=0.0018762154504656792, LS=(123, 9.95626123767579e-7)
step=465, |div U|=0.00202576769515872, LS=(130, 9.947316357283853e-7)
step=466, |div U|=0.002151772379875183, LS=(137, 9.9540352493932e-7)
step=467, |div U|=0.0022529016714543104, LS=(142, 9.981753237298108e-7)
step=468, |div U|=0.002328788861632347, LS=(146, 9.98230802906619e-7)
step=469, |div U|=0.002378776902332902, LS=(148, 9.988871170207858e-7)
step=470, |div U|=0.0024032124783843756, LS=(150, 9.95008235804562e-7)
step=471, |div U|=0.002401424804702401, LS=(149, 9.973485930458992e-7)
step=472, |div U|=0.002374781994149089, LS=(149, 9.954070492312894e-7)
step=473, |div U|=0.0023232458624988794, LS=(146, 9.981154107663315e-7)
step=474, |div U|=0.0022487370297312737, LS=(144, 9.9483918347687e-7)
step=475, |div U|=0.0021517137065529823, LS=(139, 9.951085075954325e-7)
step=476, |div U|=0.002033808035776019, LS=(133, 9.997439747166936e-7)
step=477, |div U|=0.0018977655563503504, LS=(128, 9.963378033717163e-7)
step=478, |div U|=0.0017447496065869927, LS=(120, 9.945574674929958e-7)
step=479, |div U|=0.0015771137550473213, LS=(111, 9.962050171452574e-7)
step=480, |div U|=0.0013980756048113108, LS=(102, 9.949337709258543e-7)
step=481, |div U|=0.0012103670742362738, LS=(91, 9.954200095307897e-7)
step=482, |div U|=0.0010179489618167281, LS=(79, 9.990983471652726e-7)
step=483, |div U|=0.0008274140418507159, LS=(68, 9.940712288880604e-7)
step=484, |div U|=0.000646404514554888, LS=(54, 9.97373945210711e-7)
step=485, |div U|=0.0004937111516483128, LS=(43, 9.970239034373662e-7)
step=486, |div U|=0.00040162360528483987, LS=(34, 9.994373613153584e-7)
step=487, |div U|=0.0004053254087921232, LS=(32, 9.969384109353996e-7)
step=488, |div U|=0.000492879597004503, LS=(37, 9.979654578273767e-7)
step=489, |div U|=0.0006269221194088459, LS=(50, 9.984028110920917e-7)
step=490, |div U|=0.0007837967714294791, LS=(70, 9.944737939804327e-7)
step=491, |div U|=0.000948467175476253, LS=(89, 9.979814876714954e-7)
step=492, |div U|=0.0011092029744759202, LS=(97, 9.961772775568534e-7)
step=493, |div U|=0.0012583177303895354, LS=(95, 9.97309030026372e-7)
step=494, |div U|=0.0013955674367025495, LS=(98, 9.982327355828602e-7)
step=495, |div U|=0.0015202176291495562, LS=(104, 9.962853937395266e-7)
step=496, |div U|=0.0016298250993713737, LS=(110, 9.941962844095542e-7)
step=497, |div U|=0.0017221799353137612, LS=(115, 9.974481827157433e-7)
step=498, |div U|=0.00179699482396245, LS=(121, 9.953364497050643e-7)
step=499, |div U|=0.001852811430580914, LS=(124, 9.954973165804404e-7)
step=500, |div U|=0.0018894656095653772, LS=(126, 9.960028819477884e-7)
step=501, |div U|=0.0019069312838837504, LS=(127, 9.955871291822405e-7)
step=502, |div U|=0.0019052985589951277, LS=(127, 9.946841146302177e-7)
step=503, |div U|=0.0018844238948076963, LS=(125, 9.995072787205572e-7)
step=504, |div U|=0.0018457146361470222, LS=(124, 9.991849765356164e-7)
step=505, |div U|=0.001789426663890481, LS=(121, 9.981265520764282e-7)
step=506, |div U|=0.0017164478776976466, LS=(117, 9.97778670353e-7)
step=507, |div U|=0.0016279167030006647, LS=(112, 9.987304565584054e-7)
step=508, |div U|=0.0015256130136549473, LS=(107, 9.955995210475521e-7)
step=509, |div U|=0.0014101918786764145, LS=(99, 9.998981340686441e-7)
step=510, |div U|=0.0012848606565967202, LS=(93, 9.959178441931726e-7)
step=511, |div U|=0.001150343450717628, LS=(83, 9.999391750170616e-7)
step=512, |div U|=0.001010707812383771, LS=(75, 9.972770840249723e-7)
step=513, |div U|=0.0008683454361744225, LS=(64, 9.997173719966668e-7)
step=514, |div U|=0.0007289473433047533, LS=(54, 9.996808785217581e-7)
step=515, |div U|=0.000600126339122653, LS=(44, 9.94252332020551e-7)
step=516, |div U|=0.0004933071904815733, LS=(34, 9.92071932159888e-7)
step=517, |div U|=0.0004262953298166394, LS=(28, 9.888716476780246e-7)
step=518, |div U|=0.0004139380471315235, LS=(27, 9.929361795002478e-7)
step=519, |div U|=0.0004563200636766851, LS=(33, 9.954779898180277e-7)
step=520, |div U|=0.0005397782078944147, LS=(45, 9.90739863482304e-7)
step=521, |div U|=0.0006491814274340868, LS=(61, 9.990347962229862e-7)
step=522, |div U|=0.0007743110181763768, LS=(82, 9.943521490640705e-7)
step=523, |div U|=0.0009004254825413227, LS=(87, 9.977486570278415e-7)
step=524, |div U|=0.0010207934537902474, LS=(86, 9.944975545295165e-7)
step=525, |div U|=0.0011336840689182281, LS=(87, 9.939824394677998e-7)
step=526, |div U|=0.001238298136740923, LS=(91, 9.98620748760004e-7)
step=527, |div U|=0.001333109918050468, LS=(97, 9.995027312470484e-7)
step=528, |div U|=0.0014159097336232662, LS=(103, 9.970062819775194e-7)
step=529, |div U|=0.001485037850216031, LS=(108, 9.946307955033262e-7)
step=530, |div U|=0.0015392990317195654, LS=(111, 9.961238447431242e-7)
step=531, |div U|=0.001578398048877716, LS=(113, 9.984848929889267e-7)
step=532, |div U|=0.001602526637725532, LS=(115, 9.947875696525443e-7)
step=533, |div U|=0.0016104887472465634, LS=(114, 9.97562210613978e-7)
step=534, |div U|=0.0016031472478061914, LS=(114, 9.981830544347758e-7)
step=535, |div U|=0.0015805776929482818, LS=(113, 9.961636351363268e-7)
step=536, |div U|=0.0015425890451297164, LS=(110, 9.986224540625699e-7)
step=537, |div U|=0.0014905903954058886, LS=(108, 9.954593451766414e-7)
step=538, |div U|=0.0014242756878957152, LS=(103, 9.981539506043191e-7)
step=539, |div U|=0.0013454167637974024, LS=(99, 9.975685770768905e-7)
step=540, |div U|=0.001254509435966611, LS=(93, 9.99404051071906e-7)
step=541, |div U|=0.0011531781638041139, LS=(87, 9.999120038628462e-7)
step=542, |div U|=0.0010432624258100986, LS=(81, 9.936363767337753e-7)
step=543, |div U|=0.0009252149611711502, LS=(72, 9.958928330888739e-7)
step=544, |div U|=0.0008020805544219911, LS=(64, 9.986341638068552e-7)
step=545, |div U|=0.0006770445615984499, LS=(56, 9.95467644315795e-7)
step=546, |div U|=0.0005530198686756194, LS=(46, 9.999951089412207e-7)
step=547, |div U|=0.00043791625648736954, LS=(38, 9.992741070163902e-7)
step=548, |div U|=0.0003430832002777606, LS=(30, 9.994685115088942e-7)
step=549, |div U|=0.0002887908776756376, LS=(25, 9.930244004863198e-7)
step=550, |div U|=0.00029100352548994124, LS=(23, 9.91974388853123e-7)
step=551, |div U|=0.00034297583624720573, LS=(27, 9.887145324682933e-7)
step=552, |div U|=0.00042543583549559116, LS=(37, 9.89930867945077e-7)
step=553, |div U|=0.000525872630532831, LS=(53, 9.995922027883353e-7)
step=554, |div U|=0.0006362975109368563, LS=(72, 9.979286232919549e-7)
step=555, |div U|=0.0007456984021700919, LS=(77, 9.969140819521272e-7)
step=556, |div U|=0.0008478331146761775, LS=(74, 9.963480351871112e-7)
step=557, |div U|=0.0009419718408025801, LS=(74, 9.997489769375534e-7)
step=558, |div U|=0.0010286185424774885, LS=(78, 9.995839036491816e-7)
step=559, |div U|=0.001106330193579197, LS=(83, 9.937310778695974e-7)
step=560, |div U|=0.0011722155613824725, LS=(86, 9.980058166547678e-7)
step=561, |div U|=0.001226295018568635, LS=(91, 9.986521263272152e-7)
step=562, |div U|=0.0012673622695729136, LS=(94, 9.984588587030885e-7)
step=563, |div U|=0.001295106834731996, LS=(96, 9.95341906673275e-7)
step=564, |div U|=0.0013088922714814544, LS=(96, 9.942998531187186e-7)
step=565, |div U|=0.0013086242834106088, LS=(95, 9.973709893529303e-7)
step=566, |div U|=0.0012952265096828341, LS=(95, 9.942189080902608e-7)
step=567, |div U|=0.0012678186176344752, LS=(92, 9.972965244742227e-7)
step=568, |div U|=0.0012276122579351068, LS=(90, 9.976854471460683e-7)
step=569, |div U|=0.0011750854318961501, LS=(87, 9.947380021912977e-7)
step=570, |div U|=0.0011102900607511401, LS=(82, 9.962465128410258e-7)
step=571, |div U|=0.001034509507007897, LS=(77, 9.986321174437762e-7)
step=572, |div U|=0.000949129112996161, LS=(72, 9.957325346476864e-7)
step=573, |div U|=0.0008546445751562715, LS=(65, 9.94975152934785e-7)
step=574, |div U|=0.0007527264533564448, LS=(58, 9.931865179169108e-7)
step=575, |div U|=0.0006442564772441983, LS=(49, 9.986810027839965e-7)
step=576, |div U|=0.0005321907810866833, LS=(41, 9.999764642998343e-7)
step=577, |div U|=0.0004191538318991661, LS=(32, 9.952030950444168e-7)
step=578, |div U|=0.0003090928657911718, LS=(21, 9.964957143893116e-7)
step=579, |div U|=0.0002142025768989697, LS=(12, 9.906481182042626e-7)
step=580, |div U|=0.0001610542822163552, LS=(8, 9.541334975438076e-7)
step=581, |div U|=0.00016885533113963902, LS=(8, 9.389548836225003e-7)
step=582, |div U|=0.00021928324713371694, LS=(13, 9.712789506011177e-7)
step=583, |div U|=0.00029262262978591025, LS=(22, 9.9455576219043e-7)
step=584, |div U|=0.0003833528026007116, LS=(37, 9.888448175843223e-7)
step=585, |div U|=0.0004858620523009449, LS=(59, 9.938540870280121e-7)
step=586, |div U|=0.0005915503716096282, LS=(79, 9.978657544706948e-7)
step=587, |div U|=0.0006884838221594691, LS=(75, 9.983154996007215e-7)
step=588, |div U|=0.0007744208560325205, LS=(69, 9.99459189188201e-7)
step=589, |div U|=0.0008535649976693094, LS=(72, 9.937319873642991e-7)
step=590, |div U|=0.0009238795028068125, LS=(73, 9.972534371627262e-7)
step=591, |div U|=0.0009852632647380233, LS=(77, 9.944362773239845e-7)
step=592, |div U|=0.0010355912381783128, LS=(80, 9.972224006560282e-7)
step=593, |div U|=0.001075243460945785, LS=(85, 9.93891717371298e-7)
step=594, |div U|=0.0011021982645615935, LS=(86, 9.999351959777414e-7)
step=595, |div U|=0.0011180697474628687, LS=(89, 9.941305734173511e-7)
step=596, |div U|=0.0011209059739485383, LS=(87, 9.978439265978523e-7)
step=597, |div U|=0.001112322323024273, LS=(87, 9.977316040021833e-7)
step=598, |div U|=0.001092360820621252, LS=(86, 9.941717280526063e-7)
step=599, |div U|=0.0010605704737827182, LS=(83, 9.970694918592926e-7)
step=600, |div U|=0.0010183056583628058, LS=(81, 9.972018233384006e-7)
step=601, |div U|=0.0009659943170845509, LS=(78, 9.94746073956776e-7)
step=602, |div U|=0.0009036221890710294, LS=(73, 9.987275007006247e-7)
step=603, |div U|=0.0008329595439136028, LS=(69, 9.991720162361162e-7)
step=604, |div U|=0.0007547753630205989, LS=(64, 9.963360980691505e-7)
step=605, |div U|=0.0006698245997540653, LS=(58, 9.936578635461046e-7)
step=606, |div U|=0.0005790183786302805, LS=(51, 9.953690778274904e-7)
step=607, |div U|=0.00048411681200377643, LS=(44, 9.978925845643971e-7)
step=608, |div U|=0.00038724945625290275, LS=(37, 9.953397466233582e-7)
step=609, |div U|=0.0002907104208134115, LS=(29, 9.909872460411862e-7)
step=610, |div U|=0.0001996092323679477, LS=(20, 9.939287792803952e-7)
step=611, |div U|=0.00013161708193365484, LS=(12, 9.980554978028522e-7)
step=612, |div U|=0.00012317337677814066, LS=(8, 9.80318304755201e-7)
step=613, |div U|=0.0001654487132327631, LS=(7, 9.856290716925287e-7)
step=614, |div U|=0.00021975843992549926, LS=(8, 9.929733550961828e-7)
step=615, |div U|=0.0002776439068838954, LS=(12, 9.68327412920189e-7)
step=616, |div U|=0.00034240217064507306, LS=(22, 9.78744878921134e-7)
step=617, |div U|=0.0004157062794547528, LS=(40, 9.98619157144276e-7)
step=618, |div U|=0.0004948815330862999, LS=(62, 9.955929272109643e-7)
step=619, |div U|=0.0005703007918782532, LS=(67, 9.975876764656277e-7)
step=620, |div U|=0.0006360298139043152, LS=(60, 9.98983864519687e-7)
step=621, |div U|=0.0006937106372788548, LS=(59, 9.983386917156167e-7)
step=622, |div U|=0.0007451148703694344, LS=(61, 9.944322982846643e-7)
step=623, |div U|=0.0007890491979196668, LS=(62, 9.92925492937502e-7)
step=624, |div U|=0.0008243671618402004, LS=(63, 9.981076800613664e-7)
step=625, |div U|=0.000851350836455822, LS=(66, 9.999577059716103e-7)
step=626, |div U|=0.0008695567375980318, LS=(69, 9.973806527341367e-7)
step=627, |div U|=0.0008780451025813818, LS=(70, 9.980344657378737e-7)
step=628, |div U|=0.0008773807785473764, LS=(71, 9.942834822140867e-7)
step=629, |div U|=0.0008667755173519254, LS=(69, 9.968756558009773e-7)
step=630, |div U|=0.0008474913774989545, LS=(68, 9.962279818864772e-7)
step=631, |div U|=0.0008192428504116833, LS=(65, 9.997096412917017e-7)
step=632, |div U|=0.0007832628325559199, LS=(63, 9.987186331272824e-7)
step=633, |div U|=0.0007398276939056814, LS=(60, 9.95117261481937e-7)
step=634, |div U|=0.000689248030539602, LS=(56, 9.932351758834557e-7)
step=635, |div U|=0.0006320188986137509, LS=(51, 9.97492406895617e-7)
step=636, |div U|=0.0005699279718101025, LS=(47, 9.971695362764876e-7)
step=637, |div U|=0.000503742543514818, LS=(42, 9.932814464264084e-7)
step=638, |div U|=0.00043370414641685784, LS=(35, 9.995439995691413e-7)
step=639, |div U|=0.0003628835256677121, LS=(30, 9.998288987844717e-7)
step=640, |div U|=0.0002931306080427021, LS=(24, 9.97439769889752e-7)
step=641, |div U|=0.00022805313346907496, LS=(18, 9.982828714782954e-7)
step=642, |div U|=0.00017508318705949932, LS=(14, 9.953758990377537e-7)
step=643, |div U|=0.00014410224684979767, LS=(12, 9.928598956321366e-7)
step=644, |div U|=0.00014210147492121905, LS=(13, 9.903544651024276e-7)
step=645, |div U|=0.00016498919285368174, LS=(16, 9.92282252809673e-7)
step=646, |div U|=0.00020477367797866464, LS=(21, 9.88980900729075e-7)
step=647, |div U|=0.0002559664426371455, LS=(28, 9.88178499028436e-7)
step=648, |div U|=0.00031467172084376216, LS=(37, 9.9894828053948e-7)
step=649, |div U|=0.0003788568719755858, LS=(50, 9.940580412148847e-7)
step=650, |div U|=0.0004413816786836833, LS=(55, 9.98880068436847e-7)
step=651, |div U|=0.0004985186969861388, LS=(55, 9.988541478378465e-7)
step=652, |div U|=0.0005489633767865598, LS=(53, 9.981943094317103e-7)
step=653, |div U|=0.0005944957374595106, LS=(54, 9.946546697392478e-7)
step=654, |div U|=0.0006348470924422145, LS=(55, 9.954428605851717e-7)
step=655, |div U|=0.0006697789067402482, LS=(57, 9.949454806701397e-7)
step=656, |div U|=0.0006982520571909845, LS=(59, 9.937432423612336e-7)
step=657, |div U|=0.0007195461657829583, LS=(61, 9.947932539944304e-7)
step=658, |div U|=0.0007335249101743102, LS=(63, 9.976726005334058e-7)
step=659, |div U|=0.0007404758362099528, LS=(65, 9.96385665530397e-7)
step=660, |div U|=0.0007398004527203739, LS=(65, 9.957437896446208e-7)
step=661, |div U|=0.0007316022529266775, LS=(64, 9.964099945136695e-7)
step=662, |div U|=0.0007165518472902477, LS=(63, 9.938399898601347e-7)
step=663, |div U|=0.0006941001047380269, LS=(60, 9.983547215597355e-7)
step=664, |div U|=0.0006660143262706697, LS=(59, 9.94787683339382e-7)
step=665, |div U|=0.0006311539327725768, LS=(55, 9.996904282161267e-7)
step=666, |div U|=0.0005914396024309099, LS=(53, 9.984166808862938e-7)
step=667, |div U|=0.0005465217982418835, LS=(49, 9.999715757658123e-7)
step=668, |div U|=0.0004979452933184803, LS=(46, 9.951612582881353e-7)
step=669, |div U|=0.0004455295274965465, LS=(41, 9.951007768904674e-7)
step=670, |div U|=0.00039051775820553303, LS=(36, 9.994466836360516e-7)
step=671, |div U|=0.00033519629505462945, LS=(32, 9.951910442396183e-7)
step=672, |div U|=0.0002802095841616392, LS=(26, 9.964176115317969e-7)
step=673, |div U|=0.00022915990848559886, LS=(21, 9.950581443263218e-7)
step=674, |div U|=0.0001866446400526911, LS=(16, 9.893236665448057e-7)
step=675, |div U|=0.000159007147885859, LS=(11, 9.948367960532778e-7)
step=676, |div U|=0.00015248086128849536, LS=(9, 9.905747901939321e-7)
step=677, |div U|=0.00016321431030519307, LS=(8, 9.875482192001073e-7)
step=678, |div U|=0.00018330059538129717, LS=(8, 9.925915946951136e-7)
step=679, |div U|=0.00020836193289142102, LS=(10, 9.481708502789843e-7)
step=680, |div U|=0.00023691396927461028, LS=(13, 9.689262014944688e-7)
step=681, |div U|=0.0002711015404202044, LS=(21, 9.924418691298342e-7)
step=682, |div U|=0.0003113159036729485, LS=(34, 9.907472531267558e-7)
step=683, |div U|=0.0003542124177329242, LS=(43, 9.99246026367473e-7)
step=684, |div U|=0.000397034571506083, LS=(49, 9.983922382161836e-7)
step=685, |div U|=0.00043471393291838467, LS=(45, 9.98717155198392e-7)
step=686, |div U|=0.0004671031783800572, LS=(43, 9.993201501856674e-7)
step=687, |div U|=0.0004958806093782187, LS=(44, 9.957886959455209e-7)
step=688, |div U|=0.000520440109539777, LS=(44, 9.97351094156329e-7)
step=689, |div U|=0.0005408470169641078, LS=(45, 9.97393613033637e-7)
step=690, |div U|=0.0005564003367908299, LS=(46, 9.957183237929712e-7)
step=691, |div U|=0.0005664900527335703, LS=(47, 9.954781035048654e-7)
step=692, |div U|=0.0005708680837415159, LS=(48, 9.980603863368742e-7)
step=693, |div U|=0.000569709634874016, LS=(49, 9.999208714361885e-7)
step=694, |div U|=0.0005634154076687992, LS=(50, 9.938679568222142e-7)
step=695, |div U|=0.0005508892936632037, LS=(48, 9.929459565682919e-7)
step=696, |div U|=0.000532777514308691, LS=(46, 9.946736554411473e-7)
step=697, |div U|=0.0005098071997053921, LS=(44, 9.943488521457766e-7)
step=698, |div U|=0.00048203193000517786, LS=(41, 9.957860811482533e-7)
step=699, |div U|=0.00045005144784227014, LS=(38, 9.97810957414913e-7)
step=700, |div U|=0.00041454611346125603, LS=(35, 9.979924016079167e-7)
step=701, |div U|=0.00037624299875460565, LS=(32, 9.938911489371094e-7)
step=702, |div U|=0.00033531858935020864, LS=(28, 9.928751296683913e-7)
step=703, |div U|=0.0002927842433564365, LS=(24, 9.96074504655553e-7)
step=704, |div U|=0.00025066695525310934, LS=(21, 9.918805972120026e-7)
step=705, |div U|=0.00020983762806281447, LS=(17, 9.917796433001058e-7)
step=706, |div U|=0.00017328624380752444, LS=(14, 9.930225814969162e-7)
step=707, |div U|=0.00014450498565565795, LS=(12, 9.921756145558902e-7)
step=708, |div U|=0.00012678283383138478, LS=(11, 9.912406540024676e-7)
step=709, |div U|=0.00012171877460787073, LS=(11, 9.9693988886429e-7)
step=710, |div U|=0.0001283527963096276, LS=(13, 9.884836345008807e-7)
step=711, |div U|=0.00014433245814871043, LS=(15, 9.889619150271756e-7)
step=712, |div U|=0.00016846168728079647, LS=(19, 9.858555358732701e-7)
step=713, |div U|=0.00019929639529436827, LS=(24, 9.890359251585323e-7)
step=714, |div U|=0.00023559255350846797, LS=(31, 9.924518735715537e-7)
step=715, |div U|=0.00027487732586450875, LS=(38, 9.939221854438074e-7)
step=716, |div U|=0.0003132773854304105, LS=(41, 9.960865554603515e-7)
step=717, |div U|=0.0003483555046841502, LS=(41, 9.935631624102825e-7)
step=718, |div U|=0.00037877075374126434, LS=(39, 9.978704156310414e-7)
step=719, |div U|=0.0004064649110659957, LS=(40, 9.992616014642408e-7)
step=720, |div U|=0.0004314203397370875, LS=(41, 9.988647207137547e-7)
step=721, |div U|=0.0004530640144366771, LS=(42, 9.9707460776699e-7)
step=722, |div U|=0.00047066318802535534, LS=(43, 9.941699090632028e-7)
step=723, |div U|=0.0004836063308175653, LS=(44, 9.92649461295514e-7)
step=724, |div U|=0.0004916072939522564, LS=(45, 9.94693778011424e-7)
step=725, |div U|=0.00049475027481094, LS=(46, 9.989199725168874e-7)
step=726, |div U|=0.0004933594027534127, LS=(47, 9.995958407671424e-7)
step=727, |div U|=0.00048727262765169144, LS=(47, 9.966100833480596e-7)
step=728, |div U|=0.0004758010327350348, LS=(45, 9.992671721192892e-7)
step=729, |div U|=0.0004601740511134267, LS=(44, 9.97354391074623e-7)
step=730, |div U|=0.0004403074854053557, LS=(42, 9.938873972714646e-7)
step=731, |div U|=0.0004160244425293058, LS=(39, 9.961671594282961e-7)
step=732, |div U|=0.00038852987927384675, LS=(37, 9.950905450750724e-7)
step=733, |div U|=0.0003577454772312194, LS=(34, 9.955844006981351e-7)
step=734, |div U|=0.00032432249281555414, LS=(31, 9.968709946406307e-7)
step=735, |div U|=0.0002890517935156822, LS=(28, 9.964776381821139e-7)
step=736, |div U|=0.00025289974291808903, LS=(25, 9.91352408163948e-7)
step=737, |div U|=0.000216353073483333, LS=(21, 9.902470310407807e-7)
step=738, |div U|=0.00018115607963409275, LS=(17, 9.953751032298896e-7)
step=739, |div U|=0.00015049056673888117, LS=(14, 9.941483085640357e-7)
step=740, |div U|=0.000127609062474221, LS=(11, 9.899846418193192e-7)
step=741, |div U|=0.00011601734149735421, LS=(9, 9.825625966186635e-7)
step=742, |div U|=0.00011592709779506549, LS=(8, 9.667489848652622e-7)
step=743, |div U|=0.00012447190238162875, LS=(7, 9.869654604699463e-7)
step=744, |div U|=0.00013623743143398315, LS=(8, 9.23133939068066e-7)
step=745, |div U|=0.00015035820251796395, LS=(7, 9.94037918644608e-7)
step=746, |div U|=0.00016549967403989285, LS=(9, 9.72751877270639e-7)
step=747, |div U|=0.00018208185792900622, LS=(11, 9.81341713668371e-7)
step=748, |div U|=0.00020163727458566427, LS=(16, 9.910519338518498e-7)
step=749, |div U|=0.00022475526202470064, LS=(24, 9.97739448393986e-7)
step=750, |div U|=0.00025079140323214233, LS=(32, 9.991791785068926e-7)
step=751, |div U|=0.0002768363629002124, LS=(35, 9.997830829888699e-7)
step=752, |div U|=0.0002997478295583278, LS=(33, 9.99950884761347e-7)
step=753, |div U|=0.00031927390955388546, LS=(32, 9.94740730675403e-7)
step=754, |div U|=0.00033550133230164647, LS=(31, 9.95697178041155e-7)
step=755, |div U|=0.0003498051664792001, LS=(32, 9.952921118383529e-7)
step=756, |div U|=0.0003613467270042747, LS=(32, 9.970704013539944e-7)
step=757, |div U|=0.00036972921225242317, LS=(32, 9.985944871004904e-7)
step=758, |div U|=0.0003745906869880855, LS=(32, 9.994381571232225e-7)
step=759, |div U|=0.00037636756314896047, LS=(33, 9.919650665324298e-7)
step=760, |div U|=0.0003736067737918347, LS=(32, 9.956078201867058e-7)
step=761, |div U|=0.0003678424400277436, LS=(33, 9.933809224094148e-7)
step=762, |div U|=0.0003581191413104534, LS=(32, 9.958170039681136e-7)
step=763, |div U|=0.00034494735882617533, LS=(31, 9.989630598283838e-7)
step=764, |div U|=0.000328950205584988, LS=(30, 9.963190450434922e-7)
step=765, |div U|=0.00031005238997749984, LS=(28, 9.910878588925698e-7)
step=766, |div U|=0.00028822169406339526, LS=(25, 9.90634021036385e-7)
step=767, |div U|=0.00026411039289087057, LS=(22, 9.955323321264586e-7)
step=768, |div U|=0.0002391363523202017, LS=(20, 9.929284487952827e-7)
step=769, |div U|=0.00021323638793546706, LS=(17, 9.913641179082333e-7)
step=770, |div U|=0.00018731618183664978, LS=(14, 9.958026794265606e-7)
step=771, |div U|=0.00016324744501616806, LS=(12, 9.94016659205954e-7)
step=772, |div U|=0.00014217410353012383, LS=(10, 9.92727791526704e-7)
step=773, |div U|=0.0001256943796761334, LS=(9, 9.762168247107184e-7)
step=774, |div U|=0.0001144425623351708, LS=(8, 9.64632818067912e-7)
step=775, |div U|=0.00010949828720185906, LS=(7, 9.949271770892665e-7)
step=776, |div U|=0.00010839064634637907, LS=(8, 9.60003035288537e-7)
step=777, |div U|=0.00011124890443170443, LS=(8, 9.64393962021859e-7)
step=778, |div U|=0.00011730220285244286, LS=(9, 9.801020723898546e-7)
step=779, |div U|=0.00012617657193914056, LS=(11, 9.878272066998761e-7)
step=780, |div U|=0.0001383307098876685, LS=(14, 9.88204988061625e-7)
step=781, |div U|=0.0001541480014566332, LS=(17, 9.982292112908908e-7)
step=782, |div U|=0.00017399174976162612, LS=(22, 9.994973879656754e-7)
step=783, |div U|=0.00019674123905133456, LS=(27, 9.948789738700725e-7)
step=784, |div U|=0.00021962336904834956, LS=(29, 9.97847337202984e-7)
step=785, |div U|=0.00024152187688741833, LS=(31, 9.933119144989178e-7)
step=786, |div U|=0.00025995125179179013, LS=(29, 9.97880761133274e-7)
step=787, |div U|=0.0002766424440778792, LS=(30, 9.964019227481913e-7)
step=788, |div U|=0.000291243166429922, LS=(30, 9.976103001463343e-7)
step=789, |div U|=0.00030434856307692826, LS=(31, 9.94941274257144e-7)
step=790, |div U|=0.00031494456925429404, LS=(31, 9.947463013304514e-7)
step=791, |div U|=0.0003225922700949013, LS=(31, 9.967874348149053e-7)
step=792, |div U|=0.00032771890982985497, LS=(32, 9.910246490107966e-7)
step=793, |div U|=0.00032871257280930877, LS=(31, 9.98893142423185e-7)
step=794, |div U|=0.00032776681473478675, LS=(33, 9.942149290509406e-7)
step=795, |div U|=0.0003236277843825519, LS=(33, 9.9151498034189e-7)
step=796, |div U|=0.00031587827834300697, LS=(32, 9.98052314571396e-7)
step=797, |div U|=0.00030569222872145474, LS=(32, 9.996848575610784e-7)
step=798, |div U|=0.00029295627609826624, LS=(31, 9.974069143936504e-7)
step=799, |div U|=0.00027748613501898944, LS=(29, 9.973379064831533e-7)
step=800, |div U|=0.00025979644851759076, LS=(27, 9.988320925913285e-7)
step=801, |div U|=0.00024108614888973534, LS=(26, 9.897313475448755e-7)
step=802, |div U|=0.000219819659832865, LS=(22, 9.984983080357779e-7)
step=803, |div U|=0.0001986480929190293, LS=(21, 9.97680672298884e-7)
step=804, |div U|=0.0001775176206137985, LS=(19, 9.907281537380186e-7)
step=805, |div U|=0.00015659283963032067, LS=(16, 9.934645959219779e-7)
step=806, |div U|=0.00013759431021753699, LS=(14, 9.98325958789792e-7)
step=807, |div U|=0.00012208377302158624, LS=(13, 9.875872137854458e-7)
step=808, |div U|=0.0001106202180380933, LS=(11, 9.81025664259505e-7)
step=809, |div U|=0.00010436264710733667, LS=(10, 9.71794634097023e-7)
step=810, |div U|=0.00010319292778149247, LS=(9, 9.691530067357235e-7)
step=811, |div U|=0.00010656807717168704, LS=(8, 9.921658374878461e-7)
step=812, |div U|=0.00011188584176125005, LS=(9, 9.577694299878203e-7)
step=813, |div U|=0.00011885831190738827, LS=(8, 9.746737532623229e-7)
step=814, |div U|=0.0001265938626602292, LS=(9, 9.616724128136411e-7)
step=815, |div U|=0.00013472544378601015, LS=(9, 9.792024684429634e-7)
step=816, |div U|=0.0001434043369954452, LS=(10, 9.95702521322528e-7)
step=817, |div U|=0.00015284154505934566, LS=(12, 9.982851452150499e-7)
step=818, |div U|=0.00016339196008630097, LS=(15, 9.955028872354887e-7)
step=819, |div U|=0.00017481653776485473, LS=(18, 9.986981694964925e-7)
step=820, |div U|=0.00018743600230664015, LS=(22, 9.92078525996476e-7)
step=821, |div U|=0.00019912239804398268, LS=(22, 9.944224075297825e-7)
step=822, |div U|=0.00020958516688551754, LS=(22, 9.982007895814604e-7)
step=823, |div U|=0.00021867893519811332, LS=(22, 9.990596936404472e-7)
step=824, |div U|=0.00022638087102677673, LS=(22, 9.967624237106065e-7)
step=825, |div U|=0.00023270008387044072, LS=(22, 9.928015742843854e-7)
step=826, |div U|=0.00023692187096457928, LS=(21, 9.986491704694345e-7)
step=827, |div U|=0.0002404289407422766, LS=(22, 9.925614676831174e-7)
step=828, |div U|=0.00024157720326911658, LS=(21, 9.9276542186999e-7)
step=829, |div U|=0.00024107469653245062, LS=(21, 9.89793647931947e-7)
step=830, |div U|=0.00023817950568627566, LS=(20, 9.938328275893582e-7)
step=831, |div U|=0.0002338068443350494, LS=(20, 9.9277440313017e-7)
step=832, |div U|=0.00022733483638148755, LS=(19, 9.964185210264986e-7)
step=833, |div U|=0.00021980228484608233, LS=(19, 9.916604994941736e-7)
step=834, |div U|=0.00021068568457849324, LS=(18, 9.877901447907789e-7)
step=835, |div U|=0.00019972062727902085, LS=(16, 9.967055802917457e-7)
step=836, |div U|=0.00018887934857048094, LS=(16, 9.884739711196744e-7)
step=837, |div U|=0.00017688970547169447, LS=(14, 9.874843271973077e-7)
step=838, |div U|=0.00016444253560621291, LS=(12, 9.991454135160893e-7)
step=839, |div U|=0.0001532510359538719, LS=(12, 9.787814860828803e-7)
step=840, |div U|=0.0001421010383637622, LS=(10, 9.774956879482488e-7)
step=841, |div U|=0.0001323520700680092, LS=(9, 9.799960025702603e-7)
step=842, |div U|=0.0001243913866346702, LS=(8, 9.925674930855166e-7)
step=843, |div U|=0.00011800890206359327, LS=(8, 9.690214710644796e-7)
step=844, |div U|=0.00011365733371349052, LS=(7, 9.867025028142962e-7)
step=845, |div U|=0.00011096129310317338, LS=(7, 9.940396239471738e-7)
step=846, |div U|=0.00010956864571198821, LS=(7, 9.953785138350213e-7)
step=847, |div U|=0.00010811896208906546, LS=(8, 9.425297093912377e-7)
step=848, |div U|=0.0001092431994038634, LS=(7, 9.90163584901893e-7)
step=849, |div U|=0.00011058644304284826, LS=(9, 9.655653911977424e-7)
step=850, |div U|=0.00011350679415045306, LS=(9, 9.888838121696608e-7)
step=851, |div U|=0.00011785336391767487, LS=(11, 9.95259370029089e-7)
step=852, |div U|=0.00012397582759149373, LS=(14, 9.824343578657135e-7)
step=853, |div U|=0.00013175565982237458, LS=(15, 9.907631692840368e-7)
step=854, |div U|=0.00014169020869303495, LS=(18, 9.915686405292945e-7)
step=855, |div U|=0.00015246593102347106, LS=(19, 9.987671774069895e-7)
step=856, |div U|=0.00016396080900449306, LS=(21, 9.980254844776937e-7)
step=857, |div U|=0.00017532517085783184, LS=(22, 9.90944386103365e-7)
step=858, |div U|=0.00018523356993682683, LS=(21, 9.949648074325523e-7)
step=859, |div U|=0.0001946900156326592, LS=(22, 9.955234645531164e-7)
step=860, |div U|=0.00020305864745751023, LS=(22, 9.99207600216323e-7)
step=861, |div U|=0.0002108178159687668, LS=(23, 9.96009589471214e-7)
step=862, |div U|=0.00021706699044443667, LS=(23, 9.944869816536084e-7)
step=863, |div U|=0.00022152898600324988, LS=(23, 9.95881350718264e-7)
step=864, |div U|=0.00022407919459510595, LS=(23, 9.994295169235556e-7)
step=865, |div U|=0.00022534007439389825, LS=(24, 9.925610129357665e-7)
step=866, |div U|=0.00022394390543922782, LS=(23, 9.97065285446297e-7)
step=867, |div U|=0.00022134855680633336, LS=(24, 9.934793752108817e-7)
step=868, |div U|=0.00021642851061187685, LS=(23, 9.98466816781729e-7)
step=869, |div U|=0.00021070463117212057, LS=(24, 9.906048035190906e-7)
step=870, |div U|=0.000202538663870655, LS=(22, 9.944384373739013e-7)
step=871, |div U|=0.00019350359798409045, LS=(22, 9.909733762469841e-7)
step=872, |div U|=0.00018278897914569825, LS=(20, 9.946841146302177e-7)
step=873, |div U|=0.00017140961426775903, LS=(19, 9.961971727534547e-7)
step=874, |div U|=0.0001597601076355204, LS=(18, 9.912749874274596e-7)
step=875, |div U|=0.00014765531523153186, LS=(16, 9.917290526573197e-7)
step=876, |div U|=0.00013610225869342685, LS=(15, 9.873904218693497e-7)
step=877, |div U|=0.0001251413341378793, LS=(13, 9.921866421791492e-7)
step=878, |div U|=0.00011579253623494878, LS=(12, 9.946834325091913e-7)
step=879, |div U|=0.0001083980459952727, LS=(11, 9.9348744697636e-7)
step=880, |div U|=0.00010320929141016677, LS=(10, 9.92623313322838e-7)
step=881, |div U|=0.00010050672426586971, LS=(9, 9.998643690778408e-7)
step=882, |div U|=9.963247430277988e-5, LS=(9, 9.862998240350862e-7)
step=883, |div U|=0.00010076005855808035, LS=(8, 9.940572454070207e-7)
step=884, |div U|=0.00010303726594429463, LS=(8, 9.914933798427228e-7)
step=885, |div U|=0.00010584051051409915, LS=(8, 9.777452305570478e-7)
step=886, |div U|=0.00010897835454670712, LS=(8, 9.627691497371416e-7)
step=887, |div U|=0.00011235578131163493, LS=(8, 9.556993063597474e-7)
step=888, |div U|=0.00011602306767599657, LS=(8, 9.625019856684958e-7)
step=889, |div U|=0.00011992025974905118, LS=(8, 9.85013116405753e-7)
step=890, |div U|=0.0001236650423379615, LS=(9, 9.741349913383601e-7)
step=891, |div U|=0.0001274066889891401, LS=(9, 9.909342679748079e-7)
step=892, |div U|=0.00013127764395903796, LS=(10, 9.986553095586714e-7)
step=893, |div U|=0.00013552611926570535, LS=(12, 9.811370773604722e-7)
step=894, |div U|=0.0001394135906593874, LS=(12, 9.943216809915612e-7)
step=895, |div U|=0.00014393798483069986, LS=(14, 9.916205954141333e-7)
step=896, |div U|=0.00014800205826759338, LS=(14, 9.985151336877607e-7)
step=897, |div U|=0.00015216824249364436, LS=(15, 9.953793096428853e-7)
step=898, |div U|=0.00015580066246911883, LS=(15, 9.912247378451866e-7)
step=899, |div U|=0.0001583380508236587, LS=(14, 9.991732667913311e-7)
step=900, |div U|=0.00016104747192002833, LS=(15, 9.897885320242494e-7)
step=901, |div U|=0.00016243428399320692, LS=(14, 9.924798405336333e-7)
step=902, |div U|=0.00016323632735293359, LS=(14, 9.925524864229374e-7)
step=903, |div U|=0.00016337101988028735, LS=(14, 9.87187718237692e-7)
step=904, |div U|=0.00016213851631619036, LS=(13, 9.944362773239845e-7)
step=905, |div U|=0.0001604036515345797, LS=(13, 9.936710512192803e-7)
step=906, |div U|=0.0001580770913278684, LS=(13, 9.823980917644803e-7)
step=907, |div U|=0.00015457063273061067, LS=(12, 9.836521712713875e-7)
step=908, |div U|=0.0001503071398474276, LS=(11, 9.997542065320886e-7)
step=909, |div U|=0.0001460580388084054, LS=(11, 9.994357696996303e-7)
step=910, |div U|=0.000141623240779154, LS=(11, 9.824957487580832e-7)
step=911, |div U|=0.00013660345575772226, LS=(10, 9.831234137891443e-7)
step=912, |div U|=0.00013171941100154072, LS=(10, 9.707972594696912e-7)
step=913, |div U|=0.00012674798199441284, LS=(9, 9.79013975666021e-7)
step=914, |div U|=0.00012208086263854057, LS=(9, 9.710106496640947e-7)
step=915, |div U|=0.00011782230285461992, LS=(8, 9.909259688356542e-7)
step=916, |div U|=0.00011408527643652633, LS=(8, 9.946020327333827e-7)
step=917, |div U|=0.00011043860286008567, LS=(8, 9.8074997367803e-7)
step=918, |div U|=0.00010695620585465804, LS=(8, 9.595828487363178e-7)
step=919, |div U|=0.00010482136713108048, LS=(7, 9.952699429049972e-7)
step=920, |div U|=0.00010239469702355564, LS=(8, 9.723936500449781e-7)
step=921, |div U|=0.00010022238711826503, LS=(8, 9.517747230347595e-7)
step=922, |div U|=9.885957842925563e-5, LS=(8, 9.501359841124213e-7)
step=923, |div U|=9.855554526438937e-5, LS=(8, 9.683031976237544e-7)
step=924, |div U|=9.860637510428205e-5, LS=(9, 9.624760650694952e-7)
step=925, |div U|=9.963544289348647e-5, LS=(9, 9.786330110728159e-7)
step=926, |div U|=0.00010141736129298806, LS=(10, 9.88389615486085e-7)
step=927, |div U|=0.00010401825420558453, LS=(11, 9.9467251857277e-7)
step=928, |div U|=0.0001074861065717414, LS=(13, 9.83000973064918e-7)
step=929, |div U|=0.00011179720604559407, LS=(13, 9.884751079880516e-7)
step=930, |div U|=0.0001170324903796427, LS=(14, 9.95922619040357e-7)
step=931, |div U|=0.00012316802167333663, LS=(16, 9.884495284495642e-7)
step=932, |div U|=0.0001290102954953909, LS=(15, 9.98714313027449e-7)
step=933, |div U|=0.00013552888412959874, LS=(17, 9.93990965980629e-7)
step=934, |div U|=0.00014170182112138718, LS=(17, 9.908801530400524e-7)
step=935, |div U|=0.00014735346485394984, LS=(17, 9.92503260022204e-7)
step=936, |div U|=0.0001523503306088969, LS=(17, 9.991268825615407e-7)
step=937, |div U|=0.0001570863969391212, LS=(18, 9.96096559902071e-7)
step=938, |div U|=0.00016085634706541896, LS=(18, 9.928663757818867e-7)
step=939, |div U|=0.0001634985819691792, LS=(18, 9.915298733176314e-7)
step=940, |div U|=0.0001649533078307286, LS=(18, 9.920831871568225e-7)
step=941, |div U|=0.0001652248902246356, LS=(18, 9.934753961715614e-7)
step=942, |div U|=0.00016434991266578436, LS=(18, 9.943859140548739e-7)
step=943, |div U|=0.00016242751735262573, LS=(18, 9.934481113305083e-7)
step=944, |div U|=0.00015957318828441203, LS=(18, 9.894135928334435e-7)
step=945, |div U|=0.0001553852198412642, LS=(17, 9.934889249052503e-7)
step=946, |div U|=0.00015063984028529376, LS=(17, 9.931233080351376e-7)
step=947, |div U|=0.00014504115097224712, LS=(16, 9.965394838218344e-7)
step=948, |div U|=0.00013929155829828233, LS=(16, 9.90168473435915e-7)
step=949, |div U|=0.00013267928443383425, LS=(14, 9.982666142605012e-7)
step=950, |div U|=0.00012645500828512013, LS=(14, 9.9553176369227e-7)
step=951, |div U|=0.00012031636288156733, LS=(13, 9.914499514707131e-7)
step=952, |div U|=0.00011450077727204189, LS=(12, 9.889532748275087e-7)
step=953, |div U|=0.00010933031444437802, LS=(11, 9.903113777909311e-7)
step=954, |div U|=0.00010514360474189743, LS=(10, 9.985870974560385e-7)
step=955, |div U|=0.00010187362931901589, LS=(10, 9.879167919280007e-7)
step=956, |div U|=9.954440611181781e-5, LS=(9, 9.864041885521146e-7)
step=957, |div U|=9.789935575099662e-5, LS=(9, 9.695107792140334e-7)
step=958, |div U|=9.741118992678821e-5, LS=(8, 9.749446689966135e-7)
step=959, |div U|=9.752030746312812e-5, LS=(8, 9.699039082988747e-7)
step=960, |div U|=9.77800737018697e-5, LS=(8, 9.491557761975855e-7)
step=961, |div U|=9.933360706781968e-5, LS=(7, 9.752602636581287e-7)
step=962, |div U|=9.999140456784517e-5, LS=(8, 9.385182693222305e-7)
step=963, |div U|=0.00010157152428291738, LS=(7, 9.535503409097146e-7)
step=964, |div U|=0.00010361817112425342, LS=(7, 9.780336540643475e-7)
step=965, |div U|=0.00010571826715022326, LS=(7, 9.981112043533358e-7)
step=966, |div U|=0.0001063825620803982, LS=(8, 9.496500297245802e-7)
step=967, |div U|=0.00010798249422805384, LS=(7, 9.745239140102058e-7)
step=968, |div U|=0.00010907850082730874, LS=(8, 9.601562851457857e-7)
step=969, |div U|=0.00011015479685738683, LS=(8, 9.572854651196394e-7)
step=970, |div U|=0.00011144999734824523, LS=(8, 9.72528482634516e-7)
step=971, |div U|=0.000112540801637806, LS=(9, 9.56066173785075e-7)
step=972, |div U|=0.00011399215873098001, LS=(8, 9.969265875042765e-7)
step=973, |div U|=0.00011532611097209156, LS=(10, 9.704715466796188e-7)
step=974, |div U|=0.00011661666940199211, LS=(9, 9.903679938361165e-7)
step=975, |div U|=0.00011804120731540024, LS=(10, 9.904763373924652e-7)
step=976, |div U|=0.00011934980284422636, LS=(10, 9.954238748832722e-7)
step=977, |div U|=0.00012067637726431713, LS=(11, 9.789595196707523e-7)
step=978, |div U|=0.00012153718853369355, LS=(10, 9.926611710397992e-7)
step=979, |div U|=0.00012256234185770154, LS=(11, 9.826914038058021e-7)
step=980, |div U|=0.00012305159179959446, LS=(10, 9.973540500141098e-7)
step=981, |div U|=0.0001235881936736405, LS=(11, 9.835324590312666e-7)
step=982, |div U|=0.00012350572797004133, LS=(10, 9.934132094713277e-7)
step=983, |div U|=0.00012338934175204486, LS=(11, 9.736902484291932e-7)
step=984, |div U|=0.00012257190246600658, LS=(10, 9.77554805103864e-7)
step=985, |div U|=0.0001215995434904471, LS=(10, 9.79781361820642e-7)
step=986, |div U|=0.00012036044790875167, LS=(10, 9.743623650138034e-7)
step=987, |div U|=0.00011884829291375354, LS=(9, 9.957576594388229e-7)
step=988, |div U|=0.00011722392810042948, LS=(10, 9.734067134559155e-7)
step=989, |div U|=0.00011523726425366476, LS=(9, 9.770723181645735e-7)
step=990, |div U|=0.00011323321086820215, LS=(9, 9.782868346519535e-7)
step=991, |div U|=0.00011107284080935642, LS=(9, 9.70781002251897e-7)
step=992, |div U|=0.00010918590851360932, LS=(8, 9.974255590350367e-7)
step=993, |div U|=0.00010692521755117923, LS=(9, 9.734727655086317e-7)
step=994, |div U|=0.00010483987716725096, LS=(8, 9.825504321270273e-7)
step=995, |div U|=0.00010301706061000004, LS=(8, 9.927672408593935e-7)
step=996, |div U|=0.00010128822032129392, LS=(8, 9.961551086234977e-7)
step=997, |div U|=9.956355643225834e-5, LS=(8, 9.944192242983263e-7)
step=998, |div U|=9.795292862690985e-5, LS=(8, 9.919381227518898e-7)
step=999, |div U|=9.655344911152497e-5, LS=(8, 9.915131613524863e-7)
step=1000, |div U|=9.548924572300166e-5, LS=(8, 9.95183427221491e-7)
